#
# There is insufficient memory for the Java Runtime Environment to continue.
# Native memory allocation (malloc) failed to allocate 997136 bytes for Chunk::new
# Possible reasons:
#   The system is out of physical RAM or swap space
#   The process is running with CompressedOops enabled, and the Java Heap may be blocking the growth of the native heap
# Possible solutions:
#   Reduce memory load on the system
#   Increase physical memory or swap space
#   Check if swap backing store is full
#   Decrease Java heap size (-Xmx/-Xms)
#   Decrease number of Java threads
#   Decrease Java thread stack sizes (-Xss)
#   Set larger code cache with -XX:ReservedCodeCacheSize=
#   JVM is running with Unscaled Compressed Oops mode in which the Java heap is
#     placed in the first 4GB address space. The Java Heap base address is the
#     maximum limit for the native heap growth. Please use -XX:HeapBaseMinAddress
#     to set the Java Heap base and to place the Java Heap above 4GB virtual address.
# This output file may be truncated or incomplete.
#
#  Out of Memory Error (./src/hotspot/share/memory/arena.cpp:197), pid=20080, tid=23372
#
# JRE version: OpenJDK Runtime Environment (11.0.13) (build 11.0.13+0-b1751.21-8125866)
# Java VM: OpenJDK 64-Bit Server VM (11.0.13+0-b1751.21-8125866, mixed mode, tiered, compressed oops, g1 gc, windows-amd64)
# No core dump will be written. Minidumps are not enabled by default on client versions of Windows
#

---------------  S U M M A R Y ------------

Command Line: --add-opens=java.base/java.util=ALL-UNNAMED --add-opens=java.base/java.lang=ALL-UNNAMED --add-opens=java.base/java.lang.invoke=ALL-UNNAMED --add-opens=java.base/java.util=ALL-UNNAMED --add-opens=java.prefs/java.util.prefs=ALL-UNNAMED --add-opens=java.prefs/java.util.prefs=ALL-UNNAMED --add-opens=java.base/java.nio.charset=ALL-UNNAMED --add-opens=java.base/java.net=ALL-UNNAMED --add-opens=java.base/java.util.concurrent.atomic=ALL-UNNAMED -Xmx2048m -Dfile.encoding=UTF-8 -Duser.country=US -Duser.language=en -Duser.variant org.gradle.launcher.daemon.bootstrap.GradleDaemon 7.4

Host: Intel(R) Core(TM) i5-10300H CPU @ 2.50GHz, 8 cores, 15G,  Windows 10 , 64 bit Build 19041 (10.0.19041.1021)
Time: Tue Nov  1 22:32:18 2022 SE Asia Standard Time elapsed time: 2.433218 seconds (0d 0h 0m 2s)

---------------  T H R E A D  ---------------

Current thread (0x000001dffe907800):  JavaThread "C2 CompilerThread0" daemon [_thread_in_native, id=23372, stack(0x000000b0ee100000,0x000000b0ee200000)]


Current CompileTask:
C2:   2433 2040       4       java.net.URLClassLoader$1::run (5 bytes)

Stack: [0x000000b0ee100000,0x000000b0ee200000]
Native frames: (J=compiled Java code, j=interpreted, Vv=VM code, C=native code)
V  [jvm.dll+0x6100fa]
V  [jvm.dll+0x747090]
V  [jvm.dll+0x7486ad]
V  [jvm.dll+0x748d83]
V  [jvm.dll+0x24ab48]
V  [jvm.dll+0xc04dc]
V  [jvm.dll+0xc0a0c]
V  [jvm.dll+0x2bfab4]
V  [jvm.dll+0x524238]
V  [jvm.dll+0x20b193]
V  [jvm.dll+0x204ca0]
V  [jvm.dll+0x2023c2]
V  [jvm.dll+0x188e01]
V  [jvm.dll+0x21106b]
V  [jvm.dll+0x20f8c1]
V  [jvm.dll+0x70de0f]
V  [jvm.dll+0x706a75]
V  [jvm.dll+0x60ed66]
C  [ucrtbase.dll+0x21bb2]
C  [KERNEL32.DLL+0x17034]
C  [ntdll.dll+0x52651]


---------------  P R O C E S S  ---------------

Threads class SMR info:
_java_thread_list=0x000001df813434d0, length=24, elements={
0x000001dfe3b8a000, 0x000001dffe89e000, 0x000001dffe8a2800, 0x000001dffe8f8800,
0x000001dffe8fb800, 0x000001dffe8fe800, 0x000001dffe907800, 0x000001dffe90f000,
0x000001dffe91a800, 0x000001dffea8a000, 0x000001df80b1c800, 0x000001dffeb4d000,
0x000001df81064000, 0x000001df8177b000, 0x000001df803da800, 0x000001df8259d800,
0x000001df8239b000, 0x000001df8268a000, 0x000001df80f1c800, 0x000001df81108800,
0x000001df82390800, 0x000001df8134d800, 0x000001df81352000, 0x000001df8134f800
}

Java Threads: ( => current thread )
  0x000001dfe3b8a000 JavaThread "main" [_thread_blocked, id=16188, stack(0x000000b0ed500000,0x000000b0ed600000)]
  0x000001dffe89e000 JavaThread "Reference Handler" daemon [_thread_blocked, id=23348, stack(0x000000b0edc00000,0x000000b0edd00000)]
  0x000001dffe8a2800 JavaThread "Finalizer" daemon [_thread_blocked, id=1428, stack(0x000000b0edd00000,0x000000b0ede00000)]
  0x000001dffe8f8800 JavaThread "Signal Dispatcher" daemon [_thread_blocked, id=15884, stack(0x000000b0ede00000,0x000000b0edf00000)]
  0x000001dffe8fb800 JavaThread "Attach Listener" daemon [_thread_blocked, id=21320, stack(0x000000b0edf00000,0x000000b0ee000000)]
  0x000001dffe8fe800 JavaThread "Service Thread" daemon [_thread_blocked, id=22556, stack(0x000000b0ee000000,0x000000b0ee100000)]
=>0x000001dffe907800 JavaThread "C2 CompilerThread0" daemon [_thread_in_native, id=23372, stack(0x000000b0ee100000,0x000000b0ee200000)]
  0x000001dffe90f000 JavaThread "C1 CompilerThread0" daemon [_thread_blocked, id=13612, stack(0x000000b0ee200000,0x000000b0ee300000)]
  0x000001dffe91a800 JavaThread "Sweeper thread" daemon [_thread_blocked, id=19780, stack(0x000000b0ee300000,0x000000b0ee400000)]
  0x000001dffea8a000 JavaThread "Common-Cleaner" daemon [_thread_blocked, id=22164, stack(0x000000b0ee400000,0x000000b0ee500000)]
  0x000001df80b1c800 JavaThread "Daemon health stats" [_thread_blocked, id=5404, stack(0x000000b0eed00000,0x000000b0eee00000)]
  0x000001dffeb4d000 JavaThread "Incoming local TCP Connector on port 55194" [_thread_in_native, id=21284, stack(0x000000b0ee600000,0x000000b0ee700000)]
  0x000001df81064000 JavaThread "Daemon periodic checks" [_thread_blocked, id=22396, stack(0x000000b0eec00000,0x000000b0eed00000)]
  0x000001df8177b000 JavaThread "Daemon" [_thread_blocked, id=12356, stack(0x000000b0eee00000,0x000000b0eef00000)]
  0x000001df803da800 JavaThread "Handler for socket connection from /127.0.0.1:55194 to /127.0.0.1:55195" [_thread_in_native, id=5968, stack(0x000000b0eef00000,0x000000b0ef000000)]
  0x000001df8259d800 JavaThread "Cancel handler" [_thread_blocked, id=17216, stack(0x000000b0ef000000,0x000000b0ef100000)]
  0x000001df8239b000 JavaThread "Daemon worker" [_thread_in_vm, id=21792, stack(0x000000b0ef100000,0x000000b0ef200000)]
  0x000001df8268a000 JavaThread "Asynchronous log dispatcher for DefaultDaemonConnection: socket connection from /127.0.0.1:55194 to /127.0.0.1:55195" [_thread_blocked, id=15952, stack(0x000000b0ef200000,0x000000b0ef300000)]
  0x000001df80f1c800 JavaThread "Stdin handler" [_thread_blocked, id=6820, stack(0x000000b0ef300000,0x000000b0ef400000)]
  0x000001df81108800 JavaThread "Daemon client event forwarder" [_thread_blocked, id=11736, stack(0x000000b0ef400000,0x000000b0ef500000)]
  0x000001df82390800 JavaThread "C2 CompilerThread1" daemon [_thread_in_native, id=17284, stack(0x000000b0ef500000,0x000000b0ef600000)]
  0x000001df8134d800 JavaThread "Cache worker for journal cache (C:\Users\Hacking\.gradle\caches\journal-1)" [_thread_blocked, id=6720, stack(0x000000b0ef600000,0x000000b0ef700000)]
  0x000001df81352000 JavaThread "File lock request listener" [_thread_in_native, id=17584, stack(0x000000b0ef700000,0x000000b0ef800000)]
  0x000001df8134f800 JavaThread "Cache worker for file hash cache (C:\Users\Hacking\.gradle\caches\7.4\fileHashes)" [_thread_blocked, id=7892, stack(0x000000b0efb00000,0x000000b0efc00000)]

Other Threads:
  0x000001dffe898800 VMThread "VM Thread" [stack: 0x000000b0edb00000,0x000000b0edc00000] [id=18936]
  0x000001dffeac3000 WatcherThread [stack: 0x000000b0ee500000,0x000000b0ee600000] [id=16344]
  0x000001dfe3ba3800 GCTaskThread "GC Thread#0" [stack: 0x000000b0ed600000,0x000000b0ed700000] [id=2664]
  0x000001dfff426800 GCTaskThread "GC Thread#1" [stack: 0x000000b0ee700000,0x000000b0ee800000] [id=17500]
  0x000001df8033b000 GCTaskThread "GC Thread#2" [stack: 0x000000b0ee800000,0x000000b0ee900000] [id=23228]
  0x000001df800ca800 GCTaskThread "GC Thread#3" [stack: 0x000000b0ee900000,0x000000b0eea00000] [id=21920]
  0x000001dfff367000 GCTaskThread "GC Thread#4" [stack: 0x000000b0eea00000,0x000000b0eeb00000] [id=4712]
  0x000001dfff368000 GCTaskThread "GC Thread#5" [stack: 0x000000b0eeb00000,0x000000b0eec00000] [id=6324]
  0x000001df80f1d800 GCTaskThread "GC Thread#6" [stack: 0x000000b0ef800000,0x000000b0ef900000] [id=3060]
  0x000001df81109000 GCTaskThread "GC Thread#7" [stack: 0x000000b0ef900000,0x000000b0efa00000] [id=17096]
  0x000001dfe3bd5000 ConcurrentGCThread "G1 Main Marker" [stack: 0x000000b0ed700000,0x000000b0ed800000] [id=6256]
  0x000001dfe3bd8000 ConcurrentGCThread "G1 Conc#0" [stack: 0x000000b0ed800000,0x000000b0ed900000] [id=19280]
  0x000001df80b57800 ConcurrentGCThread "G1 Conc#1" [stack: 0x000000b0efa00000,0x000000b0efb00000] [id=23080]
  0x000001dffdeeb000 ConcurrentGCThread "G1 Refine#0" [stack: 0x000000b0ed900000,0x000000b0eda00000] [id=20264]
  0x000001dffdeec000 ConcurrentGCThread "G1 Young RemSet Sampling" [stack: 0x000000b0eda00000,0x000000b0edb00000] [id=17912]

Threads with active compile tasks:
C2 CompilerThread0   2446 2040       4       java.net.URLClassLoader$1::run (5 bytes)
C2 CompilerThread1   2446 2073       4       java.io.DataOutputStream::writeShort (35 bytes)

VM state:not at safepoint (normal execution)

VM Mutex/Monitor currently owned by a thread: None

Heap address: 0x0000000080000000, size: 2048 MB, Compressed Oops mode: 32-bit
Narrow klass base: 0x0000000000000000, Narrow klass shift: 3
Compressed class space size: 1073741824 Address: 0x0000000100000000

Heap:
 garbage-first heap   total 260096K, used 47222K [0x0000000080000000, 0x0000000100000000)
  region size 1024K, 41 young (41984K), 11 survivors (11264K)
 Metaspace       used 23655K, capacity 24216K, committed 24576K, reserved 1071104K
  class space    used 2992K, capacity 3220K, committed 3328K, reserved 1048576K
Heap Regions: E=young(eden), S=young(survivor), O=old, HS=humongous(starts), HC=humongous(continues), CS=collection set, F=free, A=archive, TAMS=top-at-mark-start (previous, next)
|   0|0x0000000080000000, 0x0000000080000000, 0x0000000080100000|  0%| F|  |TAMS 0x0000000080000000, 0x0000000080000000| Untracked 
|   1|0x0000000080100000, 0x0000000080100000, 0x0000000080200000|  0%| F|  |TAMS 0x0000000080100000, 0x0000000080100000| Untracked 
|   2|0x0000000080200000, 0x0000000080200000, 0x0000000080300000|  0%| F|  |TAMS 0x0000000080200000, 0x0000000080200000| Untracked 
|   3|0x0000000080300000, 0x0000000080400000, 0x0000000080400000|100%|HS|  |TAMS 0x0000000080400000, 0x0000000080300000| Complete 
|   4|0x0000000080400000, 0x0000000080500000, 0x0000000080500000|100%|HC|  |TAMS 0x0000000080500000, 0x0000000080400000| Complete 
|   5|0x0000000080500000, 0x0000000080600000, 0x0000000080600000|100%|HC|  |TAMS 0x0000000080600000, 0x0000000080500000| Complete 
|   6|0x0000000080600000, 0x0000000080700000, 0x0000000080700000|100%| O|  |TAMS 0x0000000080700000, 0x0000000080600000| Untracked 
|   7|0x0000000080700000, 0x0000000080800000, 0x0000000080800000|100%| O|  |TAMS 0x0000000080800000, 0x0000000080700000| Untracked 
|   8|0x0000000080800000, 0x0000000080900000, 0x0000000080900000|100%| O|  |TAMS 0x0000000080900000, 0x0000000080800000| Untracked 
|   9|0x0000000080900000, 0x0000000080982800, 0x0000000080a00000| 50%| O|  |TAMS 0x0000000080982800, 0x0000000080900000| Untracked 
|  10|0x0000000080a00000, 0x0000000080a00000, 0x0000000080b00000|  0%| F|  |TAMS 0x0000000080a00000, 0x0000000080a00000| Untracked 
|  11|0x0000000080b00000, 0x0000000080b00000, 0x0000000080c00000|  0%| F|  |TAMS 0x0000000080b00000, 0x0000000080b00000| Untracked 
|  12|0x0000000080c00000, 0x0000000080c00000, 0x0000000080d00000|  0%| F|  |TAMS 0x0000000080c00000, 0x0000000080c00000| Untracked 
|  13|0x0000000080d00000, 0x0000000080d00000, 0x0000000080e00000|  0%| F|  |TAMS 0x0000000080d00000, 0x0000000080d00000| Untracked 
|  14|0x0000000080e00000, 0x0000000080e00000, 0x0000000080f00000|  0%| F|  |TAMS 0x0000000080e00000, 0x0000000080e00000| Untracked 
|  15|0x0000000080f00000, 0x0000000080f00000, 0x0000000081000000|  0%| F|  |TAMS 0x0000000080f00000, 0x0000000080f00000| Untracked 
|  16|0x0000000081000000, 0x0000000081000000, 0x0000000081100000|  0%| F|  |TAMS 0x0000000081000000, 0x0000000081000000| Untracked 
|  17|0x0000000081100000, 0x0000000081100000, 0x0000000081200000|  0%| F|  |TAMS 0x0000000081100000, 0x0000000081100000| Untracked 
|  18|0x0000000081200000, 0x0000000081200000, 0x0000000081300000|  0%| F|  |TAMS 0x0000000081200000, 0x0000000081200000| Untracked 
|  19|0x0000000081300000, 0x0000000081300000, 0x0000000081400000|  0%| F|  |TAMS 0x0000000081300000, 0x0000000081300000| Untracked 
|  20|0x0000000081400000, 0x0000000081400000, 0x0000000081500000|  0%| F|  |TAMS 0x0000000081400000, 0x0000000081400000| Untracked 
|  21|0x0000000081500000, 0x0000000081500000, 0x0000000081600000|  0%| F|  |TAMS 0x0000000081500000, 0x0000000081500000| Untracked 
|  22|0x0000000081600000, 0x0000000081600000, 0x0000000081700000|  0%| F|  |TAMS 0x0000000081600000, 0x0000000081600000| Untracked 
|  23|0x0000000081700000, 0x0000000081700000, 0x0000000081800000|  0%| F|  |TAMS 0x0000000081700000, 0x0000000081700000| Untracked 
|  24|0x0000000081800000, 0x0000000081800000, 0x0000000081900000|  0%| F|  |TAMS 0x0000000081800000, 0x0000000081800000| Untracked 
|  25|0x0000000081900000, 0x0000000081900000, 0x0000000081a00000|  0%| F|  |TAMS 0x0000000081900000, 0x0000000081900000| Untracked 
|  26|0x0000000081a00000, 0x0000000081a00000, 0x0000000081b00000|  0%| F|  |TAMS 0x0000000081a00000, 0x0000000081a00000| Untracked 
|  27|0x0000000081b00000, 0x0000000081b00000, 0x0000000081c00000|  0%| F|  |TAMS 0x0000000081b00000, 0x0000000081b00000| Untracked 
|  28|0x0000000081c00000, 0x0000000081c00000, 0x0000000081d00000|  0%| F|  |TAMS 0x0000000081c00000, 0x0000000081c00000| Untracked 
|  29|0x0000000081d00000, 0x0000000081d00000, 0x0000000081e00000|  0%| F|  |TAMS 0x0000000081d00000, 0x0000000081d00000| Untracked 
|  30|0x0000000081e00000, 0x0000000081e00000, 0x0000000081f00000|  0%| F|  |TAMS 0x0000000081e00000, 0x0000000081e00000| Untracked 
|  31|0x0000000081f00000, 0x0000000081f00000, 0x0000000082000000|  0%| F|  |TAMS 0x0000000081f00000, 0x0000000081f00000| Untracked 
|  32|0x0000000082000000, 0x0000000082000000, 0x0000000082100000|  0%| F|  |TAMS 0x0000000082000000, 0x0000000082000000| Untracked 
|  33|0x0000000082100000, 0x0000000082100000, 0x0000000082200000|  0%| F|  |TAMS 0x0000000082100000, 0x0000000082100000| Untracked 
|  34|0x0000000082200000, 0x0000000082200000, 0x0000000082300000|  0%| F|  |TAMS 0x0000000082200000, 0x0000000082200000| Untracked 
|  35|0x0000000082300000, 0x0000000082300000, 0x0000000082400000|  0%| F|  |TAMS 0x0000000082300000, 0x0000000082300000| Untracked 
|  36|0x0000000082400000, 0x0000000082400000, 0x0000000082500000|  0%| F|  |TAMS 0x0000000082400000, 0x0000000082400000| Untracked 
|  37|0x0000000082500000, 0x0000000082500000, 0x0000000082600000|  0%| F|  |TAMS 0x0000000082500000, 0x0000000082500000| Untracked 
|  38|0x0000000082600000, 0x0000000082600000, 0x0000000082700000|  0%| F|  |TAMS 0x0000000082600000, 0x0000000082600000| Untracked 
|  39|0x0000000082700000, 0x0000000082700000, 0x0000000082800000|  0%| F|  |TAMS 0x0000000082700000, 0x0000000082700000| Untracked 
|  40|0x0000000082800000, 0x0000000082800000, 0x0000000082900000|  0%| F|  |TAMS 0x0000000082800000, 0x0000000082800000| Untracked 
|  41|0x0000000082900000, 0x0000000082900000, 0x0000000082a00000|  0%| F|  |TAMS 0x0000000082900000, 0x0000000082900000| Untracked 
|  42|0x0000000082a00000, 0x0000000082a00000, 0x0000000082b00000|  0%| F|  |TAMS 0x0000000082a00000, 0x0000000082a00000| Untracked 
|  43|0x0000000082b00000, 0x0000000082b00000, 0x0000000082c00000|  0%| F|  |TAMS 0x0000000082b00000, 0x0000000082b00000| Untracked 
|  44|0x0000000082c00000, 0x0000000082c00000, 0x0000000082d00000|  0%| F|  |TAMS 0x0000000082c00000, 0x0000000082c00000| Untracked 
|  45|0x0000000082d00000, 0x0000000082d00000, 0x0000000082e00000|  0%| F|  |TAMS 0x0000000082d00000, 0x0000000082d00000| Untracked 
|  46|0x0000000082e00000, 0x0000000082e00000, 0x0000000082f00000|  0%| F|  |TAMS 0x0000000082e00000, 0x0000000082e00000| Untracked 
|  47|0x0000000082f00000, 0x0000000082f00000, 0x0000000083000000|  0%| F|  |TAMS 0x0000000082f00000, 0x0000000082f00000| Untracked 
|  48|0x0000000083000000, 0x0000000083000000, 0x0000000083100000|  0%| F|  |TAMS 0x0000000083000000, 0x0000000083000000| Untracked 
|  49|0x0000000083100000, 0x0000000083100000, 0x0000000083200000|  0%| F|  |TAMS 0x0000000083100000, 0x0000000083100000| Untracked 
|  50|0x0000000083200000, 0x0000000083200000, 0x0000000083300000|  0%| F|  |TAMS 0x0000000083200000, 0x0000000083200000| Untracked 
|  51|0x0000000083300000, 0x0000000083300000, 0x0000000083400000|  0%| F|  |TAMS 0x0000000083300000, 0x0000000083300000| Untracked 
|  52|0x0000000083400000, 0x0000000083400000, 0x0000000083500000|  0%| F|  |TAMS 0x0000000083400000, 0x0000000083400000| Untracked 
|  53|0x0000000083500000, 0x0000000083500000, 0x0000000083600000|  0%| F|  |TAMS 0x0000000083500000, 0x0000000083500000| Untracked 
|  54|0x0000000083600000, 0x0000000083600000, 0x0000000083700000|  0%| F|  |TAMS 0x0000000083600000, 0x0000000083600000| Untracked 
|  55|0x0000000083700000, 0x0000000083700000, 0x0000000083800000|  0%| F|  |TAMS 0x0000000083700000, 0x0000000083700000| Untracked 
|  56|0x0000000083800000, 0x0000000083800000, 0x0000000083900000|  0%| F|  |TAMS 0x0000000083800000, 0x0000000083800000| Untracked 
|  57|0x0000000083900000, 0x0000000083900000, 0x0000000083a00000|  0%| F|  |TAMS 0x0000000083900000, 0x0000000083900000| Untracked 
|  58|0x0000000083a00000, 0x0000000083a00000, 0x0000000083b00000|  0%| F|  |TAMS 0x0000000083a00000, 0x0000000083a00000| Untracked 
|  59|0x0000000083b00000, 0x0000000083b00000, 0x0000000083c00000|  0%| F|  |TAMS 0x0000000083b00000, 0x0000000083b00000| Untracked 
|  60|0x0000000083c00000, 0x0000000083c00000, 0x0000000083d00000|  0%| F|  |TAMS 0x0000000083c00000, 0x0000000083c00000| Untracked 
|  61|0x0000000083d00000, 0x0000000083d00000, 0x0000000083e00000|  0%| F|  |TAMS 0x0000000083d00000, 0x0000000083d00000| Untracked 
|  62|0x0000000083e00000, 0x0000000083e00000, 0x0000000083f00000|  0%| F|  |TAMS 0x0000000083e00000, 0x0000000083e00000| Untracked 
|  63|0x0000000083f00000, 0x0000000083f00000, 0x0000000084000000|  0%| F|  |TAMS 0x0000000083f00000, 0x0000000083f00000| Untracked 
|  64|0x0000000084000000, 0x0000000084000000, 0x0000000084100000|  0%| F|  |TAMS 0x0000000084000000, 0x0000000084000000| Untracked 
|  65|0x0000000084100000, 0x0000000084100000, 0x0000000084200000|  0%| F|  |TAMS 0x0000000084100000, 0x0000000084100000| Untracked 
|  66|0x0000000084200000, 0x0000000084200000, 0x0000000084300000|  0%| F|  |TAMS 0x0000000084200000, 0x0000000084200000| Untracked 
|  67|0x0000000084300000, 0x0000000084300000, 0x0000000084400000|  0%| F|  |TAMS 0x0000000084300000, 0x0000000084300000| Untracked 
|  68|0x0000000084400000, 0x0000000084400000, 0x0000000084500000|  0%| F|  |TAMS 0x0000000084400000, 0x0000000084400000| Untracked 
|  69|0x0000000084500000, 0x0000000084500000, 0x0000000084600000|  0%| F|  |TAMS 0x0000000084500000, 0x0000000084500000| Untracked 
|  70|0x0000000084600000, 0x0000000084600000, 0x0000000084700000|  0%| F|  |TAMS 0x0000000084600000, 0x0000000084600000| Untracked 
|  71|0x0000000084700000, 0x0000000084700000, 0x0000000084800000|  0%| F|  |TAMS 0x0000000084700000, 0x0000000084700000| Untracked 
|  72|0x0000000084800000, 0x0000000084800000, 0x0000000084900000|  0%| F|  |TAMS 0x0000000084800000, 0x0000000084800000| Untracked 
|  73|0x0000000084900000, 0x0000000084900000, 0x0000000084a00000|  0%| F|  |TAMS 0x0000000084900000, 0x0000000084900000| Untracked 
|  74|0x0000000084a00000, 0x0000000084a00000, 0x0000000084b00000|  0%| F|  |TAMS 0x0000000084a00000, 0x0000000084a00000| Untracked 
|  75|0x0000000084b00000, 0x0000000084b00000, 0x0000000084c00000|  0%| F|  |TAMS 0x0000000084b00000, 0x0000000084b00000| Untracked 
|  76|0x0000000084c00000, 0x0000000084c00000, 0x0000000084d00000|  0%| F|  |TAMS 0x0000000084c00000, 0x0000000084c00000| Untracked 
|  77|0x0000000084d00000, 0x0000000084d00000, 0x0000000084e00000|  0%| F|  |TAMS 0x0000000084d00000, 0x0000000084d00000| Untracked 
|  78|0x0000000084e00000, 0x0000000084e00000, 0x0000000084f00000|  0%| F|  |TAMS 0x0000000084e00000, 0x0000000084e00000| Untracked 
|  79|0x0000000084f00000, 0x0000000084f00000, 0x0000000085000000|  0%| F|  |TAMS 0x0000000084f00000, 0x0000000084f00000| Untracked 
|  80|0x0000000085000000, 0x0000000085000000, 0x0000000085100000|  0%| F|  |TAMS 0x0000000085000000, 0x0000000085000000| Untracked 
|  81|0x0000000085100000, 0x0000000085100000, 0x0000000085200000|  0%| F|  |TAMS 0x0000000085100000, 0x0000000085100000| Untracked 
|  82|0x0000000085200000, 0x0000000085200000, 0x0000000085300000|  0%| F|  |TAMS 0x0000000085200000, 0x0000000085200000| Untracked 
|  83|0x0000000085300000, 0x0000000085300000, 0x0000000085400000|  0%| F|  |TAMS 0x0000000085300000, 0x0000000085300000| Untracked 
|  84|0x0000000085400000, 0x0000000085400000, 0x0000000085500000|  0%| F|  |TAMS 0x0000000085400000, 0x0000000085400000| Untracked 
|  85|0x0000000085500000, 0x0000000085500000, 0x0000000085600000|  0%| F|  |TAMS 0x0000000085500000, 0x0000000085500000| Untracked 
|  86|0x0000000085600000, 0x0000000085600000, 0x0000000085700000|  0%| F|  |TAMS 0x0000000085600000, 0x0000000085600000| Untracked 
|  87|0x0000000085700000, 0x0000000085700000, 0x0000000085800000|  0%| F|  |TAMS 0x0000000085700000, 0x0000000085700000| Untracked 
|  88|0x0000000085800000, 0x0000000085800000, 0x0000000085900000|  0%| F|  |TAMS 0x0000000085800000, 0x0000000085800000| Untracked 
|  89|0x0000000085900000, 0x0000000085900000, 0x0000000085a00000|  0%| F|  |TAMS 0x0000000085900000, 0x0000000085900000| Untracked 
|  90|0x0000000085a00000, 0x0000000085a00000, 0x0000000085b00000|  0%| F|  |TAMS 0x0000000085a00000, 0x0000000085a00000| Untracked 
|  91|0x0000000085b00000, 0x0000000085b00000, 0x0000000085c00000|  0%| F|  |TAMS 0x0000000085b00000, 0x0000000085b00000| Untracked 
|  92|0x0000000085c00000, 0x0000000085c00000, 0x0000000085d00000|  0%| F|  |TAMS 0x0000000085c00000, 0x0000000085c00000| Untracked 
|  93|0x0000000085d00000, 0x0000000085d00000, 0x0000000085e00000|  0%| F|  |TAMS 0x0000000085d00000, 0x0000000085d00000| Untracked 
|  94|0x0000000085e00000, 0x0000000085e00000, 0x0000000085f00000|  0%| F|  |TAMS 0x0000000085e00000, 0x0000000085e00000| Untracked 
|  95|0x0000000085f00000, 0x0000000085f00000, 0x0000000086000000|  0%| F|  |TAMS 0x0000000085f00000, 0x0000000085f00000| Untracked 
|  96|0x0000000086000000, 0x0000000086000000, 0x0000000086100000|  0%| F|  |TAMS 0x0000000086000000, 0x0000000086000000| Untracked 
|  97|0x0000000086100000, 0x0000000086100000, 0x0000000086200000|  0%| F|  |TAMS 0x0000000086100000, 0x0000000086100000| Untracked 
|  98|0x0000000086200000, 0x0000000086200000, 0x0000000086300000|  0%| F|  |TAMS 0x0000000086200000, 0x0000000086200000| Untracked 
|  99|0x0000000086300000, 0x0000000086300000, 0x0000000086400000|  0%| F|  |TAMS 0x0000000086300000, 0x0000000086300000| Untracked 
| 100|0x0000000086400000, 0x0000000086400000, 0x0000000086500000|  0%| F|  |TAMS 0x0000000086400000, 0x0000000086400000| Untracked 
| 101|0x0000000086500000, 0x0000000086500000, 0x0000000086600000|  0%| F|  |TAMS 0x0000000086500000, 0x0000000086500000| Untracked 
| 102|0x0000000086600000, 0x0000000086600000, 0x0000000086700000|  0%| F|  |TAMS 0x0000000086600000, 0x0000000086600000| Untracked 
| 103|0x0000000086700000, 0x0000000086700000, 0x0000000086800000|  0%| F|  |TAMS 0x0000000086700000, 0x0000000086700000| Untracked 
| 104|0x0000000086800000, 0x0000000086800000, 0x0000000086900000|  0%| F|  |TAMS 0x0000000086800000, 0x0000000086800000| Untracked 
| 105|0x0000000086900000, 0x0000000086900000, 0x0000000086a00000|  0%| F|  |TAMS 0x0000000086900000, 0x0000000086900000| Untracked 
| 106|0x0000000086a00000, 0x0000000086a00000, 0x0000000086b00000|  0%| F|  |TAMS 0x0000000086a00000, 0x0000000086a00000| Untracked 
| 107|0x0000000086b00000, 0x0000000086b00000, 0x0000000086c00000|  0%| F|  |TAMS 0x0000000086b00000, 0x0000000086b00000| Untracked 
| 108|0x0000000086c00000, 0x0000000086c00000, 0x0000000086d00000|  0%| F|  |TAMS 0x0000000086c00000, 0x0000000086c00000| Untracked 
| 109|0x0000000086d00000, 0x0000000086d00000, 0x0000000086e00000|  0%| F|  |TAMS 0x0000000086d00000, 0x0000000086d00000| Untracked 
| 110|0x0000000086e00000, 0x0000000086e00000, 0x0000000086f00000|  0%| F|  |TAMS 0x0000000086e00000, 0x0000000086e00000| Untracked 
| 111|0x0000000086f00000, 0x0000000086f00000, 0x0000000087000000|  0%| F|  |TAMS 0x0000000086f00000, 0x0000000086f00000| Untracked 
| 112|0x0000000087000000, 0x0000000087000000, 0x0000000087100000|  0%| F|  |TAMS 0x0000000087000000, 0x0000000087000000| Untracked 
| 113|0x0000000087100000, 0x0000000087100000, 0x0000000087200000|  0%| F|  |TAMS 0x0000000087100000, 0x0000000087100000| Untracked 
| 114|0x0000000087200000, 0x0000000087200000, 0x0000000087300000|  0%| F|  |TAMS 0x0000000087200000, 0x0000000087200000| Untracked 
| 115|0x0000000087300000, 0x0000000087300000, 0x0000000087400000|  0%| F|  |TAMS 0x0000000087300000, 0x0000000087300000| Untracked 
| 116|0x0000000087400000, 0x0000000087400000, 0x0000000087500000|  0%| F|  |TAMS 0x0000000087400000, 0x0000000087400000| Untracked 
| 117|0x0000000087500000, 0x0000000087500000, 0x0000000087600000|  0%| F|  |TAMS 0x0000000087500000, 0x0000000087500000| Untracked 
| 118|0x0000000087600000, 0x0000000087600000, 0x0000000087700000|  0%| F|  |TAMS 0x0000000087600000, 0x0000000087600000| Untracked 
| 119|0x0000000087700000, 0x0000000087700000, 0x0000000087800000|  0%| F|  |TAMS 0x0000000087700000, 0x0000000087700000| Untracked 
| 120|0x0000000087800000, 0x0000000087800000, 0x0000000087900000|  0%| F|  |TAMS 0x0000000087800000, 0x0000000087800000| Untracked 
| 121|0x0000000087900000, 0x0000000087900000, 0x0000000087a00000|  0%| F|  |TAMS 0x0000000087900000, 0x0000000087900000| Untracked 
| 122|0x0000000087a00000, 0x0000000087a00000, 0x0000000087b00000|  0%| F|  |TAMS 0x0000000087a00000, 0x0000000087a00000| Untracked 
| 123|0x0000000087b00000, 0x0000000087b00000, 0x0000000087c00000|  0%| F|  |TAMS 0x0000000087b00000, 0x0000000087b00000| Untracked 
| 124|0x0000000087c00000, 0x0000000087c00000, 0x0000000087d00000|  0%| F|  |TAMS 0x0000000087c00000, 0x0000000087c00000| Untracked 
| 125|0x0000000087d00000, 0x0000000087d00000, 0x0000000087e00000|  0%| F|  |TAMS 0x0000000087d00000, 0x0000000087d00000| Untracked 
| 126|0x0000000087e00000, 0x0000000087e00000, 0x0000000087f00000|  0%| F|  |TAMS 0x0000000087e00000, 0x0000000087e00000| Untracked 
| 127|0x0000000087f00000, 0x0000000087f00000, 0x0000000088000000|  0%| F|  |TAMS 0x0000000087f00000, 0x0000000087f00000| Untracked 
| 128|0x0000000088000000, 0x0000000088000000, 0x0000000088100000|  0%| F|  |TAMS 0x0000000088000000, 0x0000000088000000| Untracked 
| 129|0x0000000088100000, 0x0000000088100000, 0x0000000088200000|  0%| F|  |TAMS 0x0000000088100000, 0x0000000088100000| Untracked 
| 130|0x0000000088200000, 0x0000000088200000, 0x0000000088300000|  0%| F|  |TAMS 0x0000000088200000, 0x0000000088200000| Untracked 
| 131|0x0000000088300000, 0x0000000088300000, 0x0000000088400000|  0%| F|  |TAMS 0x0000000088300000, 0x0000000088300000| Untracked 
| 132|0x0000000088400000, 0x0000000088400000, 0x0000000088500000|  0%| F|  |TAMS 0x0000000088400000, 0x0000000088400000| Untracked 
| 133|0x0000000088500000, 0x0000000088500000, 0x0000000088600000|  0%| F|  |TAMS 0x0000000088500000, 0x0000000088500000| Untracked 
| 134|0x0000000088600000, 0x0000000088600000, 0x0000000088700000|  0%| F|  |TAMS 0x0000000088600000, 0x0000000088600000| Untracked 
| 135|0x0000000088700000, 0x0000000088700000, 0x0000000088800000|  0%| F|  |TAMS 0x0000000088700000, 0x0000000088700000| Untracked 
| 136|0x0000000088800000, 0x0000000088800000, 0x0000000088900000|  0%| F|  |TAMS 0x0000000088800000, 0x0000000088800000| Untracked 
| 137|0x0000000088900000, 0x0000000088900000, 0x0000000088a00000|  0%| F|  |TAMS 0x0000000088900000, 0x0000000088900000| Untracked 
| 138|0x0000000088a00000, 0x0000000088a00000, 0x0000000088b00000|  0%| F|  |TAMS 0x0000000088a00000, 0x0000000088a00000| Untracked 
| 139|0x0000000088b00000, 0x0000000088b00000, 0x0000000088c00000|  0%| F|  |TAMS 0x0000000088b00000, 0x0000000088b00000| Untracked 
| 140|0x0000000088c00000, 0x0000000088c9b2f0, 0x0000000088d00000| 60%| S|CS|TAMS 0x0000000088c00000, 0x0000000088c00000| Complete 
| 141|0x0000000088d00000, 0x0000000088e00000, 0x0000000088e00000|100%| S|CS|TAMS 0x0000000088d00000, 0x0000000088d00000| Complete 
| 142|0x0000000088e00000, 0x0000000088f00000, 0x0000000088f00000|100%| S|CS|TAMS 0x0000000088e00000, 0x0000000088e00000| Complete 
| 143|0x0000000088f00000, 0x0000000089000000, 0x0000000089000000|100%| S|CS|TAMS 0x0000000088f00000, 0x0000000088f00000| Complete 
| 144|0x0000000089000000, 0x0000000089100000, 0x0000000089100000|100%| S|CS|TAMS 0x0000000089000000, 0x0000000089000000| Complete 
| 145|0x0000000089100000, 0x0000000089200000, 0x0000000089200000|100%| S|CS|TAMS 0x0000000089100000, 0x0000000089100000| Complete 
| 146|0x0000000089200000, 0x0000000089300000, 0x0000000089300000|100%| S|CS|TAMS 0x0000000089200000, 0x0000000089200000| Complete 
| 147|0x0000000089300000, 0x0000000089400000, 0x0000000089400000|100%| S|CS|TAMS 0x0000000089300000, 0x0000000089300000| Complete 
| 148|0x0000000089400000, 0x0000000089500000, 0x0000000089500000|100%| S|CS|TAMS 0x0000000089400000, 0x0000000089400000| Complete 
| 149|0x0000000089500000, 0x0000000089600000, 0x0000000089600000|100%| S|CS|TAMS 0x0000000089500000, 0x0000000089500000| Complete 
| 150|0x0000000089600000, 0x0000000089700000, 0x0000000089700000|100%| S|CS|TAMS 0x0000000089600000, 0x0000000089600000| Complete 
| 151|0x0000000089700000, 0x0000000089700000, 0x0000000089800000|  0%| F|  |TAMS 0x0000000089700000, 0x0000000089700000| Untracked 
| 152|0x0000000089800000, 0x0000000089800000, 0x0000000089900000|  0%| F|  |TAMS 0x0000000089800000, 0x0000000089800000| Untracked 
| 153|0x0000000089900000, 0x0000000089900000, 0x0000000089a00000|  0%| F|  |TAMS 0x0000000089900000, 0x0000000089900000| Untracked 
| 154|0x0000000089a00000, 0x0000000089a00000, 0x0000000089b00000|  0%| F|  |TAMS 0x0000000089a00000, 0x0000000089a00000| Untracked 
| 155|0x0000000089b00000, 0x0000000089b00000, 0x0000000089c00000|  0%| F|  |TAMS 0x0000000089b00000, 0x0000000089b00000| Untracked 
| 156|0x0000000089c00000, 0x0000000089c00000, 0x0000000089d00000|  0%| F|  |TAMS 0x0000000089c00000, 0x0000000089c00000| Untracked 
| 157|0x0000000089d00000, 0x0000000089d00000, 0x0000000089e00000|  0%| F|  |TAMS 0x0000000089d00000, 0x0000000089d00000| Untracked 
| 158|0x0000000089e00000, 0x0000000089e00000, 0x0000000089f00000|  0%| F|  |TAMS 0x0000000089e00000, 0x0000000089e00000| Untracked 
| 159|0x0000000089f00000, 0x0000000089f00000, 0x000000008a000000|  0%| F|  |TAMS 0x0000000089f00000, 0x0000000089f00000| Untracked 
| 160|0x000000008a000000, 0x000000008a000000, 0x000000008a100000|  0%| F|  |TAMS 0x000000008a000000, 0x000000008a000000| Untracked 
| 161|0x000000008a100000, 0x000000008a100000, 0x000000008a200000|  0%| F|  |TAMS 0x000000008a100000, 0x000000008a100000| Untracked 
| 162|0x000000008a200000, 0x000000008a200000, 0x000000008a300000|  0%| F|  |TAMS 0x000000008a200000, 0x000000008a200000| Untracked 
| 163|0x000000008a300000, 0x000000008a300000, 0x000000008a400000|  0%| F|  |TAMS 0x000000008a300000, 0x000000008a300000| Untracked 
| 164|0x000000008a400000, 0x000000008a400000, 0x000000008a500000|  0%| F|  |TAMS 0x000000008a400000, 0x000000008a400000| Untracked 
| 165|0x000000008a500000, 0x000000008a500000, 0x000000008a600000|  0%| F|  |TAMS 0x000000008a500000, 0x000000008a500000| Untracked 
| 166|0x000000008a600000, 0x000000008a600000, 0x000000008a700000|  0%| F|  |TAMS 0x000000008a600000, 0x000000008a600000| Untracked 
| 167|0x000000008a700000, 0x000000008a700000, 0x000000008a800000|  0%| F|  |TAMS 0x000000008a700000, 0x000000008a700000| Untracked 
| 168|0x000000008a800000, 0x000000008a800000, 0x000000008a900000|  0%| F|  |TAMS 0x000000008a800000, 0x000000008a800000| Untracked 
| 169|0x000000008a900000, 0x000000008a900000, 0x000000008aa00000|  0%| F|  |TAMS 0x000000008a900000, 0x000000008a900000| Untracked 
| 170|0x000000008aa00000, 0x000000008aa00000, 0x000000008ab00000|  0%| F|  |TAMS 0x000000008aa00000, 0x000000008aa00000| Untracked 
| 171|0x000000008ab00000, 0x000000008ab00000, 0x000000008ac00000|  0%| F|  |TAMS 0x000000008ab00000, 0x000000008ab00000| Untracked 
| 172|0x000000008ac00000, 0x000000008ac00000, 0x000000008ad00000|  0%| F|  |TAMS 0x000000008ac00000, 0x000000008ac00000| Untracked 
| 173|0x000000008ad00000, 0x000000008ad00000, 0x000000008ae00000|  0%| F|  |TAMS 0x000000008ad00000, 0x000000008ad00000| Untracked 
| 174|0x000000008ae00000, 0x000000008ae00000, 0x000000008af00000|  0%| F|  |TAMS 0x000000008ae00000, 0x000000008ae00000| Untracked 
| 175|0x000000008af00000, 0x000000008af00000, 0x000000008b000000|  0%| F|  |TAMS 0x000000008af00000, 0x000000008af00000| Untracked 
| 176|0x000000008b000000, 0x000000008b000000, 0x000000008b100000|  0%| F|  |TAMS 0x000000008b000000, 0x000000008b000000| Untracked 
| 177|0x000000008b100000, 0x000000008b100000, 0x000000008b200000|  0%| F|  |TAMS 0x000000008b100000, 0x000000008b100000| Untracked 
| 178|0x000000008b200000, 0x000000008b200000, 0x000000008b300000|  0%| F|  |TAMS 0x000000008b200000, 0x000000008b200000| Untracked 
| 179|0x000000008b300000, 0x000000008b300000, 0x000000008b400000|  0%| F|  |TAMS 0x000000008b300000, 0x000000008b300000| Untracked 
| 180|0x000000008b400000, 0x000000008b400000, 0x000000008b500000|  0%| F|  |TAMS 0x000000008b400000, 0x000000008b400000| Untracked 
| 181|0x000000008b500000, 0x000000008b500000, 0x000000008b600000|  0%| F|  |TAMS 0x000000008b500000, 0x000000008b500000| Untracked 
| 182|0x000000008b600000, 0x000000008b600000, 0x000000008b700000|  0%| F|  |TAMS 0x000000008b600000, 0x000000008b600000| Untracked 
| 183|0x000000008b700000, 0x000000008b700000, 0x000000008b800000|  0%| F|  |TAMS 0x000000008b700000, 0x000000008b700000| Untracked 
| 184|0x000000008b800000, 0x000000008b800000, 0x000000008b900000|  0%| F|  |TAMS 0x000000008b800000, 0x000000008b800000| Untracked 
| 185|0x000000008b900000, 0x000000008b900000, 0x000000008ba00000|  0%| F|  |TAMS 0x000000008b900000, 0x000000008b900000| Untracked 
| 186|0x000000008ba00000, 0x000000008ba00000, 0x000000008bb00000|  0%| F|  |TAMS 0x000000008ba00000, 0x000000008ba00000| Untracked 
| 187|0x000000008bb00000, 0x000000008bb00000, 0x000000008bc00000|  0%| F|  |TAMS 0x000000008bb00000, 0x000000008bb00000| Untracked 
| 188|0x000000008bc00000, 0x000000008bc00000, 0x000000008bd00000|  0%| F|  |TAMS 0x000000008bc00000, 0x000000008bc00000| Untracked 
| 189|0x000000008bd00000, 0x000000008bd00000, 0x000000008be00000|  0%| F|  |TAMS 0x000000008bd00000, 0x000000008bd00000| Untracked 
| 190|0x000000008be00000, 0x000000008be00000, 0x000000008bf00000|  0%| F|  |TAMS 0x000000008be00000, 0x000000008be00000| Untracked 
| 191|0x000000008bf00000, 0x000000008bf00000, 0x000000008c000000|  0%| F|  |TAMS 0x000000008bf00000, 0x000000008bf00000| Untracked 
| 192|0x000000008c000000, 0x000000008c000000, 0x000000008c100000|  0%| F|  |TAMS 0x000000008c000000, 0x000000008c000000| Untracked 
| 193|0x000000008c100000, 0x000000008c100000, 0x000000008c200000|  0%| F|  |TAMS 0x000000008c100000, 0x000000008c100000| Untracked 
| 194|0x000000008c200000, 0x000000008c200000, 0x000000008c300000|  0%| F|  |TAMS 0x000000008c200000, 0x000000008c200000| Untracked 
| 195|0x000000008c300000, 0x000000008c300000, 0x000000008c400000|  0%| F|  |TAMS 0x000000008c300000, 0x000000008c300000| Untracked 
| 196|0x000000008c400000, 0x000000008c400000, 0x000000008c500000|  0%| F|  |TAMS 0x000000008c400000, 0x000000008c400000| Untracked 
| 197|0x000000008c500000, 0x000000008c500000, 0x000000008c600000|  0%| F|  |TAMS 0x000000008c500000, 0x000000008c500000| Untracked 
| 198|0x000000008c600000, 0x000000008c600000, 0x000000008c700000|  0%| F|  |TAMS 0x000000008c600000, 0x000000008c600000| Untracked 
| 199|0x000000008c700000, 0x000000008c700000, 0x000000008c800000|  0%| F|  |TAMS 0x000000008c700000, 0x000000008c700000| Untracked 
| 200|0x000000008c800000, 0x000000008c800000, 0x000000008c900000|  0%| F|  |TAMS 0x000000008c800000, 0x000000008c800000| Untracked 
| 201|0x000000008c900000, 0x000000008c900000, 0x000000008ca00000|  0%| F|  |TAMS 0x000000008c900000, 0x000000008c900000| Untracked 
| 202|0x000000008ca00000, 0x000000008ca00000, 0x000000008cb00000|  0%| F|  |TAMS 0x000000008ca00000, 0x000000008ca00000| Untracked 
| 203|0x000000008cb00000, 0x000000008cb00000, 0x000000008cc00000|  0%| F|  |TAMS 0x000000008cb00000, 0x000000008cb00000| Untracked 
| 204|0x000000008cc00000, 0x000000008cc00000, 0x000000008cd00000|  0%| F|  |TAMS 0x000000008cc00000, 0x000000008cc00000| Untracked 
| 205|0x000000008cd00000, 0x000000008cd00000, 0x000000008ce00000|  0%| F|  |TAMS 0x000000008cd00000, 0x000000008cd00000| Untracked 
| 206|0x000000008ce00000, 0x000000008ce00000, 0x000000008cf00000|  0%| F|  |TAMS 0x000000008ce00000, 0x000000008ce00000| Untracked 
| 207|0x000000008cf00000, 0x000000008cf00000, 0x000000008d000000|  0%| F|  |TAMS 0x000000008cf00000, 0x000000008cf00000| Untracked 
| 208|0x000000008d000000, 0x000000008d000000, 0x000000008d100000|  0%| F|  |TAMS 0x000000008d000000, 0x000000008d000000| Untracked 
| 209|0x000000008d100000, 0x000000008d100000, 0x000000008d200000|  0%| F|  |TAMS 0x000000008d100000, 0x000000008d100000| Untracked 
| 210|0x000000008d200000, 0x000000008d200000, 0x000000008d300000|  0%| F|  |TAMS 0x000000008d200000, 0x000000008d200000| Untracked 
| 211|0x000000008d300000, 0x000000008d300000, 0x000000008d400000|  0%| F|  |TAMS 0x000000008d300000, 0x000000008d300000| Untracked 
| 212|0x000000008d400000, 0x000000008d400000, 0x000000008d500000|  0%| F|  |TAMS 0x000000008d400000, 0x000000008d400000| Untracked 
| 213|0x000000008d500000, 0x000000008d500000, 0x000000008d600000|  0%| F|  |TAMS 0x000000008d500000, 0x000000008d500000| Untracked 
| 214|0x000000008d600000, 0x000000008d600000, 0x000000008d700000|  0%| F|  |TAMS 0x000000008d600000, 0x000000008d600000| Untracked 
| 215|0x000000008d700000, 0x000000008d700000, 0x000000008d800000|  0%| F|  |TAMS 0x000000008d700000, 0x000000008d700000| Untracked 
| 216|0x000000008d800000, 0x000000008d800000, 0x000000008d900000|  0%| F|  |TAMS 0x000000008d800000, 0x000000008d800000| Untracked 
| 217|0x000000008d900000, 0x000000008d900000, 0x000000008da00000|  0%| F|  |TAMS 0x000000008d900000, 0x000000008d900000| Untracked 
| 218|0x000000008da00000, 0x000000008da00000, 0x000000008db00000|  0%| F|  |TAMS 0x000000008da00000, 0x000000008da00000| Untracked 
| 219|0x000000008db00000, 0x000000008db00000, 0x000000008dc00000|  0%| F|  |TAMS 0x000000008db00000, 0x000000008db00000| Untracked 
| 220|0x000000008dc00000, 0x000000008dc00000, 0x000000008dd00000|  0%| F|  |TAMS 0x000000008dc00000, 0x000000008dc00000| Untracked 
| 221|0x000000008dd00000, 0x000000008dd00000, 0x000000008de00000|  0%| F|  |TAMS 0x000000008dd00000, 0x000000008dd00000| Untracked 
| 222|0x000000008de00000, 0x000000008de00000, 0x000000008df00000|  0%| F|  |TAMS 0x000000008de00000, 0x000000008de00000| Untracked 
| 223|0x000000008df00000, 0x000000008df00000, 0x000000008e000000|  0%| F|  |TAMS 0x000000008df00000, 0x000000008df00000| Untracked 
| 224|0x000000008e000000, 0x000000008e07c1c0, 0x000000008e100000| 48%| E|  |TAMS 0x000000008e000000, 0x000000008e000000| Complete 
| 225|0x000000008e100000, 0x000000008e200000, 0x000000008e200000|100%| E|CS|TAMS 0x000000008e100000, 0x000000008e100000| Complete 
| 226|0x000000008e200000, 0x000000008e300000, 0x000000008e300000|100%| E|CS|TAMS 0x000000008e200000, 0x000000008e200000| Complete 
| 227|0x000000008e300000, 0x000000008e400000, 0x000000008e400000|100%| E|CS|TAMS 0x000000008e300000, 0x000000008e300000| Complete 
| 228|0x000000008e400000, 0x000000008e500000, 0x000000008e500000|100%| E|CS|TAMS 0x000000008e400000, 0x000000008e400000| Complete 
| 229|0x000000008e500000, 0x000000008e600000, 0x000000008e600000|100%| E|CS|TAMS 0x000000008e500000, 0x000000008e500000| Complete 
| 230|0x000000008e600000, 0x000000008e700000, 0x000000008e700000|100%| E|CS|TAMS 0x000000008e600000, 0x000000008e600000| Complete 
| 231|0x000000008e700000, 0x000000008e800000, 0x000000008e800000|100%| E|CS|TAMS 0x000000008e700000, 0x000000008e700000| Complete 
| 232|0x000000008e800000, 0x000000008e900000, 0x000000008e900000|100%| E|CS|TAMS 0x000000008e800000, 0x000000008e800000| Complete 
| 233|0x000000008e900000, 0x000000008ea00000, 0x000000008ea00000|100%| E|CS|TAMS 0x000000008e900000, 0x000000008e900000| Complete 
| 234|0x000000008ea00000, 0x000000008eb00000, 0x000000008eb00000|100%| E|CS|TAMS 0x000000008ea00000, 0x000000008ea00000| Complete 
| 235|0x000000008eb00000, 0x000000008ec00000, 0x000000008ec00000|100%| E|CS|TAMS 0x000000008eb00000, 0x000000008eb00000| Complete 
| 236|0x000000008ec00000, 0x000000008ed00000, 0x000000008ed00000|100%| E|CS|TAMS 0x000000008ec00000, 0x000000008ec00000| Complete 
| 237|0x000000008ed00000, 0x000000008ee00000, 0x000000008ee00000|100%| E|CS|TAMS 0x000000008ed00000, 0x000000008ed00000| Complete 
| 238|0x000000008ee00000, 0x000000008ef00000, 0x000000008ef00000|100%| E|CS|TAMS 0x000000008ee00000, 0x000000008ee00000| Complete 
| 239|0x000000008ef00000, 0x000000008f000000, 0x000000008f000000|100%| E|CS|TAMS 0x000000008ef00000, 0x000000008ef00000| Complete 
| 240|0x000000008f000000, 0x000000008f100000, 0x000000008f100000|100%| E|CS|TAMS 0x000000008f000000, 0x000000008f000000| Complete 
| 241|0x000000008f100000, 0x000000008f200000, 0x000000008f200000|100%| E|CS|TAMS 0x000000008f100000, 0x000000008f100000| Complete 
| 242|0x000000008f200000, 0x000000008f300000, 0x000000008f300000|100%| E|CS|TAMS 0x000000008f200000, 0x000000008f200000| Complete 
| 243|0x000000008f300000, 0x000000008f400000, 0x000000008f400000|100%| E|CS|TAMS 0x000000008f300000, 0x000000008f300000| Complete 
| 244|0x000000008f400000, 0x000000008f500000, 0x000000008f500000|100%| E|CS|TAMS 0x000000008f400000, 0x000000008f400000| Complete 
| 245|0x000000008f500000, 0x000000008f600000, 0x000000008f600000|100%| E|CS|TAMS 0x000000008f500000, 0x000000008f500000| Complete 
| 246|0x000000008f600000, 0x000000008f700000, 0x000000008f700000|100%| E|CS|TAMS 0x000000008f600000, 0x000000008f600000| Complete 
| 247|0x000000008f700000, 0x000000008f800000, 0x000000008f800000|100%| E|CS|TAMS 0x000000008f700000, 0x000000008f700000| Complete 
| 248|0x000000008f800000, 0x000000008f900000, 0x000000008f900000|100%| E|CS|TAMS 0x000000008f800000, 0x000000008f800000| Complete 
| 249|0x000000008f900000, 0x000000008fa00000, 0x000000008fa00000|100%| E|CS|TAMS 0x000000008f900000, 0x000000008f900000| Complete 
| 250|0x000000008fa00000, 0x000000008fb00000, 0x000000008fb00000|100%| E|CS|TAMS 0x000000008fa00000, 0x000000008fa00000| Complete 
| 251|0x000000008fb00000, 0x000000008fc00000, 0x000000008fc00000|100%| E|CS|TAMS 0x000000008fb00000, 0x000000008fb00000| Complete 
| 252|0x000000008fc00000, 0x000000008fd00000, 0x000000008fd00000|100%| E|CS|TAMS 0x000000008fc00000, 0x000000008fc00000| Complete 
| 253|0x000000008fd00000, 0x000000008fe00000, 0x000000008fe00000|100%| E|CS|TAMS 0x000000008fd00000, 0x000000008fd00000| Complete 

Card table byte_map: [0x000001dff6dd0000,0x000001dff71d0000] _byte_map_base: 0x000001dff69d0000

Marking Bits (Prev, Next): (CMBitMap*) 0x000001dfe3bcc340, (CMBitMap*) 0x000001dfe3bcc308
 Prev Bits: [0x000001dff95d0000, 0x000001dffb5d0000)
 Next Bits: [0x000001dff75d0000, 0x000001dff95d0000)

Polling page: 0x000001dfe3360000

Metaspace:

Usage:
  Non-class:     20.57 MB capacity,    20.27 MB ( 99%) used,   264.71 KB (  1%) free+waste,    42.19 KB ( <1%) overhead. 
      Class:      3.14 MB capacity,     2.93 MB ( 93%) used,   199.62 KB (  6%) free+waste,    21.00 KB ( <1%) overhead. 
       Both:     23.71 MB capacity,    23.20 MB ( 98%) used,   464.33 KB (  2%) free+waste,    63.19 KB ( <1%) overhead. 

Virtual space:
  Non-class space:       22.00 MB reserved,      20.75 MB ( 94%) committed 
      Class space:        1.00 GB reserved,       3.25 MB ( <1%) committed 
             Both:        1.02 GB reserved,      24.00 MB (  2%) committed 

Chunk freelists:
   Non-Class:  60.00 KB
       Class:  12.00 KB
        Both:  72.00 KB

MaxMetaspaceSize: 17179869184.00 GB
CompressedClassSpaceSize: 1.00 GB
Initial GC threshold: 20.80 MB
Current GC threshold: 35.00 MB
CDS: off

CodeHeap 'non-profiled nmethods': size=120000Kb used=1102Kb max_used=1102Kb free=118898Kb
 bounds [0x000001dfef170000, 0x000001dfef3e0000, 0x000001dff66a0000]
CodeHeap 'profiled nmethods': size=120000Kb used=4360Kb max_used=4360Kb free=115639Kb
 bounds [0x000001dfe7c40000, 0x000001dfe8090000, 0x000001dfef170000]
CodeHeap 'non-nmethods': size=5760Kb used=1208Kb max_used=1245Kb free=4551Kb
 bounds [0x000001dfe76a0000, 0x000001dfe7910000, 0x000001dfe7c40000]
 total_blobs=2574 nmethods=2088 adapters=398
 compilation: enabled
              stopped_count=0, restarted_count=0
 full_count=0

Compilation events (20 events):
Event: 2.427 Thread 0x000001dffe90f000 2064       3       java.lang.String::compareTo (9 bytes)
Event: 2.428 Thread 0x000001dffe90f000 nmethod 2064 0x000001dfe8070310 code [0x000001dfe80704e0, 0x000001dfe80706e8]
Event: 2.428 Thread 0x000001dffe90f000 2062       3       java.util.TreeMap::setColor (10 bytes)
Event: 2.428 Thread 0x000001dffe90f000 nmethod 2062 0x000001dfe8070790 code [0x000001dfe8070940, 0x000001dfe8070a58]
Event: 2.428 Thread 0x000001dffe90f000 2060       3       java.util.LinkedHashMap::<init> (10 bytes)
Event: 2.428 Thread 0x000001dffe90f000 nmethod 2060 0x000001dfe8070b10 code [0x000001dfe8070ce0, 0x000001dfe8070ef8]
Event: 2.428 Thread 0x000001dffe90f000 2065       3       java.lang.reflect.Method::getParameterCount (6 bytes)
Event: 2.428 Thread 0x000001dffe90f000 nmethod 2065 0x000001dfe8071010 code [0x000001dfe80711c0, 0x000001dfe80712d8]
Event: 2.428 Thread 0x000001dffe90f000 2066       3       java.lang.reflect.Modifier::isAbstract (14 bytes)
Event: 2.428 Thread 0x000001dffe90f000 nmethod 2066 0x000001dfe8071390 code [0x000001dfe8071540, 0x000001dfe8071678]
Event: 2.428 Thread 0x000001dffe90f000 2067       3       java.lang.Integer::hashCode (8 bytes)
Event: 2.428 Thread 0x000001dffe90f000 nmethod 2067 0x000001dfe8071710 code [0x000001dfe80718c0, 0x000001dfe8071a18]
Event: 2.428 Thread 0x000001dffe90f000 2068       3       java.lang.Integer::hashCode (2 bytes)
Event: 2.428 Thread 0x000001dffe90f000 nmethod 2068 0x000001dfe8071b10 code [0x000001dfe8071cc0, 0x000001dfe8071d98]
Event: 2.430 Thread 0x000001df82390800 nmethod 2044 0x000001dfef282810 code [0x000001dfef2829a0, 0x000001dfef282d78]
Event: 2.430 Thread 0x000001df82390800 2043       4       java.lang.ref.SoftReference::get (29 bytes)
Event: 2.431 Thread 0x000001df82390800 nmethod 2043 0x000001dfef282f10 code [0x000001dfef2830a0, 0x000001dfef283178]
Event: 2.431 Thread 0x000001dffe90f000 2069       3       java.util.Collections$UnmodifiableCollection::<init> (22 bytes)
Event: 2.431 Thread 0x000001dffe90f000 nmethod 2069 0x000001dfe8071e10 code [0x000001dfe8071fe0, 0x000001dfe8072288]
Event: 2.432 Thread 0x000001dffe90f000 2070       3       java.lang.invoke.DirectMethodHandle::preparedLambdaForm (248 bytes)

GC Heap History (4 events):
Event: 0.632 GC heap before
{Heap before GC invocations=0 (full 0):
 garbage-first heap   total 260096K, used 29696K [0x0000000080000000, 0x0000000100000000)
  region size 1024K, 24 young (24576K), 0 survivors (0K)
 Metaspace       used 9808K, capacity 9956K, committed 10112K, reserved 1058816K
  class space    used 1005K, capacity 1069K, committed 1152K, reserved 1048576K
}
Event: 0.635 GC heap after
{Heap after GC invocations=1 (full 0):
 garbage-first heap   total 260096K, used 9738K [0x0000000080000000, 0x0000000100000000)
  region size 1024K, 3 young (3072K), 3 survivors (3072K)
 Metaspace       used 9808K, capacity 9956K, committed 10112K, reserved 1058816K
  class space    used 1005K, capacity 1069K, committed 1152K, reserved 1048576K
}
Event: 2.191 GC heap before
{Heap before GC invocations=1 (full 0):
 garbage-first heap   total 260096K, used 111114K [0x0000000080000000, 0x0000000100000000)
  region size 1024K, 103 young (105472K), 3 survivors (3072K)
 Metaspace       used 20732K, capacity 21120K, committed 21248K, reserved 1067008K
  class space    used 2516K, capacity 2695K, committed 2816K, reserved 1048576K
}
Event: 2.198 GC heap after
{Heap after GC invocations=2 (full 0):
 garbage-first heap   total 260096K, used 17526K [0x0000000080000000, 0x0000000100000000)
  region size 1024K, 11 young (11264K), 11 survivors (11264K)
 Metaspace       used 20732K, capacity 21120K, committed 21248K, reserved 1067008K
  class space    used 2516K, capacity 2695K, committed 2816K, reserved 1048576K
}

Deoptimization events (20 events):
Event: 2.209 Thread 0x000001df8239b000 Uncommon trap: trap_request=0xffffffc6 fr.pc=0x000001dfef1e9fa4 relative=0x0000000000000084
Event: 2.209 Thread 0x000001df8239b000 Uncommon trap: reason=bimorphic_or_optimized_type_check action=maybe_recompile pc=0x000001dfef1e9fa4 method=java.util.AbstractList$Itr.hasNext()Z @ 8 c2
Event: 2.209 Thread 0x000001df8239b000 DEOPT PACKING pc=0x000001dfef1e9fa4 sp=0x000000b0ef1fab30
Event: 2.209 Thread 0x000001df8239b000 DEOPT UNPACKING pc=0x000001dfe76ea1af sp=0x000000b0ef1faac8 mode 2
Event: 2.209 Thread 0x000001df8239b000 Uncommon trap: trap_request=0xffffffc6 fr.pc=0x000001dfef1ea354 relative=0x0000000000000114
Event: 2.209 Thread 0x000001df8239b000 Uncommon trap: reason=bimorphic_or_optimized_type_check action=maybe_recompile pc=0x000001dfef1ea354 method=java.util.AbstractList$Itr.next()Ljava/lang/Object; @ 14 c2
Event: 2.209 Thread 0x000001df8239b000 DEOPT PACKING pc=0x000001dfef1ea354 sp=0x000000b0ef1fab20
Event: 2.209 Thread 0x000001df8239b000 DEOPT UNPACKING pc=0x000001dfe76ea1af sp=0x000000b0ef1faab8 mode 2
Event: 2.210 Thread 0x000001df8239b000 Uncommon trap: trap_request=0xffffff4d fr.pc=0x000001dfef1e4e04 relative=0x00000000000005c4
Event: 2.210 Thread 0x000001df8239b000 Uncommon trap: reason=unstable_if action=reinterpret pc=0x000001dfef1e4e04 method=java.io.File.getName()Ljava/lang/String; @ 16 c2
Event: 2.210 Thread 0x000001df8239b000 DEOPT PACKING pc=0x000001dfef1e4e04 sp=0x000000b0ef1fb500
Event: 2.210 Thread 0x000001df8239b000 DEOPT UNPACKING pc=0x000001dfe76ea1af sp=0x000000b0ef1fb4d0 mode 2
Event: 2.210 Thread 0x000001df8239b000 Uncommon trap: trap_request=0xffffff4d fr.pc=0x000001dfef1e22b4 relative=0x0000000000000474
Event: 2.210 Thread 0x000001df8239b000 Uncommon trap: reason=unstable_if action=reinterpret pc=0x000001dfef1e22b4 method=java.lang.String.substring(I)Ljava/lang/String; @ 34 c2
Event: 2.210 Thread 0x000001df8239b000 DEOPT PACKING pc=0x000001dfef1e22b4 sp=0x000000b0ef1fb480
Event: 2.210 Thread 0x000001df8239b000 DEOPT UNPACKING pc=0x000001dfe76ea1af sp=0x000000b0ef1fb458 mode 2
Event: 2.287 Thread 0x000001df8239b000 Uncommon trap: trap_request=0xffffff4d fr.pc=0x000001dfef255b98 relative=0x0000000000000398
Event: 2.287 Thread 0x000001df8239b000 Uncommon trap: reason=unstable_if action=reinterpret pc=0x000001dfef255b98 method=jdk.internal.org.objectweb.asm.Type.getArgumentsAndReturnSizes(Ljava/lang/String;)I @ 88 c2
Event: 2.287 Thread 0x000001df8239b000 DEOPT PACKING pc=0x000001dfef255b98 sp=0x000000b0ef1f9a50
Event: 2.287 Thread 0x000001df8239b000 DEOPT UNPACKING pc=0x000001dfe76ea1af sp=0x000000b0ef1f99d8 mode 2

Classes redefined (0 events):
No events

Internal exceptions (20 events):
Event: 1.157 Thread 0x000001dfe3b8a000 Exception <a 'java/lang/NoSuchMethodError'{0x000000008c6e9cc8}: 'java.lang.Object java.lang.invoke.DirectMethodHandle$Holder.invokeStaticInit(java.lang.Object, java.lang.Object, java.lang.Object)'> (0x000000008c6e9cc8) thrown at [./src/hotspot/share/interpreter/linkResolver.cpp, line 773]
Event: 1.283 Thread 0x000001dfe3b8a000 Exception <a 'java/lang/NoSuchMethodError'{0x000000008bf6fc80}: 'java.lang.Object java.lang.invoke.DirectMethodHandle$Holder.invokeStaticInit(java.lang.Object, int, int, int, int)'> (0x000000008bf6fc80) thrown at [./src/hotspot/share/interpreter/linkResolver.cpp, line 773]
Event: 1.517 Thread 0x000001dfe3b8a000 Exception <a 'java/lang/NoSuchMethodError'{0x000000008be119b8}: 'java.lang.Object java.lang.invoke.DirectMethodHandle$Holder.invokeStaticInit(java.lang.Object, java.lang.Object, int, int, int, int)'> (0x000000008be119b8) thrown at [./src/hotspot/share/interpreter/linkResolver.cpp, line 773]
Event: 1.867 Thread 0x000001dfe3b8a000 Exception <a 'java/io/IOException'{0x000000008bdeae28}> (0x000000008bdeae28) thrown at [./src/hotspot/share/prims/jni.cpp, line 616]
Event: 1.914 Thread 0x000001df803da800 Exception <a 'java/lang/NoSuchMethodError'{0x000000008baed388}: <clinit>> (0x000000008baed388) thrown at [./src/hotspot/share/prims/jni.cpp, line 1366]
Event: 1.916 Thread 0x000001df803da800 Exception <a 'java/lang/NoSuchMethodError'{0x000000008b905ae0}: <clinit>> (0x000000008b905ae0) thrown at [./src/hotspot/share/prims/jni.cpp, line 1366]
Event: 1.916 Thread 0x000001df803da800 Exception <a 'java/lang/NoSuchMethodError'{0x000000008b90f4a8}: <clinit>> (0x000000008b90f4a8) thrown at [./src/hotspot/share/prims/jni.cpp, line 1366]
Event: 1.918 Thread 0x000001df803da800 Exception <a 'java/lang/NoSuchMethodError'{0x000000008b924818}: <clinit>> (0x000000008b924818) thrown at [./src/hotspot/share/prims/jni.cpp, line 1366]
Event: 1.963 Thread 0x000001df8239b000 Exception <a 'java/lang/NoSuchMethodError'{0x000000008b6e4018}: 'long java.lang.invoke.DirectMethodHandle$Holder.invokeInterface(java.lang.Object, java.lang.Object)'> (0x000000008b6e4018) thrown at [./src/hotspot/share/interpreter/linkResolver.cpp, line 773]
Event: 1.964 Thread 0x000001df8239b000 Exception <a 'java/lang/NoSuchMethodError'{0x000000008b6f10b8}: 'void java.lang.invoke.DelegatingMethodHandle$Holder.reinvoke_L(java.lang.Object, java.lang.Object, java.lang.Object, java.lang.Object, java.lang.Object, java.lang.Object, java.lang.Object)'> (0x000000008b6f10b8) thrown at [./src/hotspot/share/interpreter/linkResolver.cpp, line 773]
Event: 2.140 Thread 0x000001df8239b000 Exception <a 'java/lang/NoSuchMethodError'{0x0000000089b43298}: 'void java.lang.invoke.DirectMethodHandle$Holder.invokeStaticInit(java.lang.Object)'> (0x0000000089b43298) thrown at [./src/hotspot/share/interpreter/linkResolver.cpp, line 773]
Event: 2.149 Thread 0x000001df8239b000 Exception <a 'java/lang/NoSuchMethodError'{0x0000000089bf0480}: 'java.lang.Object java.lang.invoke.DirectMethodHandle$Holder.invokeStatic(java.lang.Object, java.lang.Object, java.lang.Object, int)'> (0x0000000089bf0480) thrown at [./src/hotspot/share/interpreter/linkResolver.cpp, line 773]
Event: 2.149 Thread 0x000001df8239b000 Exception <a 'java/lang/NoSuchMethodError'{0x0000000089bf4b98}: 'java.lang.Object java.lang.invoke.DirectMethodHandle$Holder.invokeSpecial(java.lang.Object, java.lang.Object, java.lang.Object, java.lang.Object, int)'> (0x0000000089bf4b98) thrown at [./src/hotspot/share/interpreter/linkResolver.cpp, line 773]
Event: 2.149 Thread 0x000001df8239b000 Exception <a 'java/lang/NoSuchMethodError'{0x0000000089bf8ad0}: 'java.lang.Object java.lang.invoke.Invokers$Holder.linkToTargetMethod(java.lang.Object, java.lang.Object, int, java.lang.Object)'> (0x0000000089bf8ad0) thrown at [./src/hotspot/share/interpreter/linkResolver.cpp, line 773]
Event: 2.239 Thread 0x000001df8239b000 Exception <a 'java/lang/NoSuchMethodError'{0x000000008f90a508}: 'int java.lang.invoke.DirectMethodHandle$Holder.invokeSpecialIFC(java.lang.Object, java.lang.Object, java.lang.Object, java.lang.Object)'> (0x000000008f90a508) thrown at [./src/hotspot/share/interpreter/linkResolver.cpp, line 773]
Event: 2.240 Thread 0x000001df8239b000 Exception <a 'java/lang/NoSuchMethodError'{0x000000008f9184c0}: 'java.lang.Object java.lang.invoke.DirectMethodHandle$Holder.invokeInterface(java.lang.Object, java.lang.Object, java.lang.Object)'> (0x000000008f9184c0) thrown at [./src/hotspot/share/interpreter/linkResolver.cpp, line 773]
Event: 2.240 Thread 0x000001df8239b000 Exception <a 'java/lang/IncompatibleClassChangeError'{0x000000008f91b998}: Found class java.lang.Object, but interface was expected> (0x000000008f91b998) thrown at [./src/hotspot/share/interpreter/linkResolver.cpp, line 839]
Event: 2.316 Thread 0x000001df8239b000 Exception <a 'java/lang/NoSuchMethodError'{0x000000008f266810}: 'void java.lang.invoke.DirectMethodHandle$Holder.invokeSpecial(java.lang.Object, java.lang.Object, java.lang.Object, java.lang.Object, java.lang.Object)'> (0x000000008f266810) thrown at [./src/hotspot/share/interpreter/linkResolver.cpp, line 773]
Event: 2.332 Thread 0x000001df8239b000 Exception <a 'java/lang/NoSuchMethodError'{0x000000008f091a78}: 'java.lang.Object java.lang.invoke.DirectMethodHandle$Holder.invokeSpecial(java.lang.Object, java.lang.Object, java.lang.Object, java.lang.Object, java.lang.Object, java.lang.Object, java.lang.Object, java.lang.Object, java.lang.Object)'> (0x000000008f091a78) thrown at [./src/hotspot/share/interpreter/linkResolver.cpp, line 773]
Event: 2.395 Thread 0x000001df8239b000 Exception <a 'java/lang/NoSuchMethodError'{0x000000008e6671f8}: 'java.lang.Object java.lang.invoke.DirectMethodHandle$Holder.invokeVirtual(java.lang.Object, java.lang.Object, java.lang.Object, java.lang.Object)'> (0x000000008e6671f8) thrown at [./src/hotspot/share/interpreter/linkResolver.cpp, line 773]

Events (20 events):
Event: 2.429 loading class java/util/TreeMap$ValueIterator
Event: 2.429 loading class java/util/TreeMap$ValueIterator done
Event: 2.429 loading class org/gradle/internal/instantiation/generator/AbstractClassGenerator$PropertyMetadata
Event: 2.429 loading class org/gradle/internal/instantiation/generator/AbstractClassGenerator$PropertyMetadata done
Event: 2.429 loading class org/gradle/internal/reflect/JavaPropertyReflectionUtil
Event: 2.429 loading class org/gradle/internal/reflect/JavaPropertyReflectionUtil done
Event: 2.430 loading class org/gradle/internal/reflect/PropertyMutator
Event: 2.430 loading class org/gradle/internal/reflect/PropertyMutator done
Event: 2.430 loading class org/gradle/internal/reflect/PropertyAccessor
Event: 2.430 loading class org/gradle/internal/reflect/PropertyAccessor done
Event: 2.430 loading class org/gradle/internal/instantiation/generator/AbstractClassGenerator$MethodMetadata
Event: 2.430 loading class org/gradle/internal/instantiation/generator/AbstractClassGenerator$MethodMetadata done
Event: 2.430 loading class sun/reflect/generics/tree/BottomSignature
Event: 2.430 loading class sun/reflect/generics/tree/BottomSignature done
Event: 2.430 loading class sun/reflect/generics/tree/Wildcard
Event: 2.430 loading class sun/reflect/generics/tree/Wildcard done
Event: 2.430 loading class sun/reflect/generics/reflectiveObjects/WildcardTypeImpl
Event: 2.431 loading class sun/reflect/generics/reflectiveObjects/WildcardTypeImpl done
Event: 2.432 loading class java/lang/annotation/ElementType
Event: 2.432 loading class java/lang/annotation/ElementType done


Dynamic libraries:
0x00007ff69b700000 - 0x00007ff69b70a000 	C:\Program Files\Android\Android Studio\jre\bin\java.exe
0x00007ffc6bb50000 - 0x00007ffc6bd45000 	C:\Windows\SYSTEM32\ntdll.dll
0x00007ffc6b160000 - 0x00007ffc6b21d000 	C:\Windows\System32\KERNEL32.DLL
0x00007ffc69620000 - 0x00007ffc698e8000 	C:\Windows\System32\KERNELBASE.dll
0x00007ffc69390000 - 0x00007ffc69490000 	C:\Windows\System32\ucrtbase.dll
0x00007ffc3e2e0000 - 0x00007ffc3e2f9000 	C:\Program Files\Android\Android Studio\jre\bin\jli.dll
0x00007ffc6b890000 - 0x00007ffc6ba30000 	C:\Windows\System32\USER32.dll
0x00007ffc69b00000 - 0x00007ffc69b22000 	C:\Windows\System32\win32u.dll
0x00007ffc6b470000 - 0x00007ffc6b49a000 	C:\Windows\System32\GDI32.dll
0x00007ffc699f0000 - 0x00007ffc69afb000 	C:\Windows\System32\gdi32full.dll
0x00007ffc69290000 - 0x00007ffc6932d000 	C:\Windows\System32\msvcp_win.dll
0x00007ffc3e1c0000 - 0x00007ffc3e1d7000 	C:\Program Files\Android\Android Studio\jre\bin\VCRUNTIME140.dll
0x00007ffc532e0000 - 0x00007ffc5357a000 	C:\Windows\WinSxS\amd64_microsoft.windows.common-controls_6595b64144ccf1df_6.0.19041.844_none_ca00b6081b84eb1d\COMCTL32.dll
0x00007ffc6a280000 - 0x00007ffc6a31e000 	C:\Windows\System32\msvcrt.dll
0x00007ffc69c70000 - 0x00007ffc69ca0000 	C:\Windows\System32\IMM32.DLL
0x00007ffc6b4a0000 - 0x00007ffc6b5cb000 	C:\Windows\System32\RPCRT4.dll
0x00007ffc69180000 - 0x00007ffc691b1000 	C:\Windows\SYSTEM32\SspiCli.dll
0x00007ffc1ee20000 - 0x00007ffc1eebd000 	C:\Program Files\Android\Android Studio\jre\bin\msvcp140.dll
0x00007ffc0a050000 - 0x00007ffc0ab52000 	C:\Program Files\Android\Android Studio\jre\bin\server\jvm.dll
0x00007ffc6b7e0000 - 0x00007ffc6b88c000 	C:\Windows\System32\ADVAPI32.dll
0x00007ffc6b3d0000 - 0x00007ffc6b46b000 	C:\Windows\System32\sechost.dll
0x00007ffc6b7d0000 - 0x00007ffc6b7d8000 	C:\Windows\System32\PSAPI.DLL
0x00007ffc4b8d0000 - 0x00007ffc4b8d9000 	C:\Windows\SYSTEM32\WSOCK32.dll
0x00007ffc6a3f0000 - 0x00007ffc6a45b000 	C:\Windows\System32\WS2_32.dll
0x00007ffc57d00000 - 0x00007ffc57d27000 	C:\Windows\SYSTEM32\WINMM.dll
0x00007ffc5fd40000 - 0x00007ffc5fd4a000 	C:\Windows\SYSTEM32\VERSION.dll
0x00007ffc673c0000 - 0x00007ffc673d2000 	C:\Windows\SYSTEM32\kernel.appcore.dll
0x00007ffc5e730000 - 0x00007ffc5e741000 	C:\Program Files\Android\Android Studio\jre\bin\verify.dll
0x00007ffc66ee0000 - 0x00007ffc670c4000 	C:\Windows\SYSTEM32\DBGHELP.DLL
0x00007ffc54d10000 - 0x00007ffc54d3c000 	C:\Windows\SYSTEM32\dbgcore.DLL
0x00007ffc69b30000 - 0x00007ffc69bb3000 	C:\Windows\System32\bcryptPrimitives.dll
0x00007ffc37e50000 - 0x00007ffc37e79000 	C:\Program Files\Android\Android Studio\jre\bin\java.dll
0x00007ffc65710000 - 0x00007ffc6571b000 	C:\Program Files\Android\Android Studio\jre\bin\jimage.dll
0x00007ffc5e690000 - 0x00007ffc5e6a8000 	C:\Program Files\Android\Android Studio\jre\bin\zip.dll
0x00007ffc6a460000 - 0x00007ffc6ab9f000 	C:\Windows\System32\SHELL32.dll
0x00007ffc673e0000 - 0x00007ffc67b70000 	C:\Windows\SYSTEM32\windows.storage.dll
0x00007ffc69d70000 - 0x00007ffc6a0c5000 	C:\Windows\System32\combase.dll
0x00007ffc68d00000 - 0x00007ffc68d2c000 	C:\Windows\SYSTEM32\Wldp.dll
0x00007ffc6a340000 - 0x00007ffc6a3ee000 	C:\Windows\System32\SHCORE.dll
0x00007ffc6bab0000 - 0x00007ffc6bb05000 	C:\Windows\System32\shlwapi.dll
0x00007ffc691d0000 - 0x00007ffc691ef000 	C:\Windows\SYSTEM32\profapi.dll
0x00007ffc405e0000 - 0x00007ffc405fa000 	C:\Program Files\Android\Android Studio\jre\bin\net.dll
0x00007ffc60d10000 - 0x00007ffc60e1b000 	C:\Windows\SYSTEM32\WINHTTP.dll
0x00007ffc68a70000 - 0x00007ffc68ada000 	C:\Windows\system32\mswsock.dll
0x00007ffc3f2b0000 - 0x00007ffc3f2c4000 	C:\Program Files\Android\Android Studio\jre\bin\nio.dll
0x00007ffc3e300000 - 0x00007ffc3e327000 	C:\Users\Hacking\.gradle\native\e1d6ef7f7dcc3fd88c89a11ec53ec762bb8ba0a96d01ffa2cd45eb1d1d8dd5c5\windows-amd64\native-platform.dll
0x00007ffc17510000 - 0x00007ffc17654000 	C:\Users\Hacking\.gradle\native\0d407fdbe67a94daf76414ababcb853783967236a71b16ec16e742cd7a986fd3\windows-amd64\native-platform-file-events.dll
0x00007ffc655b0000 - 0x00007ffc655ba000 	C:\Program Files\Android\Android Studio\jre\bin\management.dll
0x00007ffc5e720000 - 0x00007ffc5e72d000 	C:\Program Files\Android\Android Studio\jre\bin\management_ext.dll
0x00007ffc68c40000 - 0x00007ffc68c58000 	C:\Windows\SYSTEM32\CRYPTSP.dll
0x00007ffc683a0000 - 0x00007ffc683d4000 	C:\Windows\system32\rsaenh.dll
0x00007ffc69490000 - 0x00007ffc694b7000 	C:\Windows\System32\bcrypt.dll
0x00007ffc69150000 - 0x00007ffc6917e000 	C:\Windows\SYSTEM32\USERENV.dll
0x00007ffc68c60000 - 0x00007ffc68c6c000 	C:\Windows\SYSTEM32\CRYPTBASE.dll
0x00007ffc68710000 - 0x00007ffc6874b000 	C:\Windows\SYSTEM32\IPHLPAPI.DLL
0x00007ffc6a320000 - 0x00007ffc6a328000 	C:\Windows\System32\NSI.dll
0x00007ffc62720000 - 0x00007ffc62737000 	C:\Windows\SYSTEM32\dhcpcsvc6.DLL
0x00007ffc62540000 - 0x00007ffc6255d000 	C:\Windows\SYSTEM32\dhcpcsvc.DLL
0x00007ffc68760000 - 0x00007ffc6882c000 	C:\Windows\SYSTEM32\DNSAPI.dll

dbghelp: loaded successfully - version: 4.0.5 - missing functions: none
symbol engine: initialized successfully - sym options: 0x614 - pdb path: .;C:\Program Files\Android\Android Studio\jre\bin;C:\Windows\SYSTEM32;C:\Windows\WinSxS\amd64_microsoft.windows.common-controls_6595b64144ccf1df_6.0.19041.844_none_ca00b6081b84eb1d;C:\Program Files\Android\Android Studio\jre\bin\server;C:\Users\Hacking\.gradle\native\e1d6ef7f7dcc3fd88c89a11ec53ec762bb8ba0a96d01ffa2cd45eb1d1d8dd5c5\windows-amd64;C:\Users\Hacking\.gradle\native\0d407fdbe67a94daf76414ababcb853783967236a71b16ec16e742cd7a986fd3\windows-amd64

VM Arguments:
jvm_args: --add-opens=java.base/java.util=ALL-UNNAMED --add-opens=java.base/java.lang=ALL-UNNAMED --add-opens=java.base/java.lang.invoke=ALL-UNNAMED --add-opens=java.base/java.util=ALL-UNNAMED --add-opens=java.prefs/java.util.prefs=ALL-UNNAMED --add-opens=java.prefs/java.util.prefs=ALL-UNNAMED --add-opens=java.base/java.nio.charset=ALL-UNNAMED --add-opens=java.base/java.net=ALL-UNNAMED --add-opens=java.base/java.util.concurrent.atomic=ALL-UNNAMED -Xmx2048m -Dfile.encoding=UTF-8 -Duser.country=US -Duser.language=en -Duser.variant 
java_command: org.gradle.launcher.daemon.bootstrap.GradleDaemon 7.4
java_class_path (initial): C:\Users\Hacking\.gradle\wrapper\dists\gradle-7.4-bin\c0gwcg53nkjbqw7r0h0umtfvt\gradle-7.4\lib\gradle-launcher-7.4.jar
Launcher Type: SUN_STANDARD

[Global flags]
     intx CICompilerCount                          = 4                                         {product} {ergonomic}
     uint ConcGCThreads                            = 2                                         {product} {ergonomic}
     uint G1ConcRefinementThreads                  = 8                                         {product} {ergonomic}
   size_t G1HeapRegionSize                         = 1048576                                   {product} {ergonomic}
    uintx GCDrainStackTargetSize                   = 64                                        {product} {ergonomic}
   size_t InitialHeapSize                          = 266338304                                 {product} {ergonomic}
   size_t MarkStackSize                            = 4194304                                   {product} {ergonomic}
   size_t MaxHeapSize                              = 2147483648                                {product} {command line}
   size_t MaxNewSize                               = 1287651328                                {product} {ergonomic}
   size_t MinHeapDeltaBytes                        = 1048576                                   {product} {ergonomic}
    uintx NonNMethodCodeHeapSize                   = 5836300                                {pd product} {ergonomic}
    uintx NonProfiledCodeHeapSize                  = 122910970                              {pd product} {ergonomic}
    uintx ProfiledCodeHeapSize                     = 122910970                              {pd product} {ergonomic}
    uintx ReservedCodeCacheSize                    = 251658240                              {pd product} {ergonomic}
     bool SegmentedCodeCache                       = true                                      {product} {ergonomic}
     bool UseCompressedClassPointers               = true                                 {lp64_product} {ergonomic}
     bool UseCompressedOops                        = true                                 {lp64_product} {ergonomic}
     bool UseG1GC                                  = true                                      {product} {ergonomic}
     bool UseLargePagesIndividualAllocation        = false                                  {pd product} {ergonomic}

Logging:
Log output configuration:
 #0: stdout all=warning uptime,level,tags
 #1: stderr all=off uptime,level,tags

Environment Variables:
PATH=C:\Program Files (x86)\VMware\VMware Workstation\bin\;C:\Program Files (x86)\Common Files\Oracle\Java\javapath;C:\Program Files\NVIDIA GPU Computing Toolkit\CUDA\v11.7\bin;C:\Program Files\NVIDIA GPU Computing Toolkit\CUDA\v11.7\libnvvp;C:\Windows\system32;C:\Windows;C:\Windows\System32\Wbem;C:\Windows\System32\WindowsPowerShell\v1.0\;C:\Windows\System32\OpenSSH\;C:\Program Files\Git\cmd;C:\Program Files\Microsoft SQL Server\130\Tools\Binn\;C:\Program Files\Microsoft SQL Server\150\Tools\Binn\;C:\Program Files\NVIDIA Corporation\NVIDIA NvDLISR;C:\Program Files (x86)\NVIDIA Corporation\PhysX\Common;C:\Program Files\NVIDIA Corporation\Nsight Compute 2022.2.1\;C:\Program Files\dotnet\;C:\Users\Hacking\miniconda3;C:\Users\Hacking\miniconda3\Library\mingw-w64\bin;C:\Users\Hacking\miniconda3\Library\usr\bin;C:\Users\Hacking\miniconda3\Library\bin;C:\Users\Hacking\miniconda3\Scripts;C:\Users\Hacking\AppData\Local\Microsoft\WindowsApps;C:\Users\Hacking\AppData\Local\Programs\Microsoft VS Code\bin;C:\Program Files\NVIDIA GPU Computing Toolkit\CUDA\v11.7\bin;C:\Program Files\NVIDIA GPU Computing Toolkit\CUDA\v11.7\libnvvp;C:\src\flutter\bin;
USERNAME=Hacking
OS=Windows_NT
PROCESSOR_IDENTIFIER=Intel64 Family 6 Model 165 Stepping 2, GenuineIntel



---------------  S Y S T E M  ---------------

OS: Windows 10 , 64 bit Build 19041 (10.0.19041.1021)
OS uptime: 5 days 4:34 hours

CPU:total 8 (initial active 8) (4 cores per cpu, 2 threads per core) family 6 model 165 stepping 2 microcode 0xc8, cmov, cx8, fxsr, mmx, sse, sse2, sse3, ssse3, sse4.1, sse4.2, popcnt, avx, avx2, aes, clmul, erms, 3dnowpref, lzcnt, ht, tsc, tscinvbit, bmi1, bmi2, adx, fma

Memory: 4k page, system-wide physical 16221M (976M free)
TotalPageFile size 28509M (AvailPageFile size 3M)
current process WorkingSet (physical memory assigned to process): 237M, peak: 241M
current process commit charge ("private bytes"): 410M, peak: 415M

vm_info: OpenJDK 64-Bit Server VM (11.0.13+0-b1751.21-8125866) for windows-amd64 JRE (11.0.13+0-b1751.21-8125866), built on Feb  2 2022 03:00:22 by "builder" with MS VC++ 14.0 (VS2015)

END.
