#
# There is insufficient memory for the Java Runtime Environment to continue.
# Native memory allocation (mmap) failed to map 54525952 bytes for Failed to commit area from 0x0000000090300000 to 0x0000000093700000 of length 54525952.
# Possible reasons:
#   The system is out of physical RAM or swap space
#   The process is running with CompressedOops enabled, and the Java Heap may be blocking the growth of the native heap
# Possible solutions:
#   Reduce memory load on the system
#   Increase physical memory or swap space
#   Check if swap backing store is full
#   Decrease Java heap size (-Xmx/-Xms)
#   Decrease number of Java threads
#   Decrease Java thread stack sizes (-Xss)
#   Set larger code cache with -XX:ReservedCodeCacheSize=
#   JVM is running with Unscaled Compressed Oops mode in which the Java heap is
#     placed in the first 4GB address space. The Java Heap base address is the
#     maximum limit for the native heap growth. Please use -XX:HeapBaseMinAddress
#     to set the Java Heap base and to place the Java Heap above 4GB virtual address.
# This output file may be truncated or incomplete.
#
#  Out of Memory Error (./src/hotspot/os/windows/os_windows.cpp:3619), pid=20532, tid=19380
#
# JRE version: OpenJDK Runtime Environment (11.0.13) (build 11.0.13+0-b1751.21-8125866)
# Java VM: OpenJDK 64-Bit Server VM (11.0.13+0-b1751.21-8125866, mixed mode, tiered, compressed oops, g1 gc, windows-amd64)
# No core dump will be written. Minidumps are not enabled by default on client versions of Windows
#

---------------  S U M M A R Y ------------

Command Line: --add-opens=java.base/java.util=ALL-UNNAMED --add-opens=java.base/java.lang=ALL-UNNAMED --add-opens=java.base/java.lang.invoke=ALL-UNNAMED --add-opens=java.base/java.util=ALL-UNNAMED --add-opens=java.prefs/java.util.prefs=ALL-UNNAMED --add-opens=java.prefs/java.util.prefs=ALL-UNNAMED --add-opens=java.base/java.nio.charset=ALL-UNNAMED --add-opens=java.base/java.net=ALL-UNNAMED --add-opens=java.base/java.util.concurrent.atomic=ALL-UNNAMED -Xmx2048m -Dfile.encoding=UTF-8 -Duser.country=US -Duser.language=en -Duser.variant org.gradle.launcher.daemon.bootstrap.GradleDaemon 7.4

Host: Intel(R) Core(TM) i5-10300H CPU @ 2.50GHz, 8 cores, 15G,  Windows 10 , 64 bit Build 19041 (10.0.19041.1021)
Time: Tue Nov  1 22:23:38 2022 SE Asia Standard Time elapsed time: 7218.762768 seconds (0d 2h 0m 18s)

---------------  T H R E A D  ---------------

Current thread (0x000001b8cea98000):  VMThread "VM Thread" [stack: 0x0000006810300000,0x0000006810400000] [id=19380]

Stack: [0x0000006810300000,0x0000006810400000]
[error occurred during error reporting (printing stack bounds), id 0xc0000005, EXCEPTION_ACCESS_VIOLATION (0xc0000005) at pc=0x000001b8b70c112d]

Native frames: (J=compiled Java code, j=interpreted, Vv=VM code, C=native code)
V  [jvm.dll+0x6100fa]
V  [jvm.dll+0x747090]
V  [jvm.dll+0x7486ad]
V  [jvm.dll+0x748ce5]
V  [jvm.dll+0x748c9b]
V  [jvm.dll+0x60f224]
V  [jvm.dll+0x60f9b8]
C  [ntdll.dll+0xa217f]
C  [ntdll.dll+0x51454]
C  [ntdll.dll+0xa0cae]
C  0x000001b8b70c112d

VM_Operation (0x00000068119f8360): G1CollectForAllocation, mode: safepoint, requested by thread 0x000001b8d9814800


---------------  P R O C E S S  ---------------

Threads class SMR info:
_java_thread_list=0x000001b8dbc34ea0, length=128, elements={
0x000001b8b1dda000, 0x000001b8cea9b800, 0x000001b8ceaa2800, 0x000001b8ceaf8800,
0x000001b8ceafb800, 0x000001b8ceaff000, 0x000001b8ceb02800, 0x000001b8ceb0b000,
0x000001b8ceb1d000, 0x000001b8cec6a800, 0x000001b8d0492800, 0x000001b8ced8a800,
0x000001b8cf6bf000, 0x000001b8d0e6a800, 0x000001b8d0e6b800, 0x000001b8d0e6e000,
0x000001b8d0e6f800, 0x000001b8d0e70800, 0x000001b8d13d1000, 0x000001b8d13ce800,
0x000001b8d13cc800, 0x000001b8d13cd000, 0x000001b8d13d2000, 0x000001b8d4e12000,
0x000001b8d4e14800, 0x000001b8d4e13000, 0x000001b8d4e14000, 0x000001b8d4e15800,
0x000001b8d4e16800, 0x000001b8d7b00800, 0x000001b8de021800, 0x000001b8d9810800,
0x000001b8d9817000, 0x000001b8d9816000, 0x000001b8d9814800, 0x000001b8d9815000,
0x000001b8d9813800, 0x000001b8d9811000, 0x000001b8d9817800, 0x000001b8d9812000,
0x000001b8d981c800, 0x000001b8d981b800, 0x000001b8d45e8800, 0x000001b8d45e3800,
0x000001b8d981b000, 0x000001b8d981e000, 0x000001b8d981a000, 0x000001b8d981d800,
0x000001b8d9818800, 0x000001b8d9819000, 0x000001b8d981f000, 0x000001b8d62c6800,
0x000001b8d62c5800, 0x000001b8d62ca800, 0x000001b8d62c7000, 0x000001b8d62cd000,
0x000001b8d62c9000, 0x000001b8d62c9800, 0x000001b8d62ce000, 0x000001b8d62cb800,
0x000001b8d62c8000, 0x000001b8d62ce800, 0x000001b8d62cc000, 0x000001b8d62d0000,
0x000001b8d62d1000, 0x000001b8d62d2000, 0x000001b8d62cf800, 0x000001b8d62d3800,
0x000001b8d62d4800, 0x000001b8d7584800, 0x000001b8d7587000, 0x000001b8d7588000,
0x000001b8d7582800, 0x000001b8d7584000, 0x000001b8d7583000, 0x000001b8d7586800,
0x000001b8d7589800, 0x000001b8d758a800, 0x000001b8d758b000, 0x000001b8d7585800,
0x000001b8d7591000, 0x000001b8d758d800, 0x000001b8d758f800, 0x000001b8d758d000,
0x000001b8d758c000, 0x000001b8d758e800, 0x000001b8d7590000, 0x000001b8d7b04000,
0x000001b8d7b01800, 0x000001b8d7afe000, 0x000001b8d7b02800, 0x000001b8d7b03000,
0x000001b8d7b05000, 0x000001b8d7aff000, 0x000001b8d7b05800, 0x000001b8d7b00000,
0x000001b8d7b06800, 0x000001b8d7b08000, 0x000001b8d7b07000, 0x000001b8d7b0b800,
0x000001b8d7b09000, 0x000001b8d7b09800, 0x000001b8d7b0a800, 0x000001b8d4e0d800,
0x000001b8d4e0a000, 0x000001b8d4e07800, 0x000001b8d4e0e000, 0x000001b8d4e0b000,
0x000001b8d4e09800, 0x000001b8d4e0b800, 0x000001b8d4e08800, 0x000001b8d4e11800,
0x000001b8d4e0c800, 0x000001b8d4e10000, 0x000001b8d4e10800, 0x000001b8d13d3000,
0x000001b8d13d3800, 0x000001b8d13d4800, 0x000001b8d13cf800, 0x000001b8d13d7800,
0x000001b8d13d7000, 0x000001b8d13d6000, 0x000001b8d13d8800, 0x000001b8d13da000,
0x000001b8d13d9800, 0x000001b8d13db000, 0x000001b8de01f000, 0x000001b8d0e6e800
}

Java Threads: ( => current thread )
  0x000001b8b1dda000 JavaThread "main" [_thread_blocked, id=19100, stack(0x000000680fd00000,0x000000680fe00000)]
  0x000001b8cea9b800 JavaThread "Reference Handler" daemon [_thread_blocked, id=8400, stack(0x0000006810400000,0x0000006810500000)]
  0x000001b8ceaa2800 JavaThread "Finalizer" daemon [_thread_blocked, id=11252, stack(0x0000006810500000,0x0000006810600000)]
  0x000001b8ceaf8800 JavaThread "Signal Dispatcher" daemon [_thread_blocked, id=19576, stack(0x0000006810600000,0x0000006810700000)]
  0x000001b8ceafb800 JavaThread "Attach Listener" daemon [_thread_blocked, id=9308, stack(0x0000006810700000,0x0000006810800000)]
  0x000001b8ceaff000 JavaThread "Service Thread" daemon [_thread_blocked, id=9512, stack(0x0000006810800000,0x0000006810900000)]
  0x000001b8ceb02800 JavaThread "C2 CompilerThread0" daemon [_thread_in_native, id=22300, stack(0x0000006810900000,0x0000006810a00000)]
  0x000001b8ceb0b000 JavaThread "C1 CompilerThread0" daemon [_thread_blocked, id=15468, stack(0x0000006810a00000,0x0000006810b00000)]
  0x000001b8ceb1d000 JavaThread "Sweeper thread" daemon [_thread_blocked, id=18676, stack(0x0000006810b00000,0x0000006810c00000)]
  0x000001b8cec6a800 JavaThread "Common-Cleaner" daemon [_thread_blocked, id=22568, stack(0x0000006810c00000,0x0000006810d00000)]
  0x000001b8d0492800 JavaThread "Daemon health stats" [_thread_blocked, id=5496, stack(0x0000006811500000,0x0000006811600000)]
  0x000001b8ced8a800 JavaThread "Incoming local TCP Connector on port 64612" [_thread_in_native, id=4444, stack(0x0000006811300000,0x0000006811400000)]
  0x000001b8cf6bf000 JavaThread "Daemon periodic checks" [_thread_blocked, id=7068, stack(0x0000006811400000,0x0000006811500000)]
  0x000001b8d0e6a800 JavaThread "Cache worker for journal cache (C:\Users\Hacking\.gradle\caches\journal-1)" [_thread_blocked, id=5812, stack(0x0000006811d00000,0x0000006811e00000)]
  0x000001b8d0e6b800 JavaThread "File lock request listener" [_thread_in_native, id=19024, stack(0x0000006811e00000,0x0000006811f00000)]
  0x000001b8d0e6e000 JavaThread "Cache worker for file hash cache (C:\Users\Hacking\.gradle\caches\7.4\fileHashes)" [_thread_blocked, id=23320, stack(0x0000006811f00000,0x0000006812000000)]
  0x000001b8d0e6f800 JavaThread "File watcher server" daemon [_thread_in_native, id=22632, stack(0x0000006812400000,0x0000006812500000)]
  0x000001b8d0e70800 JavaThread "File watcher consumer" daemon [_thread_blocked, id=20824, stack(0x0000006812500000,0x0000006812600000)]
  0x000001b8d13d1000 JavaThread "Cache worker for execution history cache (C:\Users\Hacking\.gradle\caches\7.4\executionHistory)" [_thread_blocked, id=23276, stack(0x0000006812a00000,0x0000006812b00000)]
  0x000001b8d13ce800 JavaThread "jar transforms" [_thread_blocked, id=2808, stack(0x0000006812c00000,0x0000006812d00000)]
  0x000001b8d13cc800 JavaThread "Cache worker for file content cache (C:\Users\Hacking\.gradle\caches\7.4\fileContent)" [_thread_blocked, id=20512, stack(0x0000006812d00000,0x0000006812e00000)]
  0x000001b8d13cd000 JavaThread "jar transforms Thread 2" [_thread_blocked, id=22288, stack(0x0000006812e00000,0x0000006812f00000)]
  0x000001b8d13d2000 JavaThread "jar transforms Thread 3" [_thread_blocked, id=9320, stack(0x0000006813000000,0x0000006813100000)]
  0x000001b8d4e12000 JavaThread "jar transforms Thread 4" [_thread_blocked, id=16752, stack(0x0000006818200000,0x0000006818300000)]
  0x000001b8d4e14800 JavaThread "jar transforms Thread 5" [_thread_blocked, id=8076, stack(0x0000006818300000,0x0000006818400000)]
  0x000001b8d4e13000 JavaThread "jar transforms Thread 6" [_thread_blocked, id=11784, stack(0x0000006818400000,0x0000006818500000)]
  0x000001b8d4e14000 JavaThread "jar transforms Thread 7" [_thread_blocked, id=18724, stack(0x0000006818500000,0x0000006818600000)]
  0x000001b8d4e15800 JavaThread "jar transforms Thread 8" [_thread_blocked, id=18804, stack(0x0000006818600000,0x0000006818700000)]
  0x000001b8d4e16800 JavaThread "Memory manager" [_thread_blocked, id=18776, stack(0x0000006818700000,0x0000006818800000)]
  0x000001b8d7b00800 JavaThread "Cache worker for Java compile cache (C:\Users\Hacking\.gradle\caches\7.4\javaCompile)" [_thread_blocked, id=19764, stack(0x0000006819200000,0x0000006819300000)]
  0x000001b8de021800 JavaThread "ForkJoinPool.commonPool-worker-3" daemon [_thread_blocked, id=21856, stack(0x000000681ab00000,0x000000681ac00000)]
  0x000001b8d9810800 JavaThread "Daemon Thread 22" [_thread_blocked, id=20352, stack(0x0000006811600000,0x0000006811700000)]
  0x000001b8d9817000 JavaThread "Handler for socket connection from /127.0.0.1:64612 to /127.0.0.1:57169" [_thread_in_native, id=17264, stack(0x0000006811700000,0x0000006811800000)]
  0x000001b8d9816000 JavaThread "Cancel handler" [_thread_blocked, id=16448, stack(0x0000006811800000,0x0000006811900000)]
  0x000001b8d9814800 JavaThread "Daemon worker Thread 22" [_thread_blocked, id=10628, stack(0x0000006811900000,0x0000006811a00000)]
  0x000001b8d9815000 JavaThread "Asynchronous log dispatcher for DefaultDaemonConnection: socket connection from /127.0.0.1:64612 to /127.0.0.1:57169" [_thread_blocked, id=17804, stack(0x0000006811a00000,0x0000006811b00000)]
  0x000001b8d9813800 JavaThread "Stdin handler" [_thread_blocked, id=16532, stack(0x0000006811b00000,0x0000006811c00000)]
  0x000001b8d9811000 JavaThread "Daemon client event forwarder" [_thread_blocked, id=16568, stack(0x0000006811c00000,0x0000006811d00000)]
  0x000001b8d9817800 JavaThread "Cache worker for checksums cache (C:\Users\Hacking\Desktop\Silde5\.gradle\7.4\checksums)" [_thread_blocked, id=5828, stack(0x0000006812300000,0x0000006812400000)]
  0x000001b8d9812000 JavaThread "Cache worker for cache directory md-rule (C:\Users\Hacking\.gradle\caches\7.4\md-rule)" [_thread_blocked, id=17320, stack(0x0000006812600000,0x0000006812700000)]
  0x000001b8d981c800 JavaThread "Cache worker for file hash cache (C:\Users\Hacking\Desktop\Silde5\.gradle\7.4\fileHashes)" [_thread_blocked, id=8880, stack(0x0000006812700000,0x0000006812800000)]
  0x000001b8d981b800 JavaThread "Cache worker for cache directory md-supplier (C:\Users\Hacking\.gradle\caches\7.4\md-supplier)" [_thread_blocked, id=20720, stack(0x0000006812800000,0x0000006812900000)]
  0x000001b8d45e8800 JavaThread "C2 CompilerThread1" daemon [_thread_in_native, id=18836, stack(0x0000006812f00000,0x0000006813000000)]
  0x000001b8d45e3800 JavaThread "C2 CompilerThread2" daemon [_thread_blocked, id=18752, stack(0x0000006813100000,0x0000006813200000)]
  0x000001b8d981b000 JavaThread "Cache worker for dependencies-accessors (C:\Users\Hacking\Desktop\Silde5\.gradle\7.4\dependencies-accessors)" [_thread_blocked, id=19164, stack(0x0000006813200000,0x0000006813300000)]
  0x000001b8d981e000 JavaThread "Cache worker for Build Output Cleanup Cache (C:\Users\Hacking\Desktop\Silde5\.gradle\buildOutputCleanup)" [_thread_blocked, id=21280, stack(0x0000006813300000,0x0000006813400000)]
  0x000001b8d981a000 JavaThread "Unconstrained build operations" [_thread_blocked, id=15668, stack(0x0000006813400000,0x0000006813500000)]
  0x000001b8d981d800 JavaThread "Unconstrained build operations Thread 2" [_thread_blocked, id=20584, stack(0x0000006813500000,0x0000006813600000)]
  0x000001b8d9818800 JavaThread "Unconstrained build operations Thread 3" [_thread_blocked, id=17488, stack(0x0000006813600000,0x0000006813700000)]
  0x000001b8d9819000 JavaThread "Unconstrained build operations Thread 4" [_thread_blocked, id=7372, stack(0x0000006813700000,0x0000006813800000)]
  0x000001b8d981f000 JavaThread "Unconstrained build operations Thread 5" [_thread_blocked, id=1748, stack(0x0000006813800000,0x0000006813900000)]
  0x000001b8d62c6800 JavaThread "Unconstrained build operations Thread 6" [_thread_blocked, id=6540, stack(0x0000006813900000,0x0000006813a00000)]
  0x000001b8d62c5800 JavaThread "Unconstrained build operations Thread 7" [_thread_blocked, id=19832, stack(0x0000006813a00000,0x0000006813b00000)]
  0x000001b8d62ca800 JavaThread "Unconstrained build operations Thread 8" [_thread_blocked, id=6096, stack(0x0000006813b00000,0x0000006813c00000)]
  0x000001b8d62c7000 JavaThread "Unconstrained build operations Thread 9" [_thread_blocked, id=18580, stack(0x0000006813c00000,0x0000006813d00000)]
  0x000001b8d62cd000 JavaThread "Unconstrained build operations Thread 10" [_thread_blocked, id=13968, stack(0x0000006813d00000,0x0000006813e00000)]
  0x000001b8d62c9000 JavaThread "Unconstrained build operations Thread 11" [_thread_blocked, id=21004, stack(0x0000006813e00000,0x0000006813f00000)]
  0x000001b8d62c9800 JavaThread "Unconstrained build operations Thread 12" [_thread_blocked, id=14428, stack(0x0000006813f00000,0x0000006814000000)]
  0x000001b8d62ce000 JavaThread "Unconstrained build operations Thread 13" [_thread_blocked, id=716, stack(0x0000006814000000,0x0000006814100000)]
  0x000001b8d62cb800 JavaThread "Unconstrained build operations Thread 14" [_thread_blocked, id=20660, stack(0x0000006814100000,0x0000006814200000)]
  0x000001b8d62c8000 JavaThread "Unconstrained build operations Thread 15" [_thread_blocked, id=20172, stack(0x0000006814200000,0x0000006814300000)]
  0x000001b8d62ce800 JavaThread "Unconstrained build operations Thread 16" [_thread_blocked, id=18648, stack(0x0000006814300000,0x0000006814400000)]
  0x000001b8d62cc000 JavaThread "Unconstrained build operations Thread 17" [_thread_blocked, id=20784, stack(0x0000006814400000,0x0000006814500000)]
  0x000001b8d62d0000 JavaThread "Unconstrained build operations Thread 18" [_thread_blocked, id=7104, stack(0x0000006814500000,0x0000006814600000)]
  0x000001b8d62d1000 JavaThread "Unconstrained build operations Thread 19" [_thread_blocked, id=16924, stack(0x0000006814600000,0x0000006814700000)]
  0x000001b8d62d2000 JavaThread "Unconstrained build operations Thread 20" [_thread_blocked, id=5284, stack(0x0000006814700000,0x0000006814800000)]
  0x000001b8d62cf800 JavaThread "Unconstrained build operations Thread 21" [_thread_blocked, id=21836, stack(0x0000006814800000,0x0000006814900000)]
  0x000001b8d62d3800 JavaThread "Unconstrained build operations Thread 22" [_thread_blocked, id=9412, stack(0x0000006814900000,0x0000006814a00000)]
  0x000001b8d62d4800 JavaThread "Unconstrained build operations Thread 23" [_thread_blocked, id=23308, stack(0x0000006814a00000,0x0000006814b00000)]
  0x000001b8d7584800 JavaThread "Unconstrained build operations Thread 24" [_thread_blocked, id=7420, stack(0x0000006814b00000,0x0000006814c00000)]
  0x000001b8d7587000 JavaThread "Unconstrained build operations Thread 25" [_thread_blocked, id=21216, stack(0x0000006814c00000,0x0000006814d00000)]
  0x000001b8d7588000 JavaThread "Unconstrained build operations Thread 26" [_thread_blocked, id=16388, stack(0x0000006814d00000,0x0000006814e00000)]
  0x000001b8d7582800 JavaThread "Unconstrained build operations Thread 27" [_thread_blocked, id=9780, stack(0x0000006814e00000,0x0000006814f00000)]
  0x000001b8d7584000 JavaThread "Unconstrained build operations Thread 28" [_thread_blocked, id=16284, stack(0x0000006814f00000,0x0000006815000000)]
  0x000001b8d7583000 JavaThread "Unconstrained build operations Thread 29" [_thread_blocked, id=19912, stack(0x0000006815000000,0x0000006815100000)]
  0x000001b8d7586800 JavaThread "Unconstrained build operations Thread 30" [_thread_blocked, id=20224, stack(0x0000006815100000,0x0000006815200000)]
  0x000001b8d7589800 JavaThread "Unconstrained build operations Thread 31" [_thread_blocked, id=8084, stack(0x0000006815200000,0x0000006815300000)]
  0x000001b8d758a800 JavaThread "Unconstrained build operations Thread 32" [_thread_blocked, id=22624, stack(0x0000006815300000,0x0000006815400000)]
  0x000001b8d758b000 JavaThread "Unconstrained build operations Thread 33" [_thread_blocked, id=22796, stack(0x0000006815400000,0x0000006815500000)]
  0x000001b8d7585800 JavaThread "Unconstrained build operations Thread 34" [_thread_blocked, id=20360, stack(0x0000006815500000,0x0000006815600000)]
  0x000001b8d7591000 JavaThread "Unconstrained build operations Thread 35" [_thread_blocked, id=17216, stack(0x0000006815600000,0x0000006815700000)]
  0x000001b8d758d800 JavaThread "Unconstrained build operations Thread 36" [_thread_blocked, id=21052, stack(0x0000006815700000,0x0000006815800000)]
  0x000001b8d758f800 JavaThread "Unconstrained build operations Thread 37" [_thread_blocked, id=3424, stack(0x0000006815800000,0x0000006815900000)]
  0x000001b8d758d000 JavaThread "Unconstrained build operations Thread 38" [_thread_blocked, id=10212, stack(0x0000006815900000,0x0000006815a00000)]
  0x000001b8d758c000 JavaThread "Unconstrained build operations Thread 39" [_thread_blocked, id=23512, stack(0x0000006815a00000,0x0000006815b00000)]
  0x000001b8d758e800 JavaThread "Unconstrained build operations Thread 40" [_thread_blocked, id=11104, stack(0x0000006815b00000,0x0000006815c00000)]
  0x000001b8d7590000 JavaThread "Unconstrained build operations Thread 41" [_thread_blocked, id=23024, stack(0x0000006815c00000,0x0000006815d00000)]
  0x000001b8d7b04000 JavaThread "Unconstrained build operations Thread 42" [_thread_blocked, id=12748, stack(0x0000006815d00000,0x0000006815e00000)]
  0x000001b8d7b01800 JavaThread "Unconstrained build operations Thread 43" [_thread_blocked, id=19092, stack(0x0000006815e00000,0x0000006815f00000)]
  0x000001b8d7afe000 JavaThread "Unconstrained build operations Thread 44" [_thread_blocked, id=19900, stack(0x0000006815f00000,0x0000006816000000)]
  0x000001b8d7b02800 JavaThread "Unconstrained build operations Thread 45" [_thread_blocked, id=10344, stack(0x0000006816000000,0x0000006816100000)]
  0x000001b8d7b03000 JavaThread "Unconstrained build operations Thread 46" [_thread_blocked, id=16536, stack(0x0000006816100000,0x0000006816200000)]
  0x000001b8d7b05000 JavaThread "Unconstrained build operations Thread 47" [_thread_blocked, id=21376, stack(0x0000006816200000,0x0000006816300000)]
  0x000001b8d7aff000 JavaThread "Unconstrained build operations Thread 48" [_thread_blocked, id=18468, stack(0x0000006816300000,0x0000006816400000)]
  0x000001b8d7b05800 JavaThread "Unconstrained build operations Thread 49" [_thread_blocked, id=7648, stack(0x0000006816400000,0x0000006816500000)]
  0x000001b8d7b00000 JavaThread "Unconstrained build operations Thread 50" [_thread_blocked, id=1404, stack(0x0000006816500000,0x0000006816600000)]
  0x000001b8d7b06800 JavaThread "Unconstrained build operations Thread 51" [_thread_blocked, id=4804, stack(0x0000006816600000,0x0000006816700000)]
  0x000001b8d7b08000 JavaThread "Unconstrained build operations Thread 52" [_thread_blocked, id=22012, stack(0x0000006816700000,0x0000006816800000)]
  0x000001b8d7b07000 JavaThread "Unconstrained build operations Thread 53" [_thread_blocked, id=5596, stack(0x0000006816800000,0x0000006816900000)]
  0x000001b8d7b0b800 JavaThread "Unconstrained build operations Thread 54" [_thread_blocked, id=21712, stack(0x0000006816900000,0x0000006816a00000)]
  0x000001b8d7b09000 JavaThread "Unconstrained build operations Thread 55" [_thread_blocked, id=22604, stack(0x0000006816a00000,0x0000006816b00000)]
  0x000001b8d7b09800 JavaThread "Unconstrained build operations Thread 56" [_thread_blocked, id=16664, stack(0x0000006816b00000,0x0000006816c00000)]
  0x000001b8d7b0a800 JavaThread "Unconstrained build operations Thread 57" [_thread_blocked, id=11468, stack(0x0000006816c00000,0x0000006816d00000)]
  0x000001b8d4e0d800 JavaThread "Unconstrained build operations Thread 58" [_thread_blocked, id=9740, stack(0x0000006816d00000,0x0000006816e00000)]
  0x000001b8d4e0a000 JavaThread "Unconstrained build operations Thread 59" [_thread_blocked, id=1784, stack(0x0000006816e00000,0x0000006816f00000)]
  0x000001b8d4e07800 JavaThread "Unconstrained build operations Thread 60" [_thread_blocked, id=1384, stack(0x0000006816f00000,0x0000006817000000)]
  0x000001b8d4e0e000 JavaThread "Unconstrained build operations Thread 61" [_thread_blocked, id=22228, stack(0x0000006817000000,0x0000006817100000)]
  0x000001b8d4e0b000 JavaThread "Unconstrained build operations Thread 62" [_thread_blocked, id=280, stack(0x0000006817100000,0x0000006817200000)]
  0x000001b8d4e09800 JavaThread "Unconstrained build operations Thread 63" [_thread_blocked, id=3848, stack(0x0000006817200000,0x0000006817300000)]
  0x000001b8d4e0b800 JavaThread "Unconstrained build operations Thread 64" [_thread_blocked, id=17964, stack(0x0000006817300000,0x0000006817400000)]
  0x000001b8d4e08800 JavaThread "Unconstrained build operations Thread 65" [_thread_blocked, id=19984, stack(0x0000006817400000,0x0000006817500000)]
  0x000001b8d4e11800 JavaThread "Unconstrained build operations Thread 66" [_thread_blocked, id=16368, stack(0x0000006817500000,0x0000006817600000)]
  0x000001b8d4e0c800 JavaThread "Unconstrained build operations Thread 67" [_thread_blocked, id=16644, stack(0x0000006817600000,0x0000006817700000)]
  0x000001b8d4e10000 JavaThread "Unconstrained build operations Thread 68" [_thread_blocked, id=8540, stack(0x0000006817700000,0x0000006817800000)]
  0x000001b8d4e10800 JavaThread "Unconstrained build operations Thread 69" [_thread_blocked, id=15712, stack(0x0000006817800000,0x0000006817900000)]
  0x000001b8d13d3000 JavaThread "Unconstrained build operations Thread 70" [_thread_blocked, id=14880, stack(0x0000006817900000,0x0000006817a00000)]
  0x000001b8d13d3800 JavaThread "Unconstrained build operations Thread 71" [_thread_blocked, id=18668, stack(0x0000006817a00000,0x0000006817b00000)]
  0x000001b8d13d4800 JavaThread "Unconstrained build operations Thread 72" [_thread_blocked, id=8860, stack(0x0000006817b00000,0x0000006817c00000)]
  0x000001b8d13cf800 JavaThread "Unconstrained build operations Thread 73" [_thread_blocked, id=19188, stack(0x0000006817c00000,0x0000006817d00000)]
  0x000001b8d13d7800 JavaThread "Unconstrained build operations Thread 74" [_thread_blocked, id=15244, stack(0x0000006817d00000,0x0000006817e00000)]
  0x000001b8d13d7000 JavaThread "Unconstrained build operations Thread 75" [_thread_blocked, id=7820, stack(0x0000006817e00000,0x0000006817f00000)]
  0x000001b8d13d6000 JavaThread "Unconstrained build operations Thread 76" [_thread_blocked, id=22828, stack(0x0000006817f00000,0x0000006818000000)]
  0x000001b8d13d8800 JavaThread "Unconstrained build operations Thread 77" [_thread_blocked, id=22280, stack(0x0000006818000000,0x0000006818100000)]
  0x000001b8d13da000 JavaThread "Unconstrained build operations Thread 78" [_thread_blocked, id=22488, stack(0x0000006818100000,0x0000006818200000)]
  0x000001b8d13d9800 JavaThread "Unconstrained build operations Thread 79" [_thread_blocked, id=18884, stack(0x0000006818800000,0x0000006818900000)]
  0x000001b8d13db000 JavaThread "Unconstrained build operations Thread 80" [_thread_blocked, id=21540, stack(0x0000006818900000,0x0000006818a00000)]
  0x000001b8de01f000 JavaThread "included builds" [_thread_blocked, id=3084, stack(0x0000006818a00000,0x0000006818b00000)]
  0x000001b8d0e6e800 JavaThread "Cache worker for execution history cache (C:\Users\Hacking\Desktop\Silde5\.gradle\7.4\executionHistory)" [_thread_blocked, id=9876, stack(0x0000006819300000,0x0000006819400000)]

Other Threads:
=>0x000001b8cea98000 VMThread "VM Thread" [stack: 0x0000006810300000,0x0000006810400000] [id=19380]
  0x000001b8cec70000 WatcherThread [stack: 0x0000006810d00000,0x0000006810e00000] [id=1212]
  0x000001b8b1df3800 GCTaskThread "GC Thread#0" [stack: 0x000000680fe00000,0x000000680ff00000] [id=20468]
  0x000001b8cfcac000 GCTaskThread "GC Thread#1" [stack: 0x0000006810e00000,0x0000006810f00000] [id=11908]
  0x000001b8cf2f8000 GCTaskThread "GC Thread#2" [stack: 0x0000006810f00000,0x0000006811000000] [id=22792]
  0x000001b8cfc50800 GCTaskThread "GC Thread#3" [stack: 0x0000006811000000,0x0000006811100000] [id=20932]
  0x000001b8cfc35800 GCTaskThread "GC Thread#4" [stack: 0x0000006811100000,0x0000006811200000] [id=18092]
  0x000001b8cf95f800 GCTaskThread "GC Thread#5" [stack: 0x0000006811200000,0x0000006811300000] [id=16504]
  0x000001b8d051e000 GCTaskThread "GC Thread#6" [stack: 0x0000006812000000,0x0000006812100000] [id=16260]
  0x000001b8d0b6b800 GCTaskThread "GC Thread#7" [stack: 0x0000006812100000,0x0000006812200000] [id=13568]
  0x000001b8b1e23000 ConcurrentGCThread "G1 Main Marker" [stack: 0x000000680ff00000,0x0000006810000000] [id=22340]
  0x000001b8b1e26000 ConcurrentGCThread "G1 Conc#0" [stack: 0x0000006810000000,0x0000006810100000] [id=15628]
  0x000001b8cfd57000 ConcurrentGCThread "G1 Conc#1" [stack: 0x0000006812200000,0x0000006812300000] [id=23228]
  0x000001b8b1eae000 ConcurrentGCThread "G1 Refine#0" [stack: 0x0000006810100000,0x0000006810200000] [id=11880]
  0x000001b8d6382000 ConcurrentGCThread "G1 Refine#1" [stack: 0x0000006812900000,0x0000006812a00000] [id=12588]
  0x000001b8d6381000 ConcurrentGCThread "G1 Refine#2" [stack: 0x0000006812b00000,0x0000006812c00000] [id=18404]
  0x000001b8ce0e8800 ConcurrentGCThread "G1 Young RemSet Sampling" [stack: 0x0000006810200000,0x0000006810300000] [id=21420]

Threads with active compile tasks:
C2 CompilerThread07218780 35055  s!   4       java.beans.PropertyDescriptor::getWriteMethod (152 bytes)
C2 CompilerThread17218780 34899       4       org.gradle.api.internal.artifacts.transform.AttributeMatchingVariantSelector::doSelect (469 bytes)
C2 CompilerThread27218780 35070       4       java.util.LinkedHashSet::<init> (27 bytes)

VM state:at safepoint (normal execution)

VM Mutex/Monitor currently owned by a thread:  ([mutex/lock_event])
[0x000001b8b1dd57e0] Threads_lock - owner thread: 0x000001b8cea98000
[0x000001b8b1dd6320] Heap_lock - owner thread: 0x000001b8d9814800

Heap address: 0x0000000080000000, size: 2048 MB, Compressed Oops mode: 32-bit
Narrow klass base: 0x0000000000000000, Narrow klass shift: 3
Compressed class space size: 1073741824 Address: 0x0000000100000000

Heap:
 garbage-first heap   total 318464K, used 183300K [0x0000000080000000, 0x0000000100000000)
  region size 1024K, 2 young (2048K), 2 survivors (2048K)
 Metaspace       used 167560K, capacity 173009K, committed 173080K, reserved 1200128K
  class space    used 20965K, capacity 22922K, committed 22988K, reserved 1048576K
Heap Regions: E=young(eden), S=young(survivor), O=old, HS=humongous(starts), HC=humongous(continues), CS=collection set, F=free, A=archive, TAMS=top-at-mark-start (previous, next)
|   0|0x0000000080000000, 0x0000000080100000, 0x0000000080100000|100%| O|  |TAMS 0x0000000080100000, 0x0000000080100000| Untracked 
|   1|0x0000000080100000, 0x0000000080200000, 0x0000000080200000|100%| O|  |TAMS 0x0000000080200000, 0x0000000080200000| Untracked 
|   2|0x0000000080200000, 0x0000000080300000, 0x0000000080300000|100%| O|  |TAMS 0x0000000080300000, 0x0000000080300000| Untracked 
|   3|0x0000000080300000, 0x0000000080400000, 0x0000000080400000|100%|HS|  |TAMS 0x0000000080400000, 0x0000000080400000| Complete 
|   4|0x0000000080400000, 0x0000000080500000, 0x0000000080500000|100%|HC|  |TAMS 0x0000000080500000, 0x0000000080500000| Complete 
|   5|0x0000000080500000, 0x0000000080600000, 0x0000000080600000|100%|HC|  |TAMS 0x0000000080600000, 0x0000000080600000| Complete 
|   6|0x0000000080600000, 0x0000000080700000, 0x0000000080700000|100%| O|  |TAMS 0x0000000080700000, 0x0000000080700000| Untracked 
|   7|0x0000000080700000, 0x0000000080800000, 0x0000000080800000|100%| O|  |TAMS 0x0000000080800000, 0x0000000080800000| Untracked 
|   8|0x0000000080800000, 0x0000000080900000, 0x0000000080900000|100%| O|  |TAMS 0x0000000080900000, 0x0000000080900000| Untracked 
|   9|0x0000000080900000, 0x0000000080a00000, 0x0000000080a00000|100%| O|  |TAMS 0x0000000080a00000, 0x0000000080a00000| Untracked 
|  10|0x0000000080a00000, 0x0000000080b00000, 0x0000000080b00000|100%| O|  |TAMS 0x0000000080b00000, 0x0000000080b00000| Untracked 
|  11|0x0000000080b00000, 0x0000000080c00000, 0x0000000080c00000|100%| O|  |TAMS 0x0000000080c00000, 0x0000000080c00000| Untracked 
|  12|0x0000000080c00000, 0x0000000080d00000, 0x0000000080d00000|100%| O|  |TAMS 0x0000000080d00000, 0x0000000080d00000| Untracked 
|  13|0x0000000080d00000, 0x0000000080e00000, 0x0000000080e00000|100%| O|  |TAMS 0x0000000080e00000, 0x0000000080e00000| Untracked 
|  14|0x0000000080e00000, 0x0000000080f00000, 0x0000000080f00000|100%| O|  |TAMS 0x0000000080f00000, 0x0000000080f00000| Untracked 
|  15|0x0000000080f00000, 0x0000000081000000, 0x0000000081000000|100%| O|  |TAMS 0x0000000081000000, 0x0000000081000000| Untracked 
|  16|0x0000000081000000, 0x0000000081100000, 0x0000000081100000|100%|HS|  |TAMS 0x0000000081100000, 0x0000000081100000| Complete 
|  17|0x0000000081100000, 0x0000000081200000, 0x0000000081200000|100%|HS|  |TAMS 0x0000000081200000, 0x0000000081200000| Complete 
|  18|0x0000000081200000, 0x0000000081300000, 0x0000000081300000|100%| O|  |TAMS 0x0000000081300000, 0x0000000081300000| Untracked 
|  19|0x0000000081300000, 0x0000000081400000, 0x0000000081400000|100%|HS|  |TAMS 0x0000000081400000, 0x0000000081400000| Complete 
|  20|0x0000000081400000, 0x0000000081500000, 0x0000000081500000|100%|HC|  |TAMS 0x0000000081500000, 0x0000000081500000| Complete 
|  21|0x0000000081500000, 0x0000000081600000, 0x0000000081600000|100%| O|  |TAMS 0x0000000081600000, 0x0000000081600000| Untracked 
|  22|0x0000000081600000, 0x0000000081700000, 0x0000000081700000|100%| O|  |TAMS 0x0000000081700000, 0x0000000081700000| Untracked 
|  23|0x0000000081700000, 0x0000000081800000, 0x0000000081800000|100%| O|  |TAMS 0x0000000081800000, 0x0000000081800000| Untracked 
|  24|0x0000000081800000, 0x0000000081900000, 0x0000000081900000|100%| O|  |TAMS 0x0000000081900000, 0x0000000081900000| Untracked 
|  25|0x0000000081900000, 0x0000000081a00000, 0x0000000081a00000|100%| O|  |TAMS 0x0000000081a00000, 0x0000000081a00000| Untracked 
|  26|0x0000000081a00000, 0x0000000081b00000, 0x0000000081b00000|100%| O|  |TAMS 0x0000000081b00000, 0x0000000081b00000| Untracked 
|  27|0x0000000081b00000, 0x0000000081c00000, 0x0000000081c00000|100%| O|  |TAMS 0x0000000081c00000, 0x0000000081c00000| Untracked 
|  28|0x0000000081c00000, 0x0000000081d00000, 0x0000000081d00000|100%| O|  |TAMS 0x0000000081d00000, 0x0000000081d00000| Untracked 
|  29|0x0000000081d00000, 0x0000000081e00000, 0x0000000081e00000|100%| O|  |TAMS 0x0000000081e00000, 0x0000000081e00000| Untracked 
|  30|0x0000000081e00000, 0x0000000081f00000, 0x0000000081f00000|100%| O|  |TAMS 0x0000000081f00000, 0x0000000081f00000| Untracked 
|  31|0x0000000081f00000, 0x0000000082000000, 0x0000000082000000|100%| O|  |TAMS 0x0000000082000000, 0x0000000082000000| Untracked 
|  32|0x0000000082000000, 0x0000000082100000, 0x0000000082100000|100%| O|  |TAMS 0x0000000082100000, 0x0000000082100000| Untracked 
|  33|0x0000000082100000, 0x0000000082200000, 0x0000000082200000|100%| O|  |TAMS 0x0000000082200000, 0x0000000082200000| Untracked 
|  34|0x0000000082200000, 0x0000000082300000, 0x0000000082300000|100%| O|  |TAMS 0x0000000082300000, 0x0000000082300000| Untracked 
|  35|0x0000000082300000, 0x0000000082400000, 0x0000000082400000|100%| O|  |TAMS 0x0000000082400000, 0x0000000082400000| Untracked 
|  36|0x0000000082400000, 0x0000000082500000, 0x0000000082500000|100%| O|  |TAMS 0x0000000082500000, 0x0000000082500000| Untracked 
|  37|0x0000000082500000, 0x0000000082600000, 0x0000000082600000|100%| O|  |TAMS 0x0000000082600000, 0x0000000082600000| Untracked 
|  38|0x0000000082600000, 0x0000000082700000, 0x0000000082700000|100%| O|  |TAMS 0x0000000082700000, 0x0000000082700000| Untracked 
|  39|0x0000000082700000, 0x0000000082800000, 0x0000000082800000|100%|HS|  |TAMS 0x0000000082800000, 0x0000000082800000| Complete 
|  40|0x0000000082800000, 0x0000000082900000, 0x0000000082900000|100%|HC|  |TAMS 0x0000000082900000, 0x0000000082900000| Complete 
|  41|0x0000000082900000, 0x0000000082a00000, 0x0000000082a00000|100%| O|  |TAMS 0x0000000082a00000, 0x0000000082a00000| Untracked 
|  42|0x0000000082a00000, 0x0000000082b00000, 0x0000000082b00000|100%| O|  |TAMS 0x0000000082b00000, 0x0000000082b00000| Untracked 
|  43|0x0000000082b00000, 0x0000000082c00000, 0x0000000082c00000|100%| O|  |TAMS 0x0000000082c00000, 0x0000000082c00000| Untracked 
|  44|0x0000000082c00000, 0x0000000082d00000, 0x0000000082d00000|100%|HS|  |TAMS 0x0000000082d00000, 0x0000000082d00000| Complete 
|  45|0x0000000082d00000, 0x0000000082e00000, 0x0000000082e00000|100%| O|  |TAMS 0x0000000082e00000, 0x0000000082e00000| Untracked 
|  46|0x0000000082e00000, 0x0000000082f00000, 0x0000000082f00000|100%| O|  |TAMS 0x0000000082f00000, 0x0000000082f00000| Untracked 
|  47|0x0000000082f00000, 0x0000000083000000, 0x0000000083000000|100%| O|  |TAMS 0x0000000083000000, 0x0000000083000000| Untracked 
|  48|0x0000000083000000, 0x0000000083100000, 0x0000000083100000|100%| O|  |TAMS 0x0000000083100000, 0x0000000083100000| Untracked 
|  49|0x0000000083100000, 0x0000000083200000, 0x0000000083200000|100%| O|  |TAMS 0x0000000083200000, 0x0000000083200000| Untracked 
|  50|0x0000000083200000, 0x0000000083300000, 0x0000000083300000|100%|HS|  |TAMS 0x0000000083300000, 0x0000000083300000| Complete 
|  51|0x0000000083300000, 0x0000000083400000, 0x0000000083400000|100%|HC|  |TAMS 0x0000000083400000, 0x0000000083400000| Complete 
|  52|0x0000000083400000, 0x0000000083500000, 0x0000000083500000|100%| O|  |TAMS 0x0000000083400000, 0x0000000083500000| Untracked 
|  53|0x0000000083500000, 0x0000000083600000, 0x0000000083600000|100%| O|  |TAMS 0x0000000083600000, 0x0000000083600000| Untracked 
|  54|0x0000000083600000, 0x0000000083700000, 0x0000000083700000|100%| O|  |TAMS 0x0000000083700000, 0x0000000083700000| Untracked 
|  55|0x0000000083700000, 0x0000000083800000, 0x0000000083800000|100%| O|  |TAMS 0x0000000083800000, 0x0000000083800000| Untracked 
|  56|0x0000000083800000, 0x0000000083800000, 0x0000000083900000|  0%| F|  |TAMS 0x0000000083800000, 0x0000000083800000| Untracked 
|  57|0x0000000083900000, 0x0000000083a00000, 0x0000000083a00000|100%| O|  |TAMS 0x0000000083a00000, 0x0000000083a00000| Untracked 
|  58|0x0000000083a00000, 0x0000000083b00000, 0x0000000083b00000|100%| O|  |TAMS 0x0000000083b00000, 0x0000000083b00000| Untracked 
|  59|0x0000000083b00000, 0x0000000083c00000, 0x0000000083c00000|100%| O|  |TAMS 0x0000000083c00000, 0x0000000083c00000| Untracked 
|  60|0x0000000083c00000, 0x0000000083d00000, 0x0000000083d00000|100%| O|  |TAMS 0x0000000083d00000, 0x0000000083d00000| Untracked 
|  61|0x0000000083d00000, 0x0000000083e00000, 0x0000000083e00000|100%| O|  |TAMS 0x0000000083e00000, 0x0000000083e00000| Untracked 
|  62|0x0000000083e00000, 0x0000000083f00000, 0x0000000083f00000|100%| O|  |TAMS 0x0000000083f00000, 0x0000000083f00000| Untracked 
|  63|0x0000000083f00000, 0x0000000084000000, 0x0000000084000000|100%| O|  |TAMS 0x0000000084000000, 0x0000000084000000| Untracked 
|  64|0x0000000084000000, 0x0000000084100000, 0x0000000084100000|100%| O|  |TAMS 0x0000000084100000, 0x0000000084100000| Untracked 
|  65|0x0000000084100000, 0x0000000084200000, 0x0000000084200000|100%| O|  |TAMS 0x0000000084200000, 0x0000000084200000| Untracked 
|  66|0x0000000084200000, 0x0000000084300000, 0x0000000084300000|100%| O|  |TAMS 0x0000000084300000, 0x0000000084300000| Untracked 
|  67|0x0000000084300000, 0x0000000084400000, 0x0000000084400000|100%|HS|  |TAMS 0x0000000084400000, 0x0000000084400000| Complete 
|  68|0x0000000084400000, 0x0000000084500000, 0x0000000084500000|100%| O|  |TAMS 0x0000000084500000, 0x0000000084500000| Untracked 
|  69|0x0000000084500000, 0x0000000084600000, 0x0000000084600000|100%| O|  |TAMS 0x0000000084600000, 0x0000000084600000| Untracked 
|  70|0x0000000084600000, 0x0000000084700000, 0x0000000084700000|100%| O|  |TAMS 0x0000000084700000, 0x0000000084700000| Untracked 
|  71|0x0000000084700000, 0x0000000084800000, 0x0000000084800000|100%| O|  |TAMS 0x0000000084800000, 0x0000000084800000| Untracked 
|  72|0x0000000084800000, 0x0000000084900000, 0x0000000084900000|100%| O|  |TAMS 0x0000000084900000, 0x0000000084900000| Untracked 
|  73|0x0000000084900000, 0x0000000084a00000, 0x0000000084a00000|100%| O|  |TAMS 0x0000000084a00000, 0x0000000084a00000| Untracked 
|  74|0x0000000084a00000, 0x0000000084b00000, 0x0000000084b00000|100%| O|  |TAMS 0x0000000084b00000, 0x0000000084b00000| Untracked 
|  75|0x0000000084b00000, 0x0000000084c00000, 0x0000000084c00000|100%| O|  |TAMS 0x0000000084c00000, 0x0000000084c00000| Untracked 
|  76|0x0000000084c00000, 0x0000000084d00000, 0x0000000084d00000|100%| O|  |TAMS 0x0000000084d00000, 0x0000000084d00000| Untracked 
|  77|0x0000000084d00000, 0x0000000084e00000, 0x0000000084e00000|100%| O|  |TAMS 0x0000000084e00000, 0x0000000084e00000| Untracked 
|  78|0x0000000084e00000, 0x0000000084f00000, 0x0000000084f00000|100%| O|  |TAMS 0x0000000084f00000, 0x0000000084f00000| Untracked 
|  79|0x0000000084f00000, 0x0000000085000000, 0x0000000085000000|100%| O|  |TAMS 0x0000000085000000, 0x0000000085000000| Untracked 
|  80|0x0000000085000000, 0x0000000085100000, 0x0000000085100000|100%| O|  |TAMS 0x0000000085100000, 0x0000000085100000| Untracked 
|  81|0x0000000085100000, 0x0000000085200000, 0x0000000085200000|100%| O|  |TAMS 0x0000000085200000, 0x0000000085200000| Untracked 
|  82|0x0000000085200000, 0x0000000085300000, 0x0000000085300000|100%| O|  |TAMS 0x0000000085300000, 0x0000000085300000| Untracked 
|  83|0x0000000085300000, 0x0000000085400000, 0x0000000085400000|100%| O|  |TAMS 0x0000000085400000, 0x0000000085400000| Untracked 
|  84|0x0000000085400000, 0x0000000085500000, 0x0000000085500000|100%| O|  |TAMS 0x0000000085500000, 0x0000000085500000| Untracked 
|  85|0x0000000085500000, 0x0000000085600000, 0x0000000085600000|100%| O|  |TAMS 0x0000000085600000, 0x0000000085600000| Untracked 
|  86|0x0000000085600000, 0x0000000085700000, 0x0000000085700000|100%| O|  |TAMS 0x0000000085700000, 0x0000000085700000| Untracked 
|  87|0x0000000085700000, 0x0000000085800000, 0x0000000085800000|100%| O|  |TAMS 0x0000000085800000, 0x0000000085800000| Untracked 
|  88|0x0000000085800000, 0x0000000085900000, 0x0000000085900000|100%| O|  |TAMS 0x0000000085900000, 0x0000000085900000| Untracked 
|  89|0x0000000085900000, 0x0000000085a00000, 0x0000000085a00000|100%| O|  |TAMS 0x0000000085a00000, 0x0000000085a00000| Untracked 
|  90|0x0000000085a00000, 0x0000000085b00000, 0x0000000085b00000|100%| O|  |TAMS 0x0000000085b00000, 0x0000000085b00000| Untracked 
|  91|0x0000000085b00000, 0x0000000085c00000, 0x0000000085c00000|100%| O|  |TAMS 0x0000000085c00000, 0x0000000085c00000| Untracked 
|  92|0x0000000085c00000, 0x0000000085d00000, 0x0000000085d00000|100%| O|  |TAMS 0x0000000085d00000, 0x0000000085d00000| Untracked 
|  93|0x0000000085d00000, 0x0000000085e00000, 0x0000000085e00000|100%| O|  |TAMS 0x0000000085e00000, 0x0000000085e00000| Untracked 
|  94|0x0000000085e00000, 0x0000000085f00000, 0x0000000085f00000|100%| O|  |TAMS 0x0000000085f00000, 0x0000000085f00000| Untracked 
|  95|0x0000000085f00000, 0x0000000086000000, 0x0000000086000000|100%| O|  |TAMS 0x0000000086000000, 0x0000000086000000| Untracked 
|  96|0x0000000086000000, 0x0000000086100000, 0x0000000086100000|100%| O|  |TAMS 0x0000000086100000, 0x0000000086100000| Untracked 
|  97|0x0000000086100000, 0x0000000086200000, 0x0000000086200000|100%| O|  |TAMS 0x0000000086200000, 0x0000000086200000| Untracked 
|  98|0x0000000086200000, 0x0000000086300000, 0x0000000086300000|100%| O|  |TAMS 0x0000000086300000, 0x0000000086300000| Untracked 
|  99|0x0000000086300000, 0x0000000086400000, 0x0000000086400000|100%| O|  |TAMS 0x0000000086400000, 0x0000000086400000| Untracked 
| 100|0x0000000086400000, 0x0000000086500000, 0x0000000086500000|100%| O|  |TAMS 0x0000000086500000, 0x0000000086500000| Untracked 
| 101|0x0000000086500000, 0x0000000086600000, 0x0000000086600000|100%|HS|  |TAMS 0x0000000086600000, 0x0000000086600000| Complete 
| 102|0x0000000086600000, 0x0000000086700000, 0x0000000086700000|100%|HC|  |TAMS 0x0000000086700000, 0x0000000086700000| Complete 
| 103|0x0000000086700000, 0x0000000086800000, 0x0000000086800000|100%| O|  |TAMS 0x0000000086800000, 0x0000000086800000| Untracked 
| 104|0x0000000086800000, 0x0000000086900000, 0x0000000086900000|100%| O|  |TAMS 0x0000000086900000, 0x0000000086900000| Untracked 
| 105|0x0000000086900000, 0x0000000086a00000, 0x0000000086a00000|100%| O|  |TAMS 0x0000000086a00000, 0x0000000086a00000| Untracked 
| 106|0x0000000086a00000, 0x0000000086b00000, 0x0000000086b00000|100%| O|  |TAMS 0x0000000086b00000, 0x0000000086b00000| Untracked 
| 107|0x0000000086b00000, 0x0000000086c00000, 0x0000000086c00000|100%|HS|  |TAMS 0x0000000086c00000, 0x0000000086c00000| Complete 
| 108|0x0000000086c00000, 0x0000000086d00000, 0x0000000086d00000|100%|HC|  |TAMS 0x0000000086d00000, 0x0000000086d00000| Complete 
| 109|0x0000000086d00000, 0x0000000086e00000, 0x0000000086e00000|100%|HC|  |TAMS 0x0000000086e00000, 0x0000000086e00000| Complete 
| 110|0x0000000086e00000, 0x0000000086f00000, 0x0000000086f00000|100%|HS|  |TAMS 0x0000000086f00000, 0x0000000086f00000| Complete 
| 111|0x0000000086f00000, 0x0000000087000000, 0x0000000087000000|100%|HC|  |TAMS 0x0000000087000000, 0x0000000087000000| Complete 
| 112|0x0000000087000000, 0x0000000087100000, 0x0000000087100000|100%|HC|  |TAMS 0x0000000087100000, 0x0000000087100000| Complete 
| 113|0x0000000087100000, 0x0000000087200000, 0x0000000087200000|100%|HS|  |TAMS 0x0000000087200000, 0x0000000087200000| Complete 
| 114|0x0000000087200000, 0x0000000087300000, 0x0000000087300000|100%|HC|  |TAMS 0x0000000087300000, 0x0000000087300000| Complete 
| 115|0x0000000087300000, 0x0000000087400000, 0x0000000087400000|100%|HC|  |TAMS 0x0000000087400000, 0x0000000087400000| Complete 
| 116|0x0000000087400000, 0x0000000087500000, 0x0000000087500000|100%|HC|  |TAMS 0x0000000087500000, 0x0000000087500000| Complete 
| 117|0x0000000087500000, 0x0000000087600000, 0x0000000087600000|100%|HC|  |TAMS 0x0000000087600000, 0x0000000087600000| Complete 
| 118|0x0000000087600000, 0x0000000087700000, 0x0000000087700000|100%|HS|  |TAMS 0x0000000087700000, 0x0000000087700000| Complete 
| 119|0x0000000087700000, 0x0000000087800000, 0x0000000087800000|100%|HC|  |TAMS 0x0000000087800000, 0x0000000087800000| Complete 
| 120|0x0000000087800000, 0x0000000087900000, 0x0000000087900000|100%|HC|  |TAMS 0x0000000087900000, 0x0000000087900000| Complete 
| 121|0x0000000087900000, 0x0000000087a00000, 0x0000000087a00000|100%|HC|  |TAMS 0x0000000087a00000, 0x0000000087a00000| Complete 
| 122|0x0000000087a00000, 0x0000000087b00000, 0x0000000087b00000|100%|HS|  |TAMS 0x0000000087b00000, 0x0000000087b00000| Complete 
| 123|0x0000000087b00000, 0x0000000087c00000, 0x0000000087c00000|100%|HC|  |TAMS 0x0000000087c00000, 0x0000000087c00000| Complete 
| 124|0x0000000087c00000, 0x0000000087d00000, 0x0000000087d00000|100%|HC|  |TAMS 0x0000000087d00000, 0x0000000087d00000| Complete 
| 125|0x0000000087d00000, 0x0000000087e00000, 0x0000000087e00000|100%|HC|  |TAMS 0x0000000087e00000, 0x0000000087e00000| Complete 
| 126|0x0000000087e00000, 0x0000000087f00000, 0x0000000087f00000|100%| O|  |TAMS 0x0000000087f00000, 0x0000000087f00000| Untracked 
| 127|0x0000000087f00000, 0x0000000088000000, 0x0000000088000000|100%| O|  |TAMS 0x0000000088000000, 0x0000000088000000| Untracked 
| 128|0x0000000088000000, 0x0000000088100000, 0x0000000088100000|100%|HS|  |TAMS 0x0000000088100000, 0x0000000088100000| Complete 
| 129|0x0000000088100000, 0x0000000088200000, 0x0000000088200000|100%|HC|  |TAMS 0x0000000088200000, 0x0000000088200000| Complete 
| 130|0x0000000088200000, 0x0000000088300000, 0x0000000088300000|100%|HC|  |TAMS 0x0000000088300000, 0x0000000088300000| Complete 
| 131|0x0000000088300000, 0x0000000088400000, 0x0000000088400000|100%|HS|  |TAMS 0x0000000088400000, 0x0000000088400000| Complete 
| 132|0x0000000088400000, 0x0000000088500000, 0x0000000088500000|100%|HC|  |TAMS 0x0000000088500000, 0x0000000088500000| Complete 
| 133|0x0000000088500000, 0x0000000088600000, 0x0000000088600000|100%|HC|  |TAMS 0x0000000088600000, 0x0000000088600000| Complete 
| 134|0x0000000088600000, 0x0000000088700000, 0x0000000088700000|100%|HS|  |TAMS 0x0000000088700000, 0x0000000088700000| Complete 
| 135|0x0000000088700000, 0x0000000088800000, 0x0000000088800000|100%|HC|  |TAMS 0x0000000088800000, 0x0000000088800000| Complete 
| 136|0x0000000088800000, 0x0000000088900000, 0x0000000088900000|100%|HC|  |TAMS 0x0000000088900000, 0x0000000088900000| Complete 
| 137|0x0000000088900000, 0x0000000088a00000, 0x0000000088a00000|100%|HC|  |TAMS 0x0000000088a00000, 0x0000000088a00000| Complete 
| 138|0x0000000088a00000, 0x0000000088b00000, 0x0000000088b00000|100%|HC|  |TAMS 0x0000000088b00000, 0x0000000088b00000| Complete 
| 139|0x0000000088b00000, 0x0000000088c00000, 0x0000000088c00000|100%|HS|  |TAMS 0x0000000088c00000, 0x0000000088c00000| Complete 
| 140|0x0000000088c00000, 0x0000000088d00000, 0x0000000088d00000|100%|HC|  |TAMS 0x0000000088d00000, 0x0000000088d00000| Complete 
| 141|0x0000000088d00000, 0x0000000088e00000, 0x0000000088e00000|100%|HC|  |TAMS 0x0000000088e00000, 0x0000000088e00000| Complete 
| 142|0x0000000088e00000, 0x0000000088f00000, 0x0000000088f00000|100%| O|  |TAMS 0x0000000088f00000, 0x0000000088f00000| Untracked 
| 143|0x0000000088f00000, 0x0000000089000000, 0x0000000089000000|100%| O|  |TAMS 0x0000000089000000, 0x0000000089000000| Untracked 
| 144|0x0000000089000000, 0x0000000089100000, 0x0000000089100000|100%| O|  |TAMS 0x0000000089100000, 0x0000000089100000| Untracked 
| 145|0x0000000089100000, 0x0000000089200000, 0x0000000089200000|100%| O|  |TAMS 0x0000000089200000, 0x0000000089200000| Untracked 
| 146|0x0000000089200000, 0x0000000089300000, 0x0000000089300000|100%| O|  |TAMS 0x0000000089300000, 0x0000000089300000| Untracked 
| 147|0x0000000089300000, 0x0000000089400000, 0x0000000089400000|100%| O|  |TAMS 0x0000000089400000, 0x0000000089400000| Untracked 
| 148|0x0000000089400000, 0x0000000089500000, 0x0000000089500000|100%| O|  |TAMS 0x0000000089500000, 0x0000000089500000| Untracked 
| 149|0x0000000089500000, 0x0000000089600000, 0x0000000089600000|100%|HS|  |TAMS 0x0000000089600000, 0x0000000089600000| Complete 
| 150|0x0000000089600000, 0x0000000089700000, 0x0000000089700000|100%|HC|  |TAMS 0x0000000089700000, 0x0000000089700000| Complete 
| 151|0x0000000089700000, 0x0000000089800000, 0x0000000089800000|100%|HC|  |TAMS 0x0000000089800000, 0x0000000089800000| Complete 
| 152|0x0000000089800000, 0x0000000089900000, 0x0000000089900000|100%| O|  |TAMS 0x0000000089900000, 0x0000000089900000| Untracked 
| 153|0x0000000089900000, 0x0000000089a00000, 0x0000000089a00000|100%| O|  |TAMS 0x0000000089a00000, 0x0000000089a00000| Untracked 
| 154|0x0000000089a00000, 0x0000000089b00000, 0x0000000089b00000|100%| O|  |TAMS 0x0000000089b00000, 0x0000000089b00000| Untracked 
| 155|0x0000000089b00000, 0x0000000089c00000, 0x0000000089c00000|100%| O|  |TAMS 0x0000000089c00000, 0x0000000089c00000| Untracked 
| 156|0x0000000089c00000, 0x0000000089d00000, 0x0000000089d00000|100%|HS|  |TAMS 0x0000000089d00000, 0x0000000089d00000| Complete 
| 157|0x0000000089d00000, 0x0000000089e00000, 0x0000000089e00000|100%|HC|  |TAMS 0x0000000089e00000, 0x0000000089e00000| Complete 
| 158|0x0000000089e00000, 0x0000000089f00000, 0x0000000089f00000|100%|HC|  |TAMS 0x0000000089f00000, 0x0000000089f00000| Complete 
| 159|0x0000000089f00000, 0x000000008a000000, 0x000000008a000000|100%|HC|  |TAMS 0x000000008a000000, 0x000000008a000000| Complete 
| 160|0x000000008a000000, 0x000000008a100000, 0x000000008a100000|100%|HC|  |TAMS 0x000000008a100000, 0x000000008a100000| Complete 
| 161|0x000000008a100000, 0x000000008a200000, 0x000000008a200000|100%|HS|  |TAMS 0x000000008a200000, 0x000000008a200000| Complete 
| 162|0x000000008a200000, 0x000000008a300000, 0x000000008a300000|100%|HC|  |TAMS 0x000000008a300000, 0x000000008a300000| Complete 
| 163|0x000000008a300000, 0x000000008a400000, 0x000000008a400000|100%|HC|  |TAMS 0x000000008a400000, 0x000000008a400000| Complete 
| 164|0x000000008a400000, 0x000000008a500000, 0x000000008a500000|100%|HC|  |TAMS 0x000000008a500000, 0x000000008a500000| Complete 
| 165|0x000000008a500000, 0x000000008a600000, 0x000000008a600000|100%| O|  |TAMS 0x000000008a600000, 0x000000008a600000| Untracked 
| 166|0x000000008a600000, 0x000000008a700000, 0x000000008a700000|100%| O|  |TAMS 0x000000008a600000, 0x000000008a700000| Untracked 
| 167|0x000000008a700000, 0x000000008a800000, 0x000000008a800000|100%| O|  |TAMS 0x000000008a800000, 0x000000008a800000| Untracked 
| 168|0x000000008a800000, 0x000000008a900000, 0x000000008a900000|100%| O|  |TAMS 0x000000008a900000, 0x000000008a900000| Untracked 
| 169|0x000000008a900000, 0x000000008aa00000, 0x000000008aa00000|100%| O|  |TAMS 0x000000008a900000, 0x000000008aa00000| Untracked 
| 170|0x000000008aa00000, 0x000000008ab00000, 0x000000008ab00000|100%| O|  |TAMS 0x000000008ab00000, 0x000000008ab00000| Untracked 
| 171|0x000000008ab00000, 0x000000008ac00000, 0x000000008ac00000|100%| O|  |TAMS 0x000000008abb4800, 0x000000008ac00000| Untracked 
| 172|0x000000008ac00000, 0x000000008ad00000, 0x000000008ad00000|100%| O|  |TAMS 0x000000008ac00000, 0x000000008ad00000| Untracked 
| 173|0x000000008ad00000, 0x000000008ad01200, 0x000000008ae00000|  0%| O|  |TAMS 0x000000008ad00000, 0x000000008ad01200| Untracked 
| 174|0x000000008ae00000, 0x000000008ae00000, 0x000000008af00000|  0%| F|  |TAMS 0x000000008ae00000, 0x000000008ae00000| Untracked 
| 175|0x000000008af00000, 0x000000008af00000, 0x000000008b000000|  0%| F|  |TAMS 0x000000008af00000, 0x000000008af00000| Untracked 
| 176|0x000000008b000000, 0x000000008b000000, 0x000000008b100000|  0%| F|  |TAMS 0x000000008b000000, 0x000000008b000000| Untracked 
| 177|0x000000008b100000, 0x000000008b100000, 0x000000008b200000|  0%| F|  |TAMS 0x000000008b100000, 0x000000008b100000| Untracked 
| 178|0x000000008b200000, 0x000000008b200000, 0x000000008b300000|  0%| F|  |TAMS 0x000000008b200000, 0x000000008b200000| Untracked 
| 179|0x000000008b300000, 0x000000008b300000, 0x000000008b400000|  0%| F|  |TAMS 0x000000008b300000, 0x000000008b300000| Untracked 
| 180|0x000000008b400000, 0x000000008b400000, 0x000000008b500000|  0%| F|  |TAMS 0x000000008b400000, 0x000000008b400000| Untracked 
| 181|0x000000008b500000, 0x000000008b500000, 0x000000008b600000|  0%| F|  |TAMS 0x000000008b500000, 0x000000008b500000| Untracked 
| 182|0x000000008b600000, 0x000000008b600000, 0x000000008b700000|  0%| F|  |TAMS 0x000000008b600000, 0x000000008b600000| Untracked 
| 183|0x000000008b700000, 0x000000008b700000, 0x000000008b800000|  0%| F|  |TAMS 0x000000008b700000, 0x000000008b700000| Untracked 
| 184|0x000000008b800000, 0x000000008b800000, 0x000000008b900000|  0%| F|  |TAMS 0x000000008b800000, 0x000000008b800000| Untracked 
| 185|0x000000008b900000, 0x000000008b900000, 0x000000008ba00000|  0%| F|  |TAMS 0x000000008b900000, 0x000000008b900000| Untracked 
| 186|0x000000008ba00000, 0x000000008ba00000, 0x000000008bb00000|  0%| F|  |TAMS 0x000000008ba00000, 0x000000008ba00000| Untracked 
| 187|0x000000008bb00000, 0x000000008bb00000, 0x000000008bc00000|  0%| F|  |TAMS 0x000000008bb00000, 0x000000008bb00000| Untracked 
| 188|0x000000008bc00000, 0x000000008bc00000, 0x000000008bd00000|  0%| F|  |TAMS 0x000000008bc00000, 0x000000008bc00000| Untracked 
| 189|0x000000008bd00000, 0x000000008bd00000, 0x000000008be00000|  0%| F|  |TAMS 0x000000008bd00000, 0x000000008bd00000| Untracked 
| 190|0x000000008be00000, 0x000000008be00000, 0x000000008bf00000|  0%| F|  |TAMS 0x000000008be00000, 0x000000008be00000| Untracked 
| 191|0x000000008bf00000, 0x000000008bf00000, 0x000000008c000000|  0%| F|  |TAMS 0x000000008bf00000, 0x000000008bf00000| Untracked 
| 192|0x000000008c000000, 0x000000008c000000, 0x000000008c100000|  0%| F|  |TAMS 0x000000008c000000, 0x000000008c000000| Untracked 
| 193|0x000000008c100000, 0x000000008c100000, 0x000000008c200000|  0%| F|  |TAMS 0x000000008c100000, 0x000000008c100000| Untracked 
| 194|0x000000008c200000, 0x000000008c200000, 0x000000008c300000|  0%| F|  |TAMS 0x000000008c200000, 0x000000008c200000| Untracked 
| 195|0x000000008c300000, 0x000000008c300000, 0x000000008c400000|  0%| F|  |TAMS 0x000000008c300000, 0x000000008c300000| Untracked 
| 196|0x000000008c400000, 0x000000008c400000, 0x000000008c500000|  0%| F|  |TAMS 0x000000008c400000, 0x000000008c400000| Untracked 
| 197|0x000000008c500000, 0x000000008c500000, 0x000000008c600000|  0%| F|  |TAMS 0x000000008c500000, 0x000000008c500000| Untracked 
| 198|0x000000008c600000, 0x000000008c600000, 0x000000008c700000|  0%| F|  |TAMS 0x000000008c600000, 0x000000008c600000| Untracked 
| 199|0x000000008c700000, 0x000000008c700000, 0x000000008c800000|  0%| F|  |TAMS 0x000000008c700000, 0x000000008c700000| Untracked 
| 200|0x000000008c800000, 0x000000008c800000, 0x000000008c900000|  0%| F|  |TAMS 0x000000008c800000, 0x000000008c800000| Untracked 
| 201|0x000000008c900000, 0x000000008c900000, 0x000000008ca00000|  0%| F|  |TAMS 0x000000008c900000, 0x000000008c900000| Untracked 
| 202|0x000000008ca00000, 0x000000008ca00000, 0x000000008cb00000|  0%| F|  |TAMS 0x000000008ca00000, 0x000000008ca00000| Untracked 
| 203|0x000000008cb00000, 0x000000008cb00000, 0x000000008cc00000|  0%| F|  |TAMS 0x000000008cb00000, 0x000000008cb00000| Untracked 
| 204|0x000000008cc00000, 0x000000008cc00000, 0x000000008cd00000|  0%| F|  |TAMS 0x000000008cc00000, 0x000000008cc00000| Untracked 
| 205|0x000000008cd00000, 0x000000008cd00000, 0x000000008ce00000|  0%| F|  |TAMS 0x000000008cd00000, 0x000000008cd00000| Untracked 
| 206|0x000000008ce00000, 0x000000008ce00000, 0x000000008cf00000|  0%| F|  |TAMS 0x000000008ce00000, 0x000000008ce00000| Untracked 
| 207|0x000000008cf00000, 0x000000008cf00000, 0x000000008d000000|  0%| F|  |TAMS 0x000000008cf00000, 0x000000008cf00000| Untracked 
| 208|0x000000008d000000, 0x000000008d000000, 0x000000008d100000|  0%| F|  |TAMS 0x000000008d000000, 0x000000008d000000| Untracked 
| 209|0x000000008d100000, 0x000000008d200000, 0x000000008d200000|100%| S|CS|TAMS 0x000000008d100000, 0x000000008d100000| Complete 
| 210|0x000000008d200000, 0x000000008d300000, 0x000000008d300000|100%| S|CS|TAMS 0x000000008d200000, 0x000000008d200000| Complete 
| 211|0x000000008d300000, 0x000000008d300000, 0x000000008d400000|  0%| F|  |TAMS 0x000000008d300000, 0x000000008d300000| Untracked 
| 212|0x000000008d400000, 0x000000008d400000, 0x000000008d500000|  0%| F|  |TAMS 0x000000008d400000, 0x000000008d400000| Untracked 
| 213|0x000000008d500000, 0x000000008d500000, 0x000000008d600000|  0%| F|  |TAMS 0x000000008d500000, 0x000000008d500000| Untracked 
| 214|0x000000008d600000, 0x000000008d600000, 0x000000008d700000|  0%| F|  |TAMS 0x000000008d600000, 0x000000008d600000| Untracked 
| 215|0x000000008d700000, 0x000000008d700000, 0x000000008d800000|  0%| F|  |TAMS 0x000000008d700000, 0x000000008d700000| Untracked 
| 216|0x000000008d800000, 0x000000008d800000, 0x000000008d900000|  0%| F|  |TAMS 0x000000008d800000, 0x000000008d800000| Untracked 
| 217|0x000000008d900000, 0x000000008d900000, 0x000000008da00000|  0%| F|  |TAMS 0x000000008d900000, 0x000000008d900000| Untracked 
| 218|0x000000008da00000, 0x000000008da00000, 0x000000008db00000|  0%| F|  |TAMS 0x000000008da00000, 0x000000008da00000| Untracked 
| 219|0x000000008db00000, 0x000000008db00000, 0x000000008dc00000|  0%| F|  |TAMS 0x000000008db00000, 0x000000008db00000| Untracked 
| 220|0x000000008dc00000, 0x000000008dc00000, 0x000000008dd00000|  0%| F|  |TAMS 0x000000008dc00000, 0x000000008dc00000| Untracked 
| 221|0x000000008dd00000, 0x000000008dd00000, 0x000000008de00000|  0%| F|  |TAMS 0x000000008dd00000, 0x000000008dd00000| Untracked 
| 222|0x000000008de00000, 0x000000008de00000, 0x000000008df00000|  0%| F|  |TAMS 0x000000008de00000, 0x000000008de00000| Untracked 
| 223|0x000000008df00000, 0x000000008df00000, 0x000000008e000000|  0%| F|  |TAMS 0x000000008df00000, 0x000000008df00000| Untracked 
| 224|0x000000008e000000, 0x000000008e000000, 0x000000008e100000|  0%| F|  |TAMS 0x000000008e000000, 0x000000008e000000| Untracked 
| 225|0x000000008e100000, 0x000000008e100000, 0x000000008e200000|  0%| F|  |TAMS 0x000000008e100000, 0x000000008e100000| Untracked 
| 226|0x000000008e200000, 0x000000008e200000, 0x000000008e300000|  0%| F|  |TAMS 0x000000008e200000, 0x000000008e200000| Untracked 
| 227|0x000000008e300000, 0x000000008e300000, 0x000000008e400000|  0%| F|  |TAMS 0x000000008e300000, 0x000000008e300000| Untracked 
| 228|0x000000008e400000, 0x000000008e400000, 0x000000008e500000|  0%| F|  |TAMS 0x000000008e400000, 0x000000008e400000| Untracked 
| 229|0x000000008e500000, 0x000000008e500000, 0x000000008e600000|  0%| F|  |TAMS 0x000000008e500000, 0x000000008e500000| Untracked 
| 230|0x000000008e600000, 0x000000008e600000, 0x000000008e700000|  0%| F|  |TAMS 0x000000008e600000, 0x000000008e600000| Untracked 
| 231|0x000000008e700000, 0x000000008e700000, 0x000000008e800000|  0%| F|  |TAMS 0x000000008e700000, 0x000000008e700000| Untracked 
| 232|0x000000008e800000, 0x000000008e800000, 0x000000008e900000|  0%| F|  |TAMS 0x000000008e800000, 0x000000008e800000| Untracked 
| 233|0x000000008e900000, 0x000000008e900000, 0x000000008ea00000|  0%| F|  |TAMS 0x000000008e900000, 0x000000008e900000| Untracked 
| 234|0x000000008ea00000, 0x000000008ea00000, 0x000000008eb00000|  0%| F|  |TAMS 0x000000008ea00000, 0x000000008ea00000| Untracked 
| 235|0x000000008eb00000, 0x000000008eb00000, 0x000000008ec00000|  0%| F|  |TAMS 0x000000008eb00000, 0x000000008eb00000| Untracked 
| 236|0x000000008ec00000, 0x000000008ec00000, 0x000000008ed00000|  0%| F|  |TAMS 0x000000008ec00000, 0x000000008ec00000| Untracked 
| 237|0x000000008ed00000, 0x000000008ed00000, 0x000000008ee00000|  0%| F|  |TAMS 0x000000008ed00000, 0x000000008ed00000| Untracked 
| 238|0x000000008ee00000, 0x000000008ee00000, 0x000000008ef00000|  0%| F|  |TAMS 0x000000008ee00000, 0x000000008ee00000| Untracked 
| 239|0x000000008ef00000, 0x000000008ef00000, 0x000000008f000000|  0%| F|  |TAMS 0x000000008ef00000, 0x000000008ef00000| Untracked 
| 240|0x000000008f000000, 0x000000008f000000, 0x000000008f100000|  0%| F|  |TAMS 0x000000008f000000, 0x000000008f000000| Untracked 
| 241|0x000000008f100000, 0x000000008f100000, 0x000000008f200000|  0%| F|  |TAMS 0x000000008f100000, 0x000000008f100000| Untracked 
| 242|0x000000008f200000, 0x000000008f200000, 0x000000008f300000|  0%| F|  |TAMS 0x000000008f200000, 0x000000008f200000| Untracked 
| 243|0x000000008f300000, 0x000000008f300000, 0x000000008f400000|  0%| F|  |TAMS 0x000000008f300000, 0x000000008f300000| Untracked 
| 244|0x000000008f400000, 0x000000008f400000, 0x000000008f500000|  0%| F|  |TAMS 0x000000008f400000, 0x000000008f400000| Untracked 
| 245|0x000000008f500000, 0x000000008f500000, 0x000000008f600000|  0%| F|  |TAMS 0x000000008f500000, 0x000000008f500000| Untracked 
| 246|0x000000008f600000, 0x000000008f600000, 0x000000008f700000|  0%| F|  |TAMS 0x000000008f600000, 0x000000008f600000| Untracked 
| 247|0x000000008f700000, 0x000000008f700000, 0x000000008f800000|  0%| F|  |TAMS 0x000000008f700000, 0x000000008f700000| Untracked 
| 248|0x000000008f800000, 0x000000008f800000, 0x000000008f900000|  0%| F|  |TAMS 0x000000008f800000, 0x000000008f800000| Untracked 
| 249|0x000000008f900000, 0x000000008f900000, 0x000000008fa00000|  0%| F|  |TAMS 0x000000008f900000, 0x000000008f900000| Untracked 
| 250|0x000000008fa00000, 0x000000008fa00000, 0x000000008fb00000|  0%| F|  |TAMS 0x000000008fa00000, 0x000000008fa00000| Untracked 
| 251|0x000000008fb00000, 0x000000008fb00000, 0x000000008fc00000|  0%| F|  |TAMS 0x000000008fb00000, 0x000000008fb00000| Untracked 
| 252|0x000000008fc00000, 0x000000008fc00000, 0x000000008fd00000|  0%| F|  |TAMS 0x000000008fc00000, 0x000000008fc00000| Untracked 
| 253|0x000000008fd00000, 0x000000008fd00000, 0x000000008fe00000|  0%| F|  |TAMS 0x000000008fd00000, 0x000000008fd00000| Untracked 
| 254|0x000000008fe00000, 0x000000008ff00000, 0x000000008ff00000|100%| O|  |TAMS 0x000000008ff00000, 0x000000008ff00000| Untracked 
| 255|0x000000008ff00000, 0x0000000090000000, 0x0000000090000000|100%| O|  |TAMS 0x0000000090000000, 0x0000000090000000| Untracked 
| 256|0x0000000090000000, 0x0000000090100000, 0x0000000090100000|100%| O|  |TAMS 0x0000000090100000, 0x0000000090100000| Untracked 
| 257|0x0000000090100000, 0x0000000090200000, 0x0000000090200000|100%| O|  |TAMS 0x0000000090200000, 0x0000000090200000| Untracked 
| 258|0x0000000090200000, 0x0000000090300000, 0x0000000090300000|100%| O|  |TAMS 0x0000000090300000, 0x0000000090300000| Untracked 

Card table byte_map: [0x000001b8c6f50000,0x000001b8c7350000] _byte_map_base: 0x000001b8c6b50000

Marking Bits (Prev, Next): (CMBitMap*) 0x000001b8b1e1a088, (CMBitMap*) 0x000001b8b1e1a0c0
 Prev Bits: [0x000001b8c7750000, 0x000001b8c9750000)
 Next Bits: [0x000001b8c9750000, 0x000001b8cb750000)

Polling page: 0x000001b8b1eb0000

Metaspace:

Usage:
  Non-class:    146.57 MB capacity,   143.16 MB ( 98%) used,     2.78 MB (  2%) free+waste,   646.69 KB ( <1%) overhead. 
      Class:     22.38 MB capacity,    20.47 MB ( 91%) used,     1.63 MB (  7%) free+waste,   285.19 KB (  1%) overhead. 
       Both:    168.95 MB capacity,   163.63 MB ( 97%) used,     4.41 MB (  3%) free+waste,   931.88 KB ( <1%) overhead. 

Virtual space:
  Non-class space:      148.00 MB reserved,     146.57 MB (>99%) committed 
      Class space:        1.00 GB reserved,      22.45 MB (  2%) committed 
             Both:        1.14 GB reserved,     169.02 MB ( 14%) committed 

Chunk freelists:
   Non-Class:  5.00 KB
       Class:  22.00 KB
        Both:  27.00 KB

MaxMetaspaceSize: 17179869184.00 GB
CompressedClassSpaceSize: 1.00 GB
Initial GC threshold: 20.80 MB
Current GC threshold: 277.96 MB
CDS: off

CodeHeap 'non-profiled nmethods': size=120000Kb used=29618Kb max_used=29618Kb free=90381Kb
 bounds [0x000001b8beb90000, 0x000001b8c0880000, 0x000001b8c60c0000]
CodeHeap 'profiled nmethods': size=120000Kb used=61939Kb max_used=64114Kb free=58060Kb
 bounds [0x000001b8b7660000, 0x000001b8bb510000, 0x000001b8beb90000]
CodeHeap 'non-nmethods': size=5760Kb used=2486Kb max_used=2545Kb free=3273Kb
 bounds [0x000001b8b70c0000, 0x000001b8b7350000, 0x000001b8b7660000]
 total_blobs=29620 nmethods=28604 adapters=926
 compilation: enabled
              stopped_count=0, restarted_count=0
 full_count=0

Compilation events (20 events):
Event: 7218.695 Thread 0x000001b8ceb0b000 35071       3       com.amazon.ion.impl.bin.IonRawBinaryWriter::writeString (275 bytes)
Event: 7218.697 Thread 0x000001b8ceb0b000 nmethod 35071 0x000001b8b9a2aa90 code [0x000001b8b9a2af80, 0x000001b8b9a2d278]
Event: 7218.697 Thread 0x000001b8ceb0b000 35076       3       com.amazon.ion.impl.bin.IonRawBinaryWriter$RecyclingStack::push (78 bytes)
Event: 7218.697 Thread 0x000001b8ceb0b000 nmethod 35076 0x000001b8b9a81610 code [0x000001b8b9a81820, 0x000001b8b9a81e38]
Event: 7218.698 Thread 0x000001b8ceb0b000 35073       3       com.amazon.ion.impl.bin.IonRawBinaryWriter$PatchList::append (43 bytes)
Event: 7218.698 Thread 0x000001b8ceb0b000 nmethod 35073 0x000001b8b9ac4b10 code [0x000001b8b9ac4ce0, 0x000001b8b9ac5138]
Event: 7218.698 Thread 0x000001b8ceb0b000 35074       3       com.amazon.ion.impl.bin.IonManagedBinaryWriter::writeString (18 bytes)
Event: 7218.698 Thread 0x000001b8ceb0b000 nmethod 35074 0x000001b8b9258210 code [0x000001b8b92583e0, 0x000001b8b92585f8]
Event: 7218.698 Thread 0x000001b8ceb0b000 35075       3       com.amazon.ion.impl.bin.IonManagedBinaryWriter$UserState::writeString (1 bytes)
Event: 7218.698 Thread 0x000001b8ceb0b000 nmethod 35075 0x000001b8b9444390 code [0x000001b8b9444540, 0x000001b8b9444638]
Event: 7218.698 Thread 0x000001b8ceb0b000 35072       3       org.jetbrains.plugins.gradle.tooling.serialization.ToolingStreamApiUtils::writeString (15 bytes)
Event: 7218.698 Thread 0x000001b8ceb0b000 nmethod 35072 0x000001b8b9286890 code [0x000001b8b9286a60, 0x000001b8b9286cd8]
Event: 7218.698 Thread 0x000001b8ceb0b000 35077       1       org.gradle.tooling.provider.model.internal.DefaultToolingModelBuilderRegistry$BuildOperationWrappingBuilder::access$500 (5 bytes)
Event: 7218.698 Thread 0x000001b8ceb0b000 nmethod 35077 0x000001b8c0878610 code [0x000001b8c08787c0, 0x000001b8c0878858]
Event: 7218.698 Thread 0x000001b8ceb0b000 35078       3       org.gradle.tooling.internal.adapter.ProtocolToModelAdapter$DefaultViewBuilder::mixInTo (21 bytes)
Event: 7218.698 Thread 0x000001b8ceb0b000 nmethod 35078 0x000001b8ba803d10 code [0x000001b8ba803f00, 0x000001b8ba804308]
Event: 7218.754 Thread 0x000001b8d45e3800 nmethod 35057 0x000001b8c0878910 code [0x000001b8c0878c60, 0x000001b8c087b5d0]
Event: 7218.754 Thread 0x000001b8d45e3800 35069       4       org.gradle.api.internal.file.collections.FileCollectionAdapter::getIntrinsicFiles (10 bytes)
Event: 7218.755 Thread 0x000001b8d45e3800 nmethod 35069 0x000001b8c087c710 code [0x000001b8c087c8a0, 0x000001b8c087c958]
Event: 7218.755 Thread 0x000001b8d45e3800 35070       4       java.util.LinkedHashSet::<init> (27 bytes)

GC Heap History (20 events):
Event: 7215.795 GC heap after
{Heap after GC invocations=163 (full 0):
 garbage-first heap   total 265216K, used 179769K [0x0000000080000000, 0x0000000100000000)
  region size 1024K, 1 young (1024K), 1 survivors (1024K)
 Metaspace       used 159134K, capacity 164373K, committed 164504K, reserved 1191936K
  class space    used 19871K, capacity 21724K, committed 21836K, reserved 1048576K
}
Event: 7215.896 GC heap before
{Heap before GC invocations=164 (full 0):
 garbage-first heap   total 265216K, used 217657K [0x0000000080000000, 0x0000000100000000)
  region size 1024K, 38 young (38912K), 1 survivors (1024K)
 Metaspace       used 159135K, capacity 164373K, committed 164504K, reserved 1191936K
  class space    used 19871K, capacity 21724K, committed 21836K, reserved 1048576K
}
Event: 7215.897 GC heap after
{Heap after GC invocations=165 (full 0):
 garbage-first heap   total 265216K, used 179831K [0x0000000080000000, 0x0000000100000000)
  region size 1024K, 1 young (1024K), 1 survivors (1024K)
 Metaspace       used 159135K, capacity 164373K, committed 164504K, reserved 1191936K
  class space    used 19871K, capacity 21724K, committed 21836K, reserved 1048576K
}
Event: 7215.994 GC heap before
{Heap before GC invocations=165 (full 0):
 garbage-first heap   total 265216K, used 219767K [0x0000000080000000, 0x0000000100000000)
  region size 1024K, 40 young (40960K), 1 survivors (1024K)
 Metaspace       used 159137K, capacity 164373K, committed 164504K, reserved 1191936K
  class space    used 19871K, capacity 21724K, committed 21836K, reserved 1048576K
}
Event: 7215.995 GC heap after
{Heap after GC invocations=166 (full 0):
 garbage-first heap   total 265216K, used 179939K [0x0000000080000000, 0x0000000100000000)
  region size 1024K, 1 young (1024K), 1 survivors (1024K)
 Metaspace       used 159137K, capacity 164373K, committed 164504K, reserved 1191936K
  class space    used 19871K, capacity 21724K, committed 21836K, reserved 1048576K
}
Event: 7216.172 GC heap before
{Heap before GC invocations=166 (full 0):
 garbage-first heap   total 265216K, used 221923K [0x0000000080000000, 0x0000000100000000)
  region size 1024K, 42 young (43008K), 1 survivors (1024K)
 Metaspace       used 159153K, capacity 164373K, committed 164504K, reserved 1191936K
  class space    used 19872K, capacity 21724K, committed 21836K, reserved 1048576K
}
Event: 7216.174 GC heap after
{Heap after GC invocations=167 (full 0):
 garbage-first heap   total 265216K, used 180104K [0x0000000080000000, 0x0000000100000000)
  region size 1024K, 1 young (1024K), 1 survivors (1024K)
 Metaspace       used 159153K, capacity 164373K, committed 164504K, reserved 1191936K
  class space    used 19872K, capacity 21724K, committed 21836K, reserved 1048576K
}
Event: 7216.477 GC heap before
{Heap before GC invocations=168 (full 0):
 garbage-first heap   total 265216K, used 214920K [0x0000000080000000, 0x0000000100000000)
  region size 1024K, 36 young (36864K), 1 survivors (1024K)
 Metaspace       used 162323K, capacity 167540K, committed 167704K, reserved 1196032K
  class space    used 20320K, capacity 22189K, committed 22220K, reserved 1048576K
}
Event: 7216.480 GC heap after
{Heap after GC invocations=169 (full 0):
 garbage-first heap   total 265216K, used 178529K [0x0000000080000000, 0x0000000100000000)
  region size 1024K, 2 young (2048K), 2 survivors (2048K)
 Metaspace       used 162323K, capacity 167540K, committed 167704K, reserved 1196032K
  class space    used 20320K, capacity 22189K, committed 22220K, reserved 1048576K
}
Event: 7216.988 GC heap before
{Heap before GC invocations=170 (full 0):
 garbage-first heap   total 265216K, used 233494K [0x0000000080000000, 0x0000000100000000)
  region size 1024K, 45 young (46080K), 2 survivors (2048K)
 Metaspace       used 164937K, capacity 170403K, committed 170520K, reserved 1198080K
  class space    used 20642K, capacity 22639K, committed 22732K, reserved 1048576K
}
Event: 7216.995 GC heap after
{Heap after GC invocations=171 (full 0):
 garbage-first heap   total 265216K, used 185480K [0x0000000080000000, 0x0000000100000000)
  region size 1024K, 4 young (4096K), 4 survivors (4096K)
 Metaspace       used 164937K, capacity 170403K, committed 170520K, reserved 1198080K
  class space    used 20642K, capacity 22639K, committed 22732K, reserved 1048576K
}
Event: 7217.152 GC heap before
{Heap before GC invocations=171 (full 0):
 garbage-first heap   total 265216K, used 192648K [0x0000000080000000, 0x0000000100000000)
  region size 1024K, 12 young (12288K), 4 survivors (4096K)
 Metaspace       used 164955K, capacity 170415K, committed 170520K, reserved 1198080K
  class space    used 20643K, capacity 22641K, committed 22732K, reserved 1048576K
}
Event: 7217.159 GC heap after
{Heap after GC invocations=172 (full 0):
 garbage-first heap   total 265216K, used 184645K [0x0000000080000000, 0x0000000100000000)
  region size 1024K, 1 young (1024K), 1 survivors (1024K)
 Metaspace       used 164955K, capacity 170415K, committed 170520K, reserved 1198080K
  class space    used 20643K, capacity 22641K, committed 22732K, reserved 1048576K
}
Event: 7217.916 GC heap before
{Heap before GC invocations=172 (full 0):
 garbage-first heap   total 265216K, used 225605K [0x0000000080000000, 0x0000000100000000)
  region size 1024K, 42 young (43008K), 1 survivors (1024K)
 Metaspace       used 165234K, capacity 170703K, committed 170776K, reserved 1198080K
  class space    used 20678K, capacity 22673K, committed 22732K, reserved 1048576K
}
Event: 7217.920 GC heap after
{Heap after GC invocations=173 (full 0):
 garbage-first heap   total 265216K, used 185795K [0x0000000080000000, 0x0000000100000000)
  region size 1024K, 2 young (2048K), 2 survivors (2048K)
 Metaspace       used 165234K, capacity 170703K, committed 170776K, reserved 1198080K
  class space    used 20678K, capacity 22673K, committed 22732K, reserved 1048576K
}
Event: 7218.440 GC heap before
{Heap before GC invocations=174 (full 0):
 garbage-first heap   total 265216K, used 220611K [0x0000000080000000, 0x0000000100000000)
  region size 1024K, 43 young (44032K), 2 survivors (2048K)
 Metaspace       used 165829K, capacity 171288K, committed 171288K, reserved 1198080K
  class space    used 20738K, capacity 22732K, committed 22732K, reserved 1048576K
}
Event: 7218.445 GC heap after
{Heap after GC invocations=175 (full 0):
 garbage-first heap   total 265216K, used 181879K [0x0000000080000000, 0x0000000100000000)
  region size 1024K, 4 young (4096K), 4 survivors (4096K)
 Metaspace       used 165829K, capacity 171288K, committed 171288K, reserved 1198080K
  class space    used 20738K, capacity 22732K, committed 22732K, reserved 1048576K
}
Event: 7218.503 GC heap before
{Heap before GC invocations=175 (full 0):
 garbage-first heap   total 265216K, used 190071K [0x0000000080000000, 0x0000000100000000)
  region size 1024K, 12 young (12288K), 4 survivors (4096K)
 Metaspace       used 166136K, capacity 171600K, committed 171928K, reserved 1198080K
  class space    used 20783K, capacity 22771K, committed 22860K, reserved 1048576K
}
Event: 7218.510 GC heap after
{Heap after GC invocations=176 (full 0):
 garbage-first heap   total 265216K, used 182439K [0x0000000080000000, 0x0000000100000000)
  region size 1024K, 2 young (2048K), 2 survivors (2048K)
 Metaspace       used 166136K, capacity 171600K, committed 171928K, reserved 1198080K
  class space    used 20783K, capacity 22771K, committed 22860K, reserved 1048576K
}
Event: 7218.757 GC heap before
{Heap before GC invocations=176 (full 0):
 garbage-first heap   total 265216K, used 224423K [0x0000000080000000, 0x0000000100000000)
  region size 1024K, 43 young (44032K), 2 survivors (2048K)
 Metaspace       used 167560K, capacity 173009K, committed 173080K, reserved 1200128K
  class space    used 20965K, capacity 22922K, committed 22988K, reserved 1048576K
}

Deoptimization events (20 events):
Event: 7218.691 Thread 0x000001b8d9814800 Uncommon trap: trap_request=0xffffffde fr.pc=0x000001b8bf9c1504 relative=0x0000000000000064
Event: 7218.691 Thread 0x000001b8d9814800 Uncommon trap: reason=class_check action=maybe_recompile pc=0x000001b8bf9c1504 method=org.gradle.api.internal.file.collections.FileCollectionAdapter.getIntrinsicFiles()Ljava/util/Set; @ 4 c2
Event: 7218.691 Thread 0x000001b8d9814800 DEOPT PACKING pc=0x000001b8bf9c1504 sp=0x00000068119fafb0
Event: 7218.691 Thread 0x000001b8d9814800 DEOPT UNPACKING pc=0x000001b8b710a1af sp=0x00000068119faf40 mode 2
Event: 7218.691 Thread 0x000001b8d9814800 Uncommon trap: trap_request=0xffffffde fr.pc=0x000001b8bf9c1504 relative=0x0000000000000064
Event: 7218.691 Thread 0x000001b8d9814800 Uncommon trap: reason=class_check action=maybe_recompile pc=0x000001b8bf9c1504 method=org.gradle.api.internal.file.collections.FileCollectionAdapter.getIntrinsicFiles()Ljava/util/Set; @ 4 c2
Event: 7218.691 Thread 0x000001b8d9814800 DEOPT PACKING pc=0x000001b8bf9c1504 sp=0x00000068119fafb0
Event: 7218.691 Thread 0x000001b8d9814800 DEOPT UNPACKING pc=0x000001b8b710a1af sp=0x00000068119faf40 mode 2
Event: 7218.697 Thread 0x000001b8d9814800 Uncommon trap: trap_request=0xffffffde fr.pc=0x000001b8bf070c00 relative=0x0000000000000560
Event: 7218.697 Thread 0x000001b8d9814800 Uncommon trap: reason=class_check action=maybe_recompile pc=0x000001b8bf070c00 method=java.util.regex.Matcher.search(I)Z @ 121 c2
Event: 7218.697 Thread 0x000001b8d9814800 DEOPT PACKING pc=0x000001b8bf070c00 sp=0x00000068119fb1b0
Event: 7218.697 Thread 0x000001b8d9814800 DEOPT UNPACKING pc=0x000001b8b710a1af sp=0x00000068119fb0f8 mode 2
Event: 7218.697 Thread 0x000001b8d9814800 Uncommon trap: trap_request=0xffffffde fr.pc=0x000001b8bef0de58 relative=0x0000000000000538
Event: 7218.697 Thread 0x000001b8d9814800 Uncommon trap: reason=class_check action=maybe_recompile pc=0x000001b8bef0de58 method=java.util.regex.Matcher.search(I)Z @ 121 c2
Event: 7218.697 Thread 0x000001b8d9814800 DEOPT PACKING pc=0x000001b8bef0de58 sp=0x00000068119fb3d0
Event: 7218.697 Thread 0x000001b8d9814800 DEOPT UNPACKING pc=0x000001b8b710a1af sp=0x00000068119fb390 mode 2
Event: 7218.697 Thread 0x000001b8d9814800 Uncommon trap: trap_request=0xffffffc6 fr.pc=0x000001b8c00692f0 relative=0x00000000000004f0
Event: 7218.697 Thread 0x000001b8d9814800 Uncommon trap: reason=bimorphic_or_optimized_type_check action=maybe_recompile pc=0x000001b8c00692f0 method=com.google.common.collect.Iterators$5.computeNext()Ljava/lang/Object; @ 16 c2
Event: 7218.697 Thread 0x000001b8d9814800 DEOPT PACKING pc=0x000001b8c00692f0 sp=0x00000068119fb140
Event: 7218.697 Thread 0x000001b8d9814800 DEOPT UNPACKING pc=0x000001b8b710a1af sp=0x00000068119fb100 mode 2

Classes redefined (0 events):
No events

Internal exceptions (20 events):
Event: 7218.634 Thread 0x000001b8d9814800 Exception <a 'java/lang/ClassNotFoundException'{0x000000008fbdec90}: org/gradle/api/internal/project/DefaultAntBuilderBeanInfo> (0x000000008fbdec90) thrown at [./src/hotspot/share/classfile/systemDictionary.cpp, line 231]
Event: 7218.635 Thread 0x000001b8d9814800 Exception <a 'java/lang/ClassNotFoundException'{0x000000008fbf64b0}: org/gradle/api/internal/project/ant/BasicAntBuilderBeanInfo> (0x000000008fbf64b0) thrown at [./src/hotspot/share/classfile/systemDictionary.cpp, line 231]
Event: 7218.635 Thread 0x000001b8d9814800 Exception <a 'java/lang/ClassNotFoundException'{0x000000008fa093a8}: org/gradle/api/AntBuilderBeanInfo> (0x000000008fa093a8) thrown at [./src/hotspot/share/classfile/systemDictionary.cpp, line 231]
Event: 7218.636 Thread 0x000001b8d9814800 Exception <a 'java/lang/ClassNotFoundException'{0x000000008fa52560}: groovy/util/AntBuilderBeanInfo> (0x000000008fa52560) thrown at [./src/hotspot/share/classfile/systemDictionary.cpp, line 231]
Event: 7218.636 Thread 0x000001b8d9814800 Exception <a 'java/lang/ClassNotFoundException'{0x000000008fa9c2e8}: groovy/util/BuilderSupportBeanInfo> (0x000000008fa9c2e8) thrown at [./src/hotspot/share/classfile/systemDictionary.cpp, line 231]
Event: 7218.636 Thread 0x000001b8d9814800 Exception <a 'java/lang/ClassNotFoundException'{0x000000008fae6650}: groovy/util/BuilderSupportCustomizer> (0x000000008fae6650) thrown at [./src/hotspot/share/classfile/systemDictionary.cpp, line 231]
Event: 7218.637 Thread 0x000001b8d9814800 Exception <a 'java/lang/ClassNotFoundException'{0x000000008f931fe0}: groovy/util/AntBuilderCustomizer> (0x000000008f931fe0) thrown at [./src/hotspot/share/classfile/systemDictionary.cpp, line 231]
Event: 7218.637 Thread 0x000001b8d9814800 Exception <a 'java/lang/ClassNotFoundException'{0x000000008f94a838}: org/gradle/api/AntBuilderCustomizer> (0x000000008f94a838) thrown at [./src/hotspot/share/classfile/systemDictionary.cpp, line 231]
Event: 7218.638 Thread 0x000001b8d9814800 Exception <a 'java/lang/ClassNotFoundException'{0x000000008f96d5a8}: org/gradle/api/internal/project/ant/BasicAntBuilderCustomizer> (0x000000008f96d5a8) thrown at [./src/hotspot/share/classfile/systemDictionary.cpp, line 231]
Event: 7218.639 Thread 0x000001b8d9814800 Exception <a 'java/lang/ClassNotFoundException'{0x000000008f997808}: org/gradle/api/internal/project/DefaultAntBuilderCustomizer> (0x000000008f997808) thrown at [./src/hotspot/share/classfile/systemDictionary.cpp, line 231]
Event: 7218.674 Thread 0x000001b8d9814800 Exception <a 'java/lang/ClassNotFoundException'{0x000000008f0fad30}: java/util/CollectionBeanInfo> (0x000000008f0fad30) thrown at [./src/hotspot/share/classfile/systemDictionary.cpp, line 231]
Event: 7218.675 Thread 0x000001b8d9814800 Exception <a 'java/lang/ClassNotFoundException'{0x000000008ef04470}: java/util/CollectionCustomizer> (0x000000008ef04470) thrown at [./src/hotspot/share/classfile/systemDictionary.cpp, line 231]
Event: 7218.682 Thread 0x000001b8d9814800 Exception <a 'java/lang/ClassNotFoundException'{0x000000008ef883c8}: org/gradle/api/tasks/SourceSetBeanInfo> (0x000000008ef883c8) thrown at [./src/hotspot/share/classfile/systemDictionary.cpp, line 231]
Event: 7218.683 Thread 0x000001b8d9814800 Exception <a 'java/lang/ClassNotFoundException'{0x000000008efa4338}: org/gradle/api/tasks/SourceSetCustomizer> (0x000000008efa4338) thrown at [./src/hotspot/share/classfile/systemDictionary.cpp, line 231]
Event: 7218.685 Thread 0x000001b8d9814800 Exception <a 'java/lang/ClassNotFoundException'{0x000000008ee242e0}: java/util/LinkedHashMapBeanInfo> (0x000000008ee242e0) thrown at [./src/hotspot/share/classfile/systemDictionary.cpp, line 231]
Event: 7218.686 Thread 0x000001b8d9814800 Exception <a 'java/lang/ClassNotFoundException'{0x000000008ee2cc90}: java/util/HashMapBeanInfo> (0x000000008ee2cc90) thrown at [./src/hotspot/share/classfile/systemDictionary.cpp, line 231]
Event: 7218.686 Thread 0x000001b8d9814800 Exception <a 'java/lang/ClassNotFoundException'{0x000000008ee366a0}: java/util/AbstractMapBeanInfo> (0x000000008ee366a0) thrown at [./src/hotspot/share/classfile/systemDictionary.cpp, line 231]
Event: 7218.686 Thread 0x000001b8d9814800 Exception <a 'java/lang/ClassNotFoundException'{0x000000008ee3f970}: java/util/AbstractMapCustomizer> (0x000000008ee3f970) thrown at [./src/hotspot/share/classfile/systemDictionary.cpp, line 231]
Event: 7218.686 Thread 0x000001b8d9814800 Exception <a 'java/lang/ClassNotFoundException'{0x000000008ee52630}: java/util/HashMapCustomizer> (0x000000008ee52630) thrown at [./src/hotspot/share/classfile/systemDictionary.cpp, line 231]
Event: 7218.687 Thread 0x000001b8d9814800 Exception <a 'java/lang/ClassNotFoundException'{0x000000008ee72c68}: java/util/LinkedHashMapCustomizer> (0x000000008ee72c68) thrown at [./src/hotspot/share/classfile/systemDictionary.cpp, line 231]

Events (20 events):
Event: 7218.752 loading class com/amazon/ion/impl/lite/IonClobLite done
Event: 7218.753 loading class com/amazon/ion/impl/lite/IonLobLite
Event: 7218.753 loading class com/amazon/ion/impl/lite/IonLobLite done
Event: 7218.753 loading class com/amazon/ion/impl/lite/IonBlobLite
Event: 7218.753 loading class com/amazon/ion/impl/lite/IonBlobLite done
Event: 7218.754 loading class com/amazon/ion/impl/lite/IonListLite
Event: 7218.754 loading class com/amazon/ion/impl/lite/IonListLite done
Event: 7218.754 loading class com/amazon/ion/impl/lite/IonSequenceLite
Event: 7218.754 loading class com/amazon/ion/impl/lite/IonSequenceLite done
Event: 7218.755 loading class com/amazon/ion/impl/lite/IonContainerLite
Event: 7218.755 loading class com/amazon/ion/impl/lite/IonContainerLite done
Event: 7218.755 loading class com/amazon/ion/impl/_Private_IonContainer
Event: 7218.755 loading class com/amazon/ion/impl/_Private_IonContainer done
Event: 7218.756 loading class com/amazon/ion/impl/lite/IonContext
Event: 7218.756 loading class com/amazon/ion/impl/lite/IonContext done
Event: 7218.756 loading class com/amazon/ion/impl/lite/IonSexpLite
Event: 7218.756 loading class com/amazon/ion/impl/lite/IonSexpLite done
Event: 7218.757 loading class com/amazon/ion/impl/lite/IonStructLite
Event: 7218.757 loading class com/amazon/ion/impl/lite/IonStructLite done
Event: 7218.757 Executing VM operation: G1CollectForAllocation


Dynamic libraries:
0x00007ff69b700000 - 0x00007ff69b70a000 	C:\Program Files\Android\Android Studio\jre\bin\java.exe
0x00007ffc6bb50000 - 0x00007ffc6bd45000 	C:\Windows\SYSTEM32\ntdll.dll
0x00007ffc6b160000 - 0x00007ffc6b21d000 	C:\Windows\System32\KERNEL32.DLL
0x00007ffc69620000 - 0x00007ffc698e8000 	C:\Windows\System32\KERNELBASE.dll
0x00007ffc69390000 - 0x00007ffc69490000 	C:\Windows\System32\ucrtbase.dll
0x00007ffc3e2e0000 - 0x00007ffc3e2f9000 	C:\Program Files\Android\Android Studio\jre\bin\jli.dll
0x00007ffc6b890000 - 0x00007ffc6ba30000 	C:\Windows\System32\USER32.dll
0x00007ffc69b00000 - 0x00007ffc69b22000 	C:\Windows\System32\win32u.dll
0x00007ffc6b470000 - 0x00007ffc6b49a000 	C:\Windows\System32\GDI32.dll
0x00007ffc699f0000 - 0x00007ffc69afb000 	C:\Windows\System32\gdi32full.dll
0x00007ffc69290000 - 0x00007ffc6932d000 	C:\Windows\System32\msvcp_win.dll
0x00007ffc3e1c0000 - 0x00007ffc3e1d7000 	C:\Program Files\Android\Android Studio\jre\bin\VCRUNTIME140.dll
0x00007ffc532e0000 - 0x00007ffc5357a000 	C:\Windows\WinSxS\amd64_microsoft.windows.common-controls_6595b64144ccf1df_6.0.19041.844_none_ca00b6081b84eb1d\COMCTL32.dll
0x00007ffc6a280000 - 0x00007ffc6a31e000 	C:\Windows\System32\msvcrt.dll
0x00007ffc69c70000 - 0x00007ffc69ca0000 	C:\Windows\System32\IMM32.DLL
0x00007ffc6b4a0000 - 0x00007ffc6b5cb000 	C:\Windows\System32\RPCRT4.dll
0x00007ffc69180000 - 0x00007ffc691b1000 	C:\Windows\SYSTEM32\SspiCli.dll
0x00007ffc1ee20000 - 0x00007ffc1eebd000 	C:\Program Files\Android\Android Studio\jre\bin\msvcp140.dll
0x00007ffc0a050000 - 0x00007ffc0ab52000 	C:\Program Files\Android\Android Studio\jre\bin\server\jvm.dll
0x00007ffc6b7e0000 - 0x00007ffc6b88c000 	C:\Windows\System32\ADVAPI32.dll
0x00007ffc6b3d0000 - 0x00007ffc6b46b000 	C:\Windows\System32\sechost.dll
0x00007ffc6b7d0000 - 0x00007ffc6b7d8000 	C:\Windows\System32\PSAPI.DLL
0x00007ffc4b8d0000 - 0x00007ffc4b8d9000 	C:\Windows\SYSTEM32\WSOCK32.dll
0x00007ffc6a3f0000 - 0x00007ffc6a45b000 	C:\Windows\System32\WS2_32.dll
0x00007ffc57d00000 - 0x00007ffc57d27000 	C:\Windows\SYSTEM32\WINMM.dll
0x00007ffc5fd40000 - 0x00007ffc5fd4a000 	C:\Windows\SYSTEM32\VERSION.dll
0x00007ffc673c0000 - 0x00007ffc673d2000 	C:\Windows\SYSTEM32\kernel.appcore.dll
0x00007ffc5e730000 - 0x00007ffc5e741000 	C:\Program Files\Android\Android Studio\jre\bin\verify.dll
0x00007ffc66ee0000 - 0x00007ffc670c4000 	C:\Windows\SYSTEM32\DBGHELP.DLL
0x00007ffc54d10000 - 0x00007ffc54d3c000 	C:\Windows\SYSTEM32\dbgcore.DLL
0x00007ffc69b30000 - 0x00007ffc69bb3000 	C:\Windows\System32\bcryptPrimitives.dll
0x00007ffc37e50000 - 0x00007ffc37e79000 	C:\Program Files\Android\Android Studio\jre\bin\java.dll
0x00007ffc65710000 - 0x00007ffc6571b000 	C:\Program Files\Android\Android Studio\jre\bin\jimage.dll
0x00007ffc5e690000 - 0x00007ffc5e6a8000 	C:\Program Files\Android\Android Studio\jre\bin\zip.dll
0x00007ffc6a460000 - 0x00007ffc6ab9f000 	C:\Windows\System32\SHELL32.dll
0x00007ffc673e0000 - 0x00007ffc67b70000 	C:\Windows\SYSTEM32\windows.storage.dll
0x00007ffc69d70000 - 0x00007ffc6a0c5000 	C:\Windows\System32\combase.dll
0x00007ffc68d00000 - 0x00007ffc68d2c000 	C:\Windows\SYSTEM32\Wldp.dll
0x00007ffc6a340000 - 0x00007ffc6a3ee000 	C:\Windows\System32\SHCORE.dll
0x00007ffc6bab0000 - 0x00007ffc6bb05000 	C:\Windows\System32\shlwapi.dll
0x00007ffc691d0000 - 0x00007ffc691ef000 	C:\Windows\SYSTEM32\profapi.dll
0x00007ffc405e0000 - 0x00007ffc405fa000 	C:\Program Files\Android\Android Studio\jre\bin\net.dll
0x00007ffc60d10000 - 0x00007ffc60e1b000 	C:\Windows\SYSTEM32\WINHTTP.dll
0x00007ffc68a70000 - 0x00007ffc68ada000 	C:\Windows\system32\mswsock.dll
0x00007ffc3f2b0000 - 0x00007ffc3f2c4000 	C:\Program Files\Android\Android Studio\jre\bin\nio.dll
0x00007ffc3e300000 - 0x00007ffc3e327000 	C:\Users\Hacking\.gradle\native\e1d6ef7f7dcc3fd88c89a11ec53ec762bb8ba0a96d01ffa2cd45eb1d1d8dd5c5\windows-amd64\native-platform.dll
0x00007ffc17510000 - 0x00007ffc17654000 	C:\Users\Hacking\.gradle\native\0d407fdbe67a94daf76414ababcb853783967236a71b16ec16e742cd7a986fd3\windows-amd64\native-platform-file-events.dll
0x00007ffc655b0000 - 0x00007ffc655ba000 	C:\Program Files\Android\Android Studio\jre\bin\management.dll
0x00007ffc5e720000 - 0x00007ffc5e72d000 	C:\Program Files\Android\Android Studio\jre\bin\management_ext.dll
0x00007ffc68c40000 - 0x00007ffc68c58000 	C:\Windows\SYSTEM32\CRYPTSP.dll
0x00007ffc683a0000 - 0x00007ffc683d4000 	C:\Windows\system32\rsaenh.dll
0x00007ffc69490000 - 0x00007ffc694b7000 	C:\Windows\System32\bcrypt.dll
0x00007ffc69150000 - 0x00007ffc6917e000 	C:\Windows\SYSTEM32\USERENV.dll
0x00007ffc68c60000 - 0x00007ffc68c6c000 	C:\Windows\SYSTEM32\CRYPTBASE.dll
0x00007ffc68710000 - 0x00007ffc6874b000 	C:\Windows\SYSTEM32\IPHLPAPI.DLL
0x00007ffc6a320000 - 0x00007ffc6a328000 	C:\Windows\System32\NSI.dll
0x00007ffc62720000 - 0x00007ffc62737000 	C:\Windows\SYSTEM32\dhcpcsvc6.DLL
0x00007ffc62540000 - 0x00007ffc6255d000 	C:\Windows\SYSTEM32\dhcpcsvc.DLL
0x00007ffc68760000 - 0x00007ffc6882c000 	C:\Windows\SYSTEM32\DNSAPI.dll
0x00007ffc37aa0000 - 0x00007ffc37ac7000 	C:\Program Files\Android\Android Studio\jre\bin\sunec.dll

dbghelp: loaded successfully - version: 4.0.5 - missing functions: none
symbol engine: initialized successfully - sym options: 0x614 - pdb path: .;C:\Program Files\Android\Android Studio\jre\bin;C:\Windows\SYSTEM32;C:\Windows\WinSxS\amd64_microsoft.windows.common-controls_6595b64144ccf1df_6.0.19041.844_none_ca00b6081b84eb1d;C:\Program Files\Android\Android Studio\jre\bin\server;C:\Users\Hacking\.gradle\native\e1d6ef7f7dcc3fd88c89a11ec53ec762bb8ba0a96d01ffa2cd45eb1d1d8dd5c5\windows-amd64;C:\Users\Hacking\.gradle\native\0d407fdbe67a94daf76414ababcb853783967236a71b16ec16e742cd7a986fd3\windows-amd64

VM Arguments:
jvm_args: --add-opens=java.base/java.util=ALL-UNNAMED --add-opens=java.base/java.lang=ALL-UNNAMED --add-opens=java.base/java.lang.invoke=ALL-UNNAMED --add-opens=java.base/java.util=ALL-UNNAMED --add-opens=java.prefs/java.util.prefs=ALL-UNNAMED --add-opens=java.prefs/java.util.prefs=ALL-UNNAMED --add-opens=java.base/java.nio.charset=ALL-UNNAMED --add-opens=java.base/java.net=ALL-UNNAMED --add-opens=java.base/java.util.concurrent.atomic=ALL-UNNAMED -Xmx2048m -Dfile.encoding=UTF-8 -Duser.country=US -Duser.language=en -Duser.variant 
java_command: org.gradle.launcher.daemon.bootstrap.GradleDaemon 7.4
java_class_path (initial): C:\Users\Hacking\.gradle\wrapper\dists\gradle-7.4-bin\c0gwcg53nkjbqw7r0h0umtfvt\gradle-7.4\lib\gradle-launcher-7.4.jar
Launcher Type: SUN_STANDARD

[Global flags]
     intx CICompilerCount                          = 4                                         {product} {ergonomic}
     uint ConcGCThreads                            = 2                                         {product} {ergonomic}
     uint G1ConcRefinementThreads                  = 8                                         {product} {ergonomic}
   size_t G1HeapRegionSize                         = 1048576                                   {product} {ergonomic}
    uintx GCDrainStackTargetSize                   = 64                                        {product} {ergonomic}
   size_t InitialHeapSize                          = 266338304                                 {product} {ergonomic}
   size_t MarkStackSize                            = 4194304                                   {product} {ergonomic}
   size_t MaxHeapSize                              = 2147483648                                {product} {command line}
   size_t MaxNewSize                               = 1287651328                                {product} {ergonomic}
   size_t MinHeapDeltaBytes                        = 1048576                                   {product} {ergonomic}
    uintx NonNMethodCodeHeapSize                   = 5836300                                {pd product} {ergonomic}
    uintx NonProfiledCodeHeapSize                  = 122910970                              {pd product} {ergonomic}
    uintx ProfiledCodeHeapSize                     = 122910970                              {pd product} {ergonomic}
    uintx ReservedCodeCacheSize                    = 251658240                              {pd product} {ergonomic}
     bool SegmentedCodeCache                       = true                                      {product} {ergonomic}
     bool UseCompressedClassPointers               = true                                 {lp64_product} {ergonomic}
     bool UseCompressedOops                        = true                                 {lp64_product} {ergonomic}
     bool UseG1GC                                  = true                                      {product} {ergonomic}
     bool UseLargePagesIndividualAllocation        = false                                  {pd product} {ergonomic}

Logging:
Log output configuration:
 #0: stdout all=warning uptime,level,tags
 #1: stderr all=off uptime,level,tags

Environment Variables:
PATH=C:\Program Files (x86)\VMware\VMware Workstation\bin\;C:\Program Files (x86)\Common Files\Oracle\Java\javapath;C:\Program Files\NVIDIA GPU Computing Toolkit\CUDA\v11.7\bin;C:\Program Files\NVIDIA GPU Computing Toolkit\CUDA\v11.7\libnvvp;C:\Windows\system32;C:\Windows;C:\Windows\System32\Wbem;C:\Windows\System32\WindowsPowerShell\v1.0\;C:\Windows\System32\OpenSSH\;C:\Program Files\Git\cmd;C:\Program Files\Microsoft SQL Server\130\Tools\Binn\;C:\Program Files\Microsoft SQL Server\150\Tools\Binn\;C:\Program Files\NVIDIA Corporation\NVIDIA NvDLISR;C:\Program Files (x86)\NVIDIA Corporation\PhysX\Common;C:\Program Files\NVIDIA Corporation\Nsight Compute 2022.2.1\;C:\Program Files\dotnet\;C:\Users\Hacking\miniconda3;C:\Users\Hacking\miniconda3\Library\mingw-w64\bin;C:\Users\Hacking\miniconda3\Library\usr\bin;C:\Users\Hacking\miniconda3\Library\bin;C:\Users\Hacking\miniconda3\Scripts;C:\Users\Hacking\AppData\Local\Microsoft\WindowsApps;C:\Users\Hacking\AppData\Local\Programs\Microsoft VS Code\bin;C:\Program Files\NVIDIA GPU Computing Toolkit\CUDA\v11.7\bin;C:\Program Files\NVIDIA GPU Computing Toolkit\CUDA\v11.7\libnvvp;C:\src\flutter\bin;
USERNAME=Hacking
OS=Windows_NT
PROCESSOR_IDENTIFIER=Intel64 Family 6 Model 165 Stepping 2, GenuineIntel



---------------  S Y S T E M  ---------------

OS: Windows 10 , 64 bit Build 19041 (10.0.19041.1021)
OS uptime: 5 days 4:25 hours

CPU:total 8 (initial active 8) (4 cores per cpu, 2 threads per core) family 6 model 165 stepping 2 microcode 0xc8, cmov, cx8, fxsr, mmx, sse, sse2, sse3, ssse3, sse4.1, sse4.2, popcnt, avx, avx2, aes, clmul, erms, 3dnowpref, lzcnt, ht, tsc, tscinvbit, bmi1, bmi2, adx, fma

Memory: 4k page, system-wide physical 16221M (1128M free)
TotalPageFile size 28509M (AvailPageFile size 38M)
current process WorkingSet (physical memory assigned to process): 676M, peak: 680M
current process commit charge ("private bytes"): 772M, peak: 825M

vm_info: OpenJDK 64-Bit Server VM (11.0.13+0-b1751.21-8125866) for windows-amd64 JRE (11.0.13+0-b1751.21-8125866), built on Feb  2 2022 03:00:22 by "builder" with MS VC++ 14.0 (VS2015)

END.
